#
# There is insufficient memory for the Java Runtime Environment to continue.
# Native memory allocation (malloc) failed to allocate 1034544 bytes for Chunk::new
# Possible reasons:
#   The system is out of physical RAM or swap space
#   The process is running with CompressedOops enabled, and the Java Heap may be blocking the growth of the native heap
# Possible solutions:
#   Reduce memory load on the system
#   Increase physical memory or swap space
#   Check if swap backing store is full
#   Decrease Java heap size (-Xmx/-Xms)
#   Decrease number of Java threads
#   Decrease Java thread stack sizes (-Xss)
#   Set larger code cache with -XX:ReservedCodeCacheSize=
#   JVM is running with Unscaled Compressed Oops mode in which the Java heap is
#     placed in the first 4GB address space. The Java Heap base address is the
#     maximum limit for the native heap growth. Please use -XX:HeapBaseMinAddress
#     to set the Java Heap base and to place the Java Heap above 4GB virtual address.
# This output file may be truncated or incomplete.
#
#  Out of Memory Error (arena.cpp:189), pid=5752, tid=33600
#
# JRE version: OpenJDK Runtime Environment (17.0.6) (build 17.0.6+0-b2043.56-10027231)
# Java VM: OpenJDK 64-Bit Server VM (17.0.6+0-b2043.56-10027231, mixed mode, tiered, compressed oops, compressed class ptrs, g1 gc, windows-amd64)
# No core dump will be written. Minidumps are not enabled by default on client versions of Windows
#

---------------  S U M M A R Y ------------

Command Line: --add-opens=java.base/java.util=ALL-UNNAMED --add-opens=java.base/java.lang=ALL-UNNAMED --add-opens=java.base/java.lang.invoke=ALL-UNNAMED --add-opens=java.prefs/java.util.prefs=ALL-UNNAMED --add-opens=java.base/java.nio.charset=ALL-UNNAMED --add-opens=java.base/java.net=ALL-UNNAMED --add-opens=java.base/java.util.concurrent.atomic=ALL-UNNAMED -Xmx2048M -Dfile.encoding=UTF-8 -Duser.country=RU -Duser.language=ru -Duser.variant -javaagent:C:\Users\artem\.gradle\wrapper\dists\gradle-8.1.1-bin\9wiye5v2saajue4irfo8ybqfp\gradle-8.1.1\lib\agents\gradle-instrumentation-agent-8.1.1.jar org.gradle.launcher.daemon.bootstrap.GradleDaemon 8.1.1

Host: 12th Gen Intel(R) Core(TM) i5-1235U, 12 cores, 15G,  Windows 11 , 64 bit Build 22621 (10.0.22621.2215)
Time: Sun Oct 15 03:28:57 2023 RTZ 2 (s 11 , 64 bit Build 22621 (10.0.22621.2215) elapsed time: 49.307569 seconds (0d 0h 0m 49s)

---------------  T H R E A D  ---------------

Current thread (0x0000022f828982b0):  JavaThread "C2 CompilerThread0" daemon [_thread_in_native, id=33600, stack(0x000000a3dc200000,0x000000a3dc300000)]


Current CompileTask:
C2:  49307 12849       4       jdk.internal.org.objectweb.asm.MethodWriter::computeAllFrames (510 bytes)

Stack: [0x000000a3dc200000,0x000000a3dc300000]
Native frames: (J=compiled Java code, j=interpreted, Vv=VM code, C=native code)
V  [jvm.dll+0x683c9a]
V  [jvm.dll+0x8427a4]
V  [jvm.dll+0x843f9e]
V  [jvm.dll+0x844603]
V  [jvm.dll+0x249b75]
V  [jvm.dll+0xabcac]
V  [jvm.dll+0xac27c]
V  [jvm.dll+0x368857]
V  [jvm.dll+0x1bced2]
V  [jvm.dll+0x21c359]
V  [jvm.dll+0x21b621]
V  [jvm.dll+0x1a4fdd]
V  [jvm.dll+0x22b098]
V  [jvm.dll+0x229159]
V  [jvm.dll+0x7f81ec]
V  [jvm.dll+0x7f274a]
V  [jvm.dll+0x682ad5]
C  [ucrtbase.dll+0x29363]
C  [KERNEL32.DLL+0x1257d]
C  [ntdll.dll+0x5aa68]


---------------  P R O C E S S  ---------------

Threads class SMR info:
_java_thread_list=0x0000022f91100e00, length=105, elements={
0x0000022fe794fec0, 0x0000022f8283e490, 0x0000022f8283f300, 0x0000022f82891850,
0x0000022f82893220, 0x0000022f82896480, 0x0000022f82896e30, 0x0000022f828982b0,
0x0000022f828ae5c0, 0x0000022f828c3b50, 0x0000022f8291b160, 0x0000022f82b269a0,
0x0000022f854df140, 0x0000022f8535fc40, 0x0000022f8581a0e0, 0x0000022f8450a420,
0x0000022f84ebe600, 0x0000022f85149660, 0x0000022f84e0a0a0, 0x0000022f833433d0,
0x0000022f83342f00, 0x0000022f833438a0, 0x0000022f83342090, 0x0000022f83342560,
0x0000022f83ffbe10, 0x0000022f83ff62a0, 0x0000022f83ff6c40, 0x0000022f83ffafa0,
0x0000022f83ffb940, 0x0000022f83ff7110, 0x0000022f83ffb470, 0x0000022f83ffc7b0,
0x0000022f83ffcc80, 0x0000022f83ff5430, 0x0000022f83ff75e0, 0x0000022f83ff92c0,
0x0000022f83ff7ab0, 0x0000022f83ff5900, 0x0000022f83ff5dd0, 0x0000022f83ff6770,
0x0000022f83ff8450, 0x0000022f83ff8920, 0x0000022f83ff9790, 0x0000022f83ffa600,
0x0000022f83ff8df0, 0x0000022f83ffa130, 0x0000022f859e3470, 0x0000022f909df290,
0x0000022f909e0100, 0x0000022f90cd72b0, 0x0000022f90cd6de0, 0x0000022f85e0d200,
0x0000022f85e0d6d0, 0x0000022f85e0cd30, 0x0000022f85e0bec0, 0x0000022f85e0c390,
0x0000022f85e0c860, 0x0000022f90d51290, 0x0000022f90d53910, 0x0000022f90d51760,
0x0000022f90670550, 0x0000022f91339470, 0x0000022f90cd5aa0, 0x0000022f91338ad0,
0x0000022f91338fa0, 0x0000022f91338130, 0x0000022f861b5170, 0x0000022f861b4ca0,
0x0000022f861b4300, 0x0000022f861b5640, 0x0000022f861b47d0, 0x0000022f861b3e30,
0x0000022f88b20b10, 0x0000022f88b21980, 0x0000022f88b20640, 0x0000022f88b21e50,
0x0000022f88b20fe0, 0x0000022f88b214b0, 0x0000022f85a52dc0, 0x0000022f85a52420,
0x0000022f85a528f0, 0x0000022f85a53290, 0x0000022f85a53760, 0x0000022f85a53c30,
0x0000022f88177380, 0x0000022f88179a00, 0x0000022f881781f0, 0x0000022f88176040,
0x0000022f88177850, 0x0000022f88177d20, 0x0000022f8679cb00, 0x0000022f8679d970,
0x0000022f8679cfd0, 0x0000022f8893e760, 0x0000022f8893ddc0, 0x0000022f88b0bb60,
0x0000022f88b0c9d0, 0x0000022f88b0f520, 0x0000022f908414f0, 0x0000022f859e0920,
0x0000022f859e2130, 0x0000022f859dca90, 0x0000022f83342a30, 0x0000022f83ff7f80,
0x0000022f90841020
}

Java Threads: ( => current thread )
  0x0000022fe794fec0 JavaThread "main" [_thread_blocked, id=34652, stack(0x000000a3db500000,0x000000a3db600000)]
  0x0000022f8283e490 JavaThread "Reference Handler" daemon [_thread_blocked, id=33244, stack(0x000000a3dbc00000,0x000000a3dbd00000)]
  0x0000022f8283f300 JavaThread "Finalizer" daemon [_thread_blocked, id=33144, stack(0x000000a3dbd00000,0x000000a3dbe00000)]
  0x0000022f82891850 JavaThread "Signal Dispatcher" daemon [_thread_blocked, id=20904, stack(0x000000a3dbe00000,0x000000a3dbf00000)]
  0x0000022f82893220 JavaThread "Attach Listener" daemon [_thread_blocked, id=31896, stack(0x000000a3dbf00000,0x000000a3dc000000)]
  0x0000022f82896480 JavaThread "Service Thread" daemon [_thread_blocked, id=17580, stack(0x000000a3dc000000,0x000000a3dc100000)]
  0x0000022f82896e30 JavaThread "Monitor Deflation Thread" daemon [_thread_blocked, id=25116, stack(0x000000a3dc100000,0x000000a3dc200000)]
=>0x0000022f828982b0 JavaThread "C2 CompilerThread0" daemon [_thread_in_native, id=33600, stack(0x000000a3dc200000,0x000000a3dc300000)]
  0x0000022f828ae5c0 JavaThread "C1 CompilerThread0" daemon [_thread_blocked, id=10584, stack(0x000000a3dc300000,0x000000a3dc400000)]
  0x0000022f828c3b50 JavaThread "Sweeper thread" daemon [_thread_blocked, id=14588, stack(0x000000a3dc400000,0x000000a3dc500000)]
  0x0000022f8291b160 JavaThread "Common-Cleaner" daemon [_thread_blocked, id=7056, stack(0x000000a3dc500000,0x000000a3dc600000)]
  0x0000022f82b269a0 JavaThread "Notification Thread" daemon [_thread_blocked, id=10800, stack(0x000000a3dc600000,0x000000a3dc700000)]
  0x0000022f854df140 JavaThread "Daemon health stats" [_thread_blocked, id=23132, stack(0x000000a3dc900000,0x000000a3dca00000)]
  0x0000022f8535fc40 JavaThread "Incoming local TCP Connector on port 60916" [_thread_in_native, id=28080, stack(0x000000a3dc800000,0x000000a3dc900000)]
  0x0000022f8581a0e0 JavaThread "Daemon periodic checks" [_thread_blocked, id=29204, stack(0x000000a3dcf00000,0x000000a3dd000000)]
  0x0000022f8450a420 JavaThread "Daemon" [_thread_blocked, id=29956, stack(0x000000a3dd100000,0x000000a3dd200000)]
  0x0000022f84ebe600 JavaThread "Handler for socket connection from /127.0.0.1:60916 to /127.0.0.1:60917" [_thread_in_native, id=19396, stack(0x000000a3dd200000,0x000000a3dd300000)]
  0x0000022f85149660 JavaThread "Cancel handler" [_thread_blocked, id=33996, stack(0x000000a3dd300000,0x000000a3dd400000)]
  0x0000022f84e0a0a0 JavaThread "Daemon worker" [_thread_blocked, id=6664, stack(0x000000a3dd400000,0x000000a3dd500000)]
  0x0000022f833433d0 JavaThread "Asynchronous log dispatcher for DefaultDaemonConnection: socket connection from /127.0.0.1:60916 to /127.0.0.1:60917" [_thread_blocked, id=30396, stack(0x000000a3dd500000,0x000000a3dd600000)]
  0x0000022f83342f00 JavaThread "Stdin handler" [_thread_blocked, id=9132, stack(0x000000a3dd600000,0x000000a3dd700000)]
  0x0000022f833438a0 JavaThread "Daemon client event forwarder" [_thread_blocked, id=15096, stack(0x000000a3dd700000,0x000000a3dd800000)]
  0x0000022f83342090 JavaThread "Cache worker for journal cache (C:\Users\artem\.gradle\caches\journal-1)" [_thread_blocked, id=11296, stack(0x000000a3ddd00000,0x000000a3dde00000)]
  0x0000022f83342560 JavaThread "File lock request listener" [_thread_in_native, id=23412, stack(0x000000a3dde00000,0x000000a3ddf00000)]
  0x0000022f83ffbe10 JavaThread "File lock release action executor" [_thread_blocked, id=33588, stack(0x000000a3ddf00000,0x000000a3de000000)]
  0x0000022f83ff62a0 JavaThread "Cache worker for file hash cache (C:\Users\artem\.gradle\caches\8.1.1\fileHashes)" [_thread_blocked, id=22784, stack(0x000000a3de100000,0x000000a3de200000)]
  0x0000022f83ff6c40 JavaThread "File watcher server" daemon [_thread_in_native, id=6968, stack(0x000000a3de200000,0x000000a3de300000)]
  0x0000022f83ffafa0 JavaThread "File watcher consumer" daemon [_thread_blocked, id=24160, stack(0x000000a3de300000,0x000000a3de400000)]
  0x0000022f83ffb940 JavaThread "jar transforms" [_thread_blocked, id=26468, stack(0x000000a3de400000,0x000000a3de500000)]
  0x0000022f83ff7110 JavaThread "jar transforms Thread 2" [_thread_blocked, id=8824, stack(0x000000a3de500000,0x000000a3de600000)]
  0x0000022f83ffb470 JavaThread "jar transforms Thread 3" [_thread_blocked, id=32580, stack(0x000000a3de600000,0x000000a3de700000)]
  0x0000022f83ffc7b0 JavaThread "jar transforms Thread 4" [_thread_blocked, id=15968, stack(0x000000a3de700000,0x000000a3de800000)]
  0x0000022f83ffcc80 JavaThread "jar transforms Thread 5" [_thread_blocked, id=29896, stack(0x000000a3de800000,0x000000a3de900000)]
  0x0000022f83ff5430 JavaThread "jar transforms Thread 6" [_thread_blocked, id=24624, stack(0x000000a3de900000,0x000000a3dea00000)]
  0x0000022f83ff75e0 JavaThread "jar transforms Thread 7" [_thread_blocked, id=23736, stack(0x000000a3dea00000,0x000000a3deb00000)]
  0x0000022f83ff92c0 JavaThread "jar transforms Thread 8" [_thread_blocked, id=4924, stack(0x000000a3deb00000,0x000000a3dec00000)]
  0x0000022f83ff7ab0 JavaThread "jar transforms Thread 9" [_thread_blocked, id=29876, stack(0x000000a3dec00000,0x000000a3ded00000)]
  0x0000022f83ff5900 JavaThread "jar transforms Thread 10" [_thread_blocked, id=5212, stack(0x000000a3ded00000,0x000000a3dee00000)]
  0x0000022f83ff5dd0 JavaThread "jar transforms Thread 11" [_thread_blocked, id=23480, stack(0x000000a3dee00000,0x000000a3def00000)]
  0x0000022f83ff6770 JavaThread "jar transforms Thread 12" [_thread_blocked, id=32556, stack(0x000000a3def00000,0x000000a3df000000)]
  0x0000022f83ff8450 JavaThread "Cache worker for checksums cache (C:\Files\Code\Kotlin\chatar\.gradle\8.1.1\checksums)" [_thread_blocked, id=18188, stack(0x000000a3df000000,0x000000a3df100000)]
  0x0000022f83ff8920 JavaThread "Cache worker for cache directory md-rule (C:\Users\artem\.gradle\caches\8.1.1\md-rule)" [_thread_blocked, id=25364, stack(0x000000a3df100000,0x000000a3df200000)]
  0x0000022f83ff9790 JavaThread "Cache worker for file content cache (C:\Users\artem\.gradle\caches\8.1.1\fileContent)" [_thread_blocked, id=9804, stack(0x000000a3df200000,0x000000a3df300000)]
  0x0000022f83ffa600 JavaThread "Cache worker for file hash cache (C:\Files\Code\Kotlin\chatar\.gradle\8.1.1\fileHashes)" [_thread_blocked, id=34292, stack(0x000000a3df300000,0x000000a3df400000)]
  0x0000022f83ff8df0 JavaThread "Cache worker for cache directory md-supplier (C:\Users\artem\.gradle\caches\8.1.1\md-supplier)" [_thread_blocked, id=30700, stack(0x000000a3df400000,0x000000a3df500000)]
  0x0000022f83ffa130 JavaThread "Cache worker for execution history cache (C:\Users\artem\.gradle\caches\8.1.1\executionHistory)" [_thread_blocked, id=15676, stack(0x000000a3df500000,0x000000a3df600000)]
  0x0000022f859e3470 JavaThread "Cache worker for kotlin-dsl (C:\Users\artem\.gradle\caches\8.1.1\kotlin-dsl)" [_thread_blocked, id=5280, stack(0x000000a3df600000,0x000000a3df700000)]
  0x0000022f909df290 JavaThread "Cache worker for dependencies-accessors (C:\Files\Code\Kotlin\chatar\.gradle\8.1.1\dependencies-accessors)" [_thread_blocked, id=10016, stack(0x000000a3dfd00000,0x000000a3dfe00000)]
  0x0000022f909e0100 JavaThread "Cache worker for Build Output Cleanup Cache (C:\Files\Code\Kotlin\chatar\buildSrc\.gradle\buildOutputCleanup)" [_thread_blocked, id=17232, stack(0x000000a3dfe00000,0x000000a3dff00000)]
  0x0000022f90cd72b0 JavaThread "Memory manager" [_thread_blocked, id=10008, stack(0x000000a3dff00000,0x000000a3e0000000)]
  0x0000022f90cd6de0 JavaThread "Cache worker for Build Output Cleanup Cache (C:\Files\Code\Kotlin\chatar\buildSrc\buildSrc\.gradle\buildOutputCleanup)" [_thread_blocked, id=4136, stack(0x000000a3e0200000,0x000000a3e0300000)]
  0x0000022f85e0d200 JavaThread "Unconstrained build operations" [_thread_blocked, id=17472, stack(0x000000a3e0300000,0x000000a3e0400000)]
  0x0000022f85e0d6d0 JavaThread "Unconstrained build operations Thread 2" [_thread_blocked, id=11912, stack(0x000000a3e0400000,0x000000a3e0500000)]
  0x0000022f85e0cd30 JavaThread "Unconstrained build operations Thread 3" [_thread_blocked, id=6208, stack(0x000000a3e0500000,0x000000a3e0600000)]
  0x0000022f85e0bec0 JavaThread "Unconstrained build operations Thread 4" [_thread_blocked, id=19832, stack(0x000000a3e0600000,0x000000a3e0700000)]
  0x0000022f85e0c390 JavaThread "Unconstrained build operations Thread 5" [_thread_blocked, id=33920, stack(0x000000a3e0700000,0x000000a3e0800000)]
  0x0000022f85e0c860 JavaThread "Unconstrained build operations Thread 6" [_thread_blocked, id=28464, stack(0x000000a3e0800000,0x000000a3e0900000)]
  0x0000022f90d51290 JavaThread "Unconstrained build operations Thread 7" [_thread_blocked, id=24484, stack(0x000000a3e0900000,0x000000a3e0a00000)]
  0x0000022f90d53910 JavaThread "Unconstrained build operations Thread 8" [_thread_blocked, id=1380, stack(0x000000a3e0a00000,0x000000a3e0b00000)]
  0x0000022f90d51760 JavaThread "Unconstrained build operations Thread 9" [_thread_blocked, id=21480, stack(0x000000a3e0b00000,0x000000a3e0c00000)]
  0x0000022f90670550 JavaThread "Unconstrained build operations Thread 10" [_thread_blocked, id=29412, stack(0x000000a3e0c00000,0x000000a3e0d00000)]
  0x0000022f91339470 JavaThread "Unconstrained build operations Thread 11" [_thread_blocked, id=31900, stack(0x000000a3e0d00000,0x000000a3e0e00000)]
  0x0000022f90cd5aa0 JavaThread "included builds" [_thread_blocked, id=13544, stack(0x000000a3e0e00000,0x000000a3e0f00000)]
  0x0000022f91338ad0 JavaThread "Execution worker" [_thread_blocked, id=33896, stack(0x000000a3e0f00000,0x000000a3e1000000)]
  0x0000022f91338fa0 JavaThread "Execution worker Thread 2" [_thread_blocked, id=1112, stack(0x000000a3e1000000,0x000000a3e1100000)]
  0x0000022f91338130 JavaThread "Execution worker Thread 3" [_thread_blocked, id=17112, stack(0x000000a3e1100000,0x000000a3e1200000)]
  0x0000022f861b5170 JavaThread "Execution worker Thread 4" [_thread_blocked, id=20872, stack(0x000000a3e1200000,0x000000a3e1300000)]
  0x0000022f861b4ca0 JavaThread "Execution worker Thread 5" [_thread_blocked, id=5344, stack(0x000000a3e1300000,0x000000a3e1400000)]
  0x0000022f861b4300 JavaThread "Execution worker Thread 6" [_thread_blocked, id=6536, stack(0x000000a3e1400000,0x000000a3e1500000)]
  0x0000022f861b5640 JavaThread "Execution worker Thread 7" [_thread_blocked, id=19312, stack(0x000000a3e1500000,0x000000a3e1600000)]
  0x0000022f861b47d0 JavaThread "Execution worker Thread 8" [_thread_blocked, id=23904, stack(0x000000a3e1600000,0x000000a3e1700000)]
  0x0000022f861b3e30 JavaThread "Execution worker Thread 9" [_thread_blocked, id=18496, stack(0x000000a3e1700000,0x000000a3e1800000)]
  0x0000022f88b20b10 JavaThread "Execution worker Thread 10" [_thread_blocked, id=12844, stack(0x000000a3e1800000,0x000000a3e1900000)]
  0x0000022f88b21980 JavaThread "Execution worker Thread 11" [_thread_blocked, id=23040, stack(0x000000a3e1900000,0x000000a3e1a00000)]
  0x0000022f88b20640 JavaThread "Cache worker for execution history cache (C:\Files\Code\Kotlin\chatar\buildSrc\buildSrc\.gradle\8.1.1\executionHistory)" [_thread_blocked, id=7360, stack(0x000000a3e1a00000,0x000000a3e1b00000)]
  0x0000022f88b21e50 JavaThread "Unconstrained build operations Thread 12" [_thread_blocked, id=26044, stack(0x000000a3e1b00000,0x000000a3e1c00000)]
  0x0000022f88b20fe0 JavaThread "Unconstrained build operations Thread 13" [_thread_blocked, id=29332, stack(0x000000a3e1c00000,0x000000a3e1d00000)]
  0x0000022f88b214b0 JavaThread "Unconstrained build operations Thread 14" [_thread_blocked, id=29940, stack(0x000000a3e1d00000,0x000000a3e1e00000)]
  0x0000022f85a52dc0 JavaThread "Unconstrained build operations Thread 15" [_thread_blocked, id=29884, stack(0x000000a3e1e00000,0x000000a3e1f00000)]
  0x0000022f85a52420 JavaThread "Unconstrained build operations Thread 16" [_thread_blocked, id=3132, stack(0x000000a3e1f00000,0x000000a3e2000000)]
  0x0000022f85a528f0 JavaThread "Unconstrained build operations Thread 17" [_thread_blocked, id=27416, stack(0x000000a3e2000000,0x000000a3e2100000)]
  0x0000022f85a53290 JavaThread "Unconstrained build operations Thread 18" [_thread_blocked, id=12792, stack(0x000000a3e2100000,0x000000a3e2200000)]
  0x0000022f85a53760 JavaThread "Unconstrained build operations Thread 19" [_thread_blocked, id=33596, stack(0x000000a3e2200000,0x000000a3e2300000)]
  0x0000022f85a53c30 JavaThread "Unconstrained build operations Thread 20" [_thread_blocked, id=23800, stack(0x000000a3e2300000,0x000000a3e2400000)]
  0x0000022f88177380 JavaThread "Unconstrained build operations Thread 21" [_thread_blocked, id=25972, stack(0x000000a3e2400000,0x000000a3e2500000)]
  0x0000022f88179a00 JavaThread "Unconstrained build operations Thread 22" [_thread_blocked, id=12996, stack(0x000000a3e2500000,0x000000a3e2600000)]
  0x0000022f881781f0 JavaThread "Unconstrained build operations Thread 23" [_thread_blocked, id=31308, stack(0x000000a3e2600000,0x000000a3e2700000)]
  0x0000022f88176040 JavaThread "Unconstrained build operations Thread 24" [_thread_blocked, id=23700, stack(0x000000a3e2700000,0x000000a3e2800000)]
  0x0000022f88177850 JavaThread "Unconstrained build operations Thread 25" [_thread_blocked, id=18052, stack(0x000000a3e2800000,0x000000a3e2900000)]
  0x0000022f88177d20 JavaThread "Unconstrained build operations Thread 26" [_thread_blocked, id=34436, stack(0x000000a3e2900000,0x000000a3e2a00000)]
  0x0000022f8679cb00 JavaThread "Unconstrained build operations Thread 27" [_thread_blocked, id=26996, stack(0x000000a3e2a00000,0x000000a3e2b00000)]
  0x0000022f8679d970 JavaThread "Unconstrained build operations Thread 28" [_thread_blocked, id=23756, stack(0x000000a3e2b00000,0x000000a3e2c00000)]
  0x0000022f8679cfd0 JavaThread "Unconstrained build operations Thread 29" [_thread_blocked, id=22868, stack(0x000000a3e2c00000,0x000000a3e2d00000)]
  0x0000022f8893e760 JavaThread "Unconstrained build operations Thread 30" [_thread_blocked, id=25128, stack(0x000000a3e2d00000,0x000000a3e2e00000)]
  0x0000022f8893ddc0 JavaThread "Unconstrained build operations Thread 31" [_thread_blocked, id=7472, stack(0x000000a3e2e00000,0x000000a3e2f00000)]
  0x0000022f88b0bb60 JavaThread "Unconstrained build operations Thread 32" [_thread_blocked, id=10896, stack(0x000000a3e2f00000,0x000000a3e3000000)]
  0x0000022f88b0c9d0 JavaThread "Unconstrained build operations Thread 33" [_thread_blocked, id=27628, stack(0x000000a3e3000000,0x000000a3e3100000)]
  0x0000022f88b0f520 JavaThread "Unconstrained build operations Thread 34" [_thread_blocked, id=27944, stack(0x000000a3e3100000,0x000000a3e3200000)]
  0x0000022f908414f0 JavaThread "WorkerExecutor Queue" [_thread_in_native, id=33756, stack(0x000000a3e3200000,0x000000a3e3300000)]
  0x0000022f859e0920 JavaThread "RMI Scheduler(0)" daemon [_thread_blocked, id=21980, stack(0x000000a3e3300000,0x000000a3e3400000)]
  0x0000022f859e2130 JavaThread "RMI RenewClean-[127.0.0.1:17449,org.jetbrains.kotlin.daemon.common.LoopbackNetworkInterface$ClientLoopbackSocketFactory@70ec8cb2]" daemon [_thread_blocked, id=29812, stack(0x000000a3e3400000,0x000000a3e3500000)]
  0x0000022f859dca90 JavaThread "RMI GC Daemon" daemon [_thread_blocked, id=32416, stack(0x000000a3e3500000,0x000000a3e3600000)]
  0x0000022f83342a30 JavaThread "RMI TCP Accept-0" daemon [_thread_in_native, id=10248, stack(0x000000a3e3600000,0x000000a3e3700000)]
  0x0000022f83ff7f80 JavaThread "RMI Reaper" [_thread_blocked, id=14364, stack(0x000000a3e3700000,0x000000a3e3800000)]
  0x0000022f90841020 JavaThread "RMI TCP Connection(1)-127.0.0.1" daemon [_thread_in_native, id=12100, stack(0x000000a3e3800000,0x000000a3e3900000)]

Other Threads:
  0x0000022fffc0ec50 VMThread "VM Thread" [stack: 0x000000a3dbb00000,0x000000a3dbc00000] [id=22188]
  0x0000022f82bab040 WatcherThread [stack: 0x000000a3dc700000,0x000000a3dc800000] [id=21336]
  0x0000022fe58be840 GCTaskThread "GC Thread#0" [stack: 0x000000a3db600000,0x000000a3db700000] [id=22316]
  0x0000022f8497ce40 GCTaskThread "GC Thread#1" [stack: 0x000000a3dca00000,0x000000a3dcb00000] [id=22224]
  0x0000022f8497d0f0 GCTaskThread "GC Thread#2" [stack: 0x000000a3dcb00000,0x000000a3dcc00000] [id=30052]
  0x0000022f8497d3a0 GCTaskThread "GC Thread#3" [stack: 0x000000a3dcc00000,0x000000a3dcd00000] [id=11452]
  0x0000022f8497d650 GCTaskThread "GC Thread#4" [stack: 0x000000a3dcd00000,0x000000a3dce00000] [id=20952]
  0x0000022f84052c30 GCTaskThread "GC Thread#5" [stack: 0x000000a3dce00000,0x000000a3dcf00000] [id=28780]
  0x0000022f84c32ae0 GCTaskThread "GC Thread#6" [stack: 0x000000a3dd000000,0x000000a3dd100000] [id=2492]
  0x0000022f84c31d70 GCTaskThread "GC Thread#7" [stack: 0x000000a3dd800000,0x000000a3dd900000] [id=24688]
  0x0000022f84c32580 GCTaskThread "GC Thread#8" [stack: 0x000000a3dd900000,0x000000a3dda00000] [id=30636]
  0x0000022f84c332f0 GCTaskThread "GC Thread#9" [stack: 0x000000a3dda00000,0x000000a3ddb00000] [id=2756]
  0x0000022fe79b96f0 ConcurrentGCThread "G1 Main Marker" [stack: 0x000000a3db700000,0x000000a3db800000] [id=10496]
  0x0000022fe79ba010 ConcurrentGCThread "G1 Conc#0" [stack: 0x000000a3db800000,0x000000a3db900000] [id=31336]
  0x0000022f84c32020 ConcurrentGCThread "G1 Conc#1" [stack: 0x000000a3ddb00000,0x000000a3ddc00000] [id=29660]
  0x0000022f84c31810 ConcurrentGCThread "G1 Conc#2" [stack: 0x000000a3ddc00000,0x000000a3ddd00000] [id=11760]
  0x0000022fe7a0d8d0 ConcurrentGCThread "G1 Refine#0" [stack: 0x000000a3db900000,0x000000a3dba00000] [id=21588]
  0x0000022f83cdd9a0 ConcurrentGCThread "G1 Refine#1" [stack: 0x000000a3de000000,0x000000a3de100000] [id=4180]
  0x0000022f83cdd6c0 ConcurrentGCThread "G1 Refine#2" [stack: 0x000000a3df700000,0x000000a3df800000] [id=19668]
  0x0000022f83cdbce0 ConcurrentGCThread "G1 Refine#3" [stack: 0x000000a3df800000,0x000000a3df900000] [id=31164]
  0x0000022f83cdd3e0 ConcurrentGCThread "G1 Refine#4" [stack: 0x000000a3df900000,0x000000a3dfa00000] [id=11632]
  0x0000022f83cddf60 ConcurrentGCThread "G1 Refine#5" [stack: 0x000000a3dfa00000,0x000000a3dfb00000] [id=25548]
  0x0000022f83cdb440 ConcurrentGCThread "G1 Refine#6" [stack: 0x000000a3dfb00000,0x000000a3dfc00000] [id=20808]
  0x0000022f83cdbfc0 ConcurrentGCThread "G1 Refine#7" [stack: 0x000000a3dfc00000,0x000000a3dfd00000] [id=14332]
  0x0000022fe7a0e2f0 ConcurrentGCThread "G1 Service" [stack: 0x000000a3dba00000,0x000000a3dbb00000] [id=21848]

Threads with active compile tasks:
C2 CompilerThread0    49349 12849       4       jdk.internal.org.objectweb.asm.MethodWriter::computeAllFrames (510 bytes)

VM state: not at safepoint (normal execution)

VM Mutex/Monitor currently owned by a thread: None

Heap address: 0x0000000080000000, size: 2048 MB, Compressed Oops mode: 32-bit

CDS archive(s) not mapped
Compressed class space mapped at: 0x0000000100000000-0x0000000140000000, reserved size: 1073741824
Narrow klass base: 0x0000000000000000, Narrow klass shift: 3, Narrow klass range: 0x140000000

GC Precious Log:
 CPUs: 12 total, 12 available
 Memory: 16057M
 Large Page Support: Disabled
 NUMA Support: Disabled
 Compressed Oops: Enabled (32-bit)
 Heap Region Size: 1M
 Heap Min Capacity: 8M
 Heap Initial Capacity: 252M
 Heap Max Capacity: 2G
 Pre-touch: Disabled
 Parallel Workers: 10
 Concurrent Workers: 3
 Concurrent Refinement Workers: 10
 Periodic GC: Disabled

Heap:
 garbage-first heap   total 277504K, used 213058K [0x0000000080000000, 0x0000000100000000)
  region size 1024K, 84 young (86016K), 2 survivors (2048K)
 Metaspace       used 134706K, committed 135680K, reserved 1171456K
  class space    used 17870K, committed 18304K, reserved 1048576K

Heap Regions: E=young(eden), S=young(survivor), O=old, HS=humongous(starts), HC=humongous(continues), CS=collection set, F=free, OA=open archive, CA=closed archive, TAMS=top-at-mark-start (previous, next)
|   0|0x0000000080000000, 0x0000000080100000, 0x0000000080100000|100%|HS|  |TAMS 0x0000000080100000, 0x0000000080000000| Complete 
|   1|0x0000000080100000, 0x0000000080200000, 0x0000000080200000|100%|HC|  |TAMS 0x0000000080200000, 0x0000000080100000| Complete 
|   2|0x0000000080200000, 0x0000000080300000, 0x0000000080300000|100%|HC|  |TAMS 0x0000000080300000, 0x0000000080200000| Complete 
|   3|0x0000000080300000, 0x0000000080400000, 0x0000000080400000|100%|HC|  |TAMS 0x0000000080400000, 0x0000000080300000| Complete 
|   4|0x0000000080400000, 0x0000000080500000, 0x0000000080500000|100%| O|  |TAMS 0x0000000080500000, 0x0000000080400000| Untracked 
|   5|0x0000000080500000, 0x0000000080600000, 0x0000000080600000|100%| O|  |TAMS 0x0000000080600000, 0x0000000080500000| Untracked 
|   6|0x0000000080600000, 0x0000000080700000, 0x0000000080700000|100%| O|  |TAMS 0x0000000080700000, 0x0000000080600000| Untracked 
|   7|0x0000000080700000, 0x0000000080800000, 0x0000000080800000|100%| O|  |TAMS 0x0000000080800000, 0x0000000080700000| Untracked 
|   8|0x0000000080800000, 0x0000000080900000, 0x0000000080900000|100%| O|  |TAMS 0x0000000080900000, 0x0000000080800000| Untracked 
|   9|0x0000000080900000, 0x0000000080a00000, 0x0000000080a00000|100%| O|  |TAMS 0x0000000080a00000, 0x0000000080900000| Untracked 
|  10|0x0000000080a00000, 0x0000000080b00000, 0x0000000080b00000|100%| O|  |TAMS 0x0000000080b00000, 0x0000000080a00000| Untracked 
|  11|0x0000000080b00000, 0x0000000080c00000, 0x0000000080c00000|100%| O|  |TAMS 0x0000000080c00000, 0x0000000080b00000| Untracked 
|  12|0x0000000080c00000, 0x0000000080d00000, 0x0000000080d00000|100%| O|  |TAMS 0x0000000080d00000, 0x0000000080c00000| Untracked 
|  13|0x0000000080d00000, 0x0000000080e00000, 0x0000000080e00000|100%| O|  |TAMS 0x0000000080e00000, 0x0000000080d00000| Untracked 
|  14|0x0000000080e00000, 0x0000000080f00000, 0x0000000080f00000|100%| O|  |TAMS 0x0000000080f00000, 0x0000000080e00000| Untracked 
|  15|0x0000000080f00000, 0x0000000081000000, 0x0000000081000000|100%| O|  |TAMS 0x0000000081000000, 0x0000000080f00000| Untracked 
|  16|0x0000000081000000, 0x0000000081100000, 0x0000000081100000|100%| O|  |TAMS 0x0000000081100000, 0x0000000081000000| Untracked 
|  17|0x0000000081100000, 0x0000000081200000, 0x0000000081200000|100%| O|  |TAMS 0x0000000081200000, 0x0000000081100000| Untracked 
|  18|0x0000000081200000, 0x0000000081300000, 0x0000000081300000|100%| O|  |TAMS 0x0000000081300000, 0x0000000081200000| Untracked 
|  19|0x0000000081300000, 0x0000000081400000, 0x0000000081400000|100%|HS|  |TAMS 0x0000000081400000, 0x0000000081300000| Complete 
|  20|0x0000000081400000, 0x0000000081500000, 0x0000000081500000|100%|HC|  |TAMS 0x0000000081500000, 0x0000000081400000| Complete 
|  21|0x0000000081500000, 0x0000000081600000, 0x0000000081600000|100%|HS|  |TAMS 0x0000000081600000, 0x0000000081500000| Complete 
|  22|0x0000000081600000, 0x0000000081700000, 0x0000000081700000|100%|HC|  |TAMS 0x0000000081700000, 0x0000000081600000| Complete 
|  23|0x0000000081700000, 0x0000000081800000, 0x0000000081800000|100%|HC|  |TAMS 0x0000000081800000, 0x0000000081700000| Complete 
|  24|0x0000000081800000, 0x0000000081900000, 0x0000000081900000|100%|HS|  |TAMS 0x0000000081900000, 0x0000000081800000| Complete 
|  25|0x0000000081900000, 0x0000000081a00000, 0x0000000081a00000|100%|HC|  |TAMS 0x0000000081a00000, 0x0000000081900000| Complete 
|  26|0x0000000081a00000, 0x0000000081b00000, 0x0000000081b00000|100%|HC|  |TAMS 0x0000000081b00000, 0x0000000081a00000| Complete 
|  27|0x0000000081b00000, 0x0000000081c00000, 0x0000000081c00000|100%| O|  |TAMS 0x0000000081c00000, 0x0000000081b00000| Untracked 
|  28|0x0000000081c00000, 0x0000000081d00000, 0x0000000081d00000|100%| O|  |TAMS 0x0000000081d00000, 0x0000000081c00000| Untracked 
|  29|0x0000000081d00000, 0x0000000081e00000, 0x0000000081e00000|100%| O|  |TAMS 0x0000000081e00000, 0x0000000081d00000| Untracked 
|  30|0x0000000081e00000, 0x0000000081f00000, 0x0000000081f00000|100%|HS|  |TAMS 0x0000000081f00000, 0x0000000081e00000| Complete 
|  31|0x0000000081f00000, 0x0000000082000000, 0x0000000082000000|100%|HC|  |TAMS 0x0000000082000000, 0x0000000081f00000| Complete 
|  32|0x0000000082000000, 0x0000000082100000, 0x0000000082100000|100%|HC|  |TAMS 0x0000000082100000, 0x0000000082000000| Complete 
|  33|0x0000000082100000, 0x0000000082200000, 0x0000000082200000|100%|HC|  |TAMS 0x0000000082200000, 0x0000000082100000| Complete 
|  34|0x0000000082200000, 0x0000000082300000, 0x0000000082300000|100%|HC|  |TAMS 0x0000000082300000, 0x0000000082200000| Complete 
|  35|0x0000000082300000, 0x0000000082400000, 0x0000000082400000|100%|HC|  |TAMS 0x0000000082400000, 0x0000000082300000| Complete 
|  36|0x0000000082400000, 0x0000000082500000, 0x0000000082500000|100%|HC|  |TAMS 0x0000000082500000, 0x0000000082400000| Complete 
|  37|0x0000000082500000, 0x0000000082600000, 0x0000000082600000|100%|HC|  |TAMS 0x0000000082600000, 0x0000000082500000| Complete 
|  38|0x0000000082600000, 0x0000000082700000, 0x0000000082700000|100%|HC|  |TAMS 0x0000000082700000, 0x0000000082600000| Complete 
|  39|0x0000000082700000, 0x0000000082800000, 0x0000000082800000|100%|HC|  |TAMS 0x0000000082800000, 0x0000000082700000| Complete 
|  40|0x0000000082800000, 0x0000000082900000, 0x0000000082900000|100%|HC|  |TAMS 0x0000000082900000, 0x0000000082800000| Complete 
|  41|0x0000000082900000, 0x0000000082a00000, 0x0000000082a00000|100%|HC|  |TAMS 0x0000000082a00000, 0x0000000082900000| Complete 
|  42|0x0000000082a00000, 0x0000000082b00000, 0x0000000082b00000|100%| O|  |TAMS 0x0000000082b00000, 0x0000000082a00000| Untracked 
|  43|0x0000000082b00000, 0x0000000082c00000, 0x0000000082c00000|100%| O|  |TAMS 0x0000000082c00000, 0x0000000082b00000| Untracked 
|  44|0x0000000082c00000, 0x0000000082d00000, 0x0000000082d00000|100%| O|  |TAMS 0x0000000082d00000, 0x0000000082c00000| Untracked 
|  45|0x0000000082d00000, 0x0000000082e00000, 0x0000000082e00000|100%| O|  |TAMS 0x0000000082d00000, 0x0000000082d00000| Untracked 
|  46|0x0000000082e00000, 0x0000000082f00000, 0x0000000082f00000|100%|HS|  |TAMS 0x0000000082f00000, 0x0000000082e00000| Complete 
|  47|0x0000000082f00000, 0x0000000083000000, 0x0000000083000000|100%|HC|  |TAMS 0x0000000083000000, 0x0000000082f00000| Complete 
|  48|0x0000000083000000, 0x0000000083100000, 0x0000000083100000|100%| O|  |TAMS 0x0000000083100000, 0x0000000083000000| Untracked 
|  49|0x0000000083100000, 0x0000000083200000, 0x0000000083200000|100%| O|  |TAMS 0x0000000083200000, 0x0000000083100000| Untracked 
|  50|0x0000000083200000, 0x0000000083300000, 0x0000000083300000|100%| O|  |TAMS 0x0000000083300000, 0x0000000083200000| Untracked 
|  51|0x0000000083300000, 0x0000000083400000, 0x0000000083400000|100%| O|  |TAMS 0x0000000083400000, 0x0000000083300000| Untracked 
|  52|0x0000000083400000, 0x0000000083500000, 0x0000000083500000|100%| O|  |TAMS 0x0000000083500000, 0x0000000083400000| Untracked 
|  53|0x0000000083500000, 0x0000000083600000, 0x0000000083600000|100%| O|  |TAMS 0x0000000083600000, 0x0000000083500000| Untracked 
|  54|0x0000000083600000, 0x0000000083700000, 0x0000000083700000|100%| O|  |TAMS 0x0000000083700000, 0x0000000083600000| Untracked 
|  55|0x0000000083700000, 0x0000000083800000, 0x0000000083800000|100%| O|  |TAMS 0x0000000083800000, 0x0000000083700000| Untracked 
|  56|0x0000000083800000, 0x0000000083900000, 0x0000000083900000|100%| O|  |TAMS 0x0000000083900000, 0x0000000083800000| Untracked 
|  57|0x0000000083900000, 0x0000000083a00000, 0x0000000083a00000|100%|HS|  |TAMS 0x0000000083a00000, 0x0000000083900000| Complete 
|  58|0x0000000083a00000, 0x0000000083b00000, 0x0000000083b00000|100%|HC|  |TAMS 0x0000000083b00000, 0x0000000083a00000| Complete 
|  59|0x0000000083b00000, 0x0000000083c00000, 0x0000000083c00000|100%|HC|  |TAMS 0x0000000083c00000, 0x0000000083b00000| Complete 
|  60|0x0000000083c00000, 0x0000000083d00000, 0x0000000083d00000|100%| O|  |TAMS 0x0000000083d00000, 0x0000000083c00000| Untracked 
|  61|0x0000000083d00000, 0x0000000083e00000, 0x0000000083e00000|100%| O|  |TAMS 0x0000000083e00000, 0x0000000083d00000| Untracked 
|  62|0x0000000083e00000, 0x0000000083f00000, 0x0000000083f00000|100%| O|  |TAMS 0x0000000083e00000, 0x0000000083e00000| Untracked 
|  63|0x0000000083f00000, 0x0000000084000000, 0x0000000084000000|100%| O|  |TAMS 0x0000000084000000, 0x0000000083f00000| Untracked 
|  64|0x0000000084000000, 0x0000000084100000, 0x0000000084100000|100%| O|  |TAMS 0x0000000084100000, 0x0000000084000000| Untracked 
|  65|0x0000000084100000, 0x0000000084200000, 0x0000000084200000|100%| O|  |TAMS 0x0000000084200000, 0x0000000084100000| Untracked 
|  66|0x0000000084200000, 0x0000000084300000, 0x0000000084300000|100%| O|  |TAMS 0x0000000084300000, 0x0000000084200000| Untracked 
|  67|0x0000000084300000, 0x0000000084400000, 0x0000000084400000|100%| O|  |TAMS 0x0000000084400000, 0x0000000084300000| Untracked 
|  68|0x0000000084400000, 0x0000000084500000, 0x0000000084500000|100%|HS|  |TAMS 0x0000000084500000, 0x0000000084400000| Complete 
|  69|0x0000000084500000, 0x0000000084600000, 0x0000000084600000|100%|HC|  |TAMS 0x0000000084600000, 0x0000000084500000| Complete 
|  70|0x0000000084600000, 0x0000000084700000, 0x0000000084700000|100%|HC|  |TAMS 0x0000000084700000, 0x0000000084600000| Complete 
|  71|0x0000000084700000, 0x0000000084800000, 0x0000000084800000|100%|HC|  |TAMS 0x0000000084800000, 0x0000000084700000| Complete 
|  72|0x0000000084800000, 0x0000000084900000, 0x0000000084900000|100%| O|  |TAMS 0x0000000084800000, 0x0000000084800000| Untracked 
|  73|0x0000000084900000, 0x0000000084a00000, 0x0000000084a00000|100%| O|  |TAMS 0x0000000084900000, 0x0000000084900000| Untracked 
|  74|0x0000000084a00000, 0x0000000084b00000, 0x0000000084b00000|100%| O|  |TAMS 0x0000000084a00000, 0x0000000084a00000| Untracked 
|  75|0x0000000084b00000, 0x0000000084c00000, 0x0000000084c00000|100%| O|  |TAMS 0x0000000084b00000, 0x0000000084b00000| Untracked 
|  76|0x0000000084c00000, 0x0000000084d00000, 0x0000000084d00000|100%| O|  |TAMS 0x0000000084c00000, 0x0000000084c00000| Untracked 
|  77|0x0000000084d00000, 0x0000000084e00000, 0x0000000084e00000|100%| O|  |TAMS 0x0000000084d00000, 0x0000000084d00000| Untracked 
|  78|0x0000000084e00000, 0x0000000084f00000, 0x0000000084f00000|100%| O|  |TAMS 0x0000000084f00000, 0x0000000084e00000| Untracked 
|  79|0x0000000084f00000, 0x0000000085000000, 0x0000000085000000|100%| O|  |TAMS 0x0000000085000000, 0x0000000084f00000| Untracked 
|  80|0x0000000085000000, 0x0000000085100000, 0x0000000085100000|100%| O|  |TAMS 0x0000000085100000, 0x0000000085000000| Untracked 
|  81|0x0000000085100000, 0x0000000085200000, 0x0000000085200000|100%| O|  |TAMS 0x0000000085200000, 0x0000000085100000| Untracked 
|  82|0x0000000085200000, 0x0000000085300000, 0x0000000085300000|100%| O|  |TAMS 0x0000000085300000, 0x0000000085200000| Untracked 
|  83|0x0000000085300000, 0x0000000085400000, 0x0000000085400000|100%| O|  |TAMS 0x0000000085400000, 0x0000000085300000| Untracked 
|  84|0x0000000085400000, 0x0000000085500000, 0x0000000085500000|100%| O|  |TAMS 0x0000000085500000, 0x0000000085400000| Untracked 
|  85|0x0000000085500000, 0x0000000085600000, 0x0000000085600000|100%| O|  |TAMS 0x0000000085600000, 0x0000000085500000| Untracked 
|  86|0x0000000085600000, 0x0000000085700000, 0x0000000085700000|100%| O|  |TAMS 0x0000000085700000, 0x0000000085600000| Untracked 
|  87|0x0000000085700000, 0x0000000085800000, 0x0000000085800000|100%| O|  |TAMS 0x0000000085800000, 0x0000000085700000| Untracked 
|  88|0x0000000085800000, 0x0000000085900000, 0x0000000085900000|100%| O|  |TAMS 0x0000000085900000, 0x0000000085800000| Untracked 
|  89|0x0000000085900000, 0x0000000085a00000, 0x0000000085a00000|100%| O|  |TAMS 0x0000000085a00000, 0x0000000085900000| Untracked 
|  90|0x0000000085a00000, 0x0000000085b00000, 0x0000000085b00000|100%| O|  |TAMS 0x0000000085b00000, 0x0000000085a00000| Untracked 
|  91|0x0000000085b00000, 0x0000000085c00000, 0x0000000085c00000|100%| O|  |TAMS 0x0000000085c00000, 0x0000000085b00000| Untracked 
|  92|0x0000000085c00000, 0x0000000085d00000, 0x0000000085d00000|100%| O|  |TAMS 0x0000000085d00000, 0x0000000085c00000| Untracked 
|  93|0x0000000085d00000, 0x0000000085e00000, 0x0000000085e00000|100%| O|  |TAMS 0x0000000085e00000, 0x0000000085d00000| Untracked 
|  94|0x0000000085e00000, 0x0000000085f00000, 0x0000000085f00000|100%| O|  |TAMS 0x0000000085f00000, 0x0000000085e00000| Untracked 
|  95|0x0000000085f00000, 0x0000000086000000, 0x0000000086000000|100%| O|  |TAMS 0x0000000086000000, 0x0000000085f00000| Untracked 
|  96|0x0000000086000000, 0x0000000086100000, 0x0000000086100000|100%| O|  |TAMS 0x0000000086100000, 0x0000000086000000| Untracked 
|  97|0x0000000086100000, 0x0000000086200000, 0x0000000086200000|100%| O|  |TAMS 0x0000000086200000, 0x0000000086100000| Untracked 
|  98|0x0000000086200000, 0x0000000086300000, 0x0000000086300000|100%| O|  |TAMS 0x0000000086300000, 0x0000000086200000| Untracked 
|  99|0x0000000086300000, 0x0000000086400000, 0x0000000086400000|100%| O|  |TAMS 0x0000000086400000, 0x0000000086300000| Untracked 
| 100|0x0000000086400000, 0x0000000086500000, 0x0000000086500000|100%| O|  |TAMS 0x0000000086500000, 0x0000000086400000| Untracked 
| 101|0x0000000086500000, 0x0000000086600000, 0x0000000086600000|100%| O|  |TAMS 0x0000000086600000, 0x0000000086500000| Untracked 
| 102|0x0000000086600000, 0x0000000086700000, 0x0000000086700000|100%| O|  |TAMS 0x0000000086700000, 0x0000000086600000| Untracked 
| 103|0x0000000086700000, 0x0000000086800000, 0x0000000086800000|100%| O|  |TAMS 0x0000000086800000, 0x0000000086700000| Untracked 
| 104|0x0000000086800000, 0x0000000086800000, 0x0000000086900000|  0%| F|  |TAMS 0x0000000086800000, 0x0000000086800000| Untracked 
| 105|0x0000000086900000, 0x0000000086a00000, 0x0000000086a00000|100%|HS|  |TAMS 0x0000000086a00000, 0x0000000086900000| Complete 
| 106|0x0000000086a00000, 0x0000000086b00000, 0x0000000086b00000|100%|HC|  |TAMS 0x0000000086b00000, 0x0000000086a00000| Complete 
| 107|0x0000000086b00000, 0x0000000086c00000, 0x0000000086c00000|100%|HS|  |TAMS 0x0000000086c00000, 0x0000000086b00000| Complete 
| 108|0x0000000086c00000, 0x0000000086d00000, 0x0000000086d00000|100%|HC|  |TAMS 0x0000000086d00000, 0x0000000086c00000| Complete 
| 109|0x0000000086d00000, 0x0000000086e00000, 0x0000000086e00000|100%|HS|  |TAMS 0x0000000086e00000, 0x0000000086d00000| Complete 
| 110|0x0000000086e00000, 0x0000000086f00000, 0x0000000086f00000|100%|HC|  |TAMS 0x0000000086f00000, 0x0000000086e00000| Complete 
| 111|0x0000000086f00000, 0x0000000087000000, 0x0000000087000000|100%|HC|  |TAMS 0x0000000087000000, 0x0000000086f00000| Complete 
| 112|0x0000000087000000, 0x0000000087100000, 0x0000000087100000|100%|HC|  |TAMS 0x0000000087100000, 0x0000000087000000| Complete 
| 113|0x0000000087100000, 0x0000000087200000, 0x0000000087200000|100%| O|  |TAMS 0x0000000087100000, 0x0000000087100000| Untracked 
| 114|0x0000000087200000, 0x0000000087300000, 0x0000000087300000|100%| O|  |TAMS 0x0000000087200000, 0x0000000087200000| Untracked 
| 115|0x0000000087300000, 0x0000000087400000, 0x0000000087400000|100%| O|  |TAMS 0x0000000087300000, 0x0000000087300000| Untracked 
| 116|0x0000000087400000, 0x0000000087500000, 0x0000000087500000|100%| O|  |TAMS 0x0000000087400000, 0x0000000087400000| Untracked 
| 117|0x0000000087500000, 0x0000000087600000, 0x0000000087600000|100%| O|  |TAMS 0x0000000087500000, 0x0000000087500000| Untracked 
| 118|0x0000000087600000, 0x0000000087700000, 0x0000000087700000|100%|HS|  |TAMS 0x0000000087600000, 0x0000000087600000| Complete 
| 119|0x0000000087700000, 0x0000000087800000, 0x0000000087800000|100%|HC|  |TAMS 0x0000000087700000, 0x0000000087700000| Complete 
| 120|0x0000000087800000, 0x0000000087900000, 0x0000000087900000|100%|HC|  |TAMS 0x0000000087800000, 0x0000000087800000| Complete 
| 121|0x0000000087900000, 0x0000000087a00000, 0x0000000087a00000|100%|HC|  |TAMS 0x0000000087900000, 0x0000000087900000| Complete 
| 122|0x0000000087a00000, 0x0000000087b00000, 0x0000000087b00000|100%| O|  |TAMS 0x0000000087a00000, 0x0000000087a00000| Untracked 
| 123|0x0000000087b00000, 0x0000000087c00000, 0x0000000087c00000|100%| O|  |TAMS 0x0000000087b00000, 0x0000000087b00000| Untracked 
| 124|0x0000000087c00000, 0x0000000087d00000, 0x0000000087d00000|100%| O|  |TAMS 0x0000000087c00000, 0x0000000087c00000| Untracked 
| 125|0x0000000087d00000, 0x0000000087e00000, 0x0000000087e00000|100%| O|  |TAMS 0x0000000087d00000, 0x0000000087d00000| Untracked 
| 126|0x0000000087e00000, 0x0000000087f00000, 0x0000000087f00000|100%| O|  |TAMS 0x0000000087e00000, 0x0000000087e00000| Untracked 
| 127|0x0000000087f00000, 0x0000000087f55600, 0x0000000088000000| 33%| O|  |TAMS 0x0000000087f00000, 0x0000000087f00000| Untracked 
| 128|0x0000000088000000, 0x0000000088000000, 0x0000000088100000|  0%| F|  |TAMS 0x0000000088000000, 0x0000000088000000| Untracked 
| 129|0x0000000088100000, 0x0000000088100000, 0x0000000088200000|  0%| F|  |TAMS 0x0000000088100000, 0x0000000088100000| Untracked 
| 130|0x0000000088200000, 0x0000000088200000, 0x0000000088300000|  0%| F|  |TAMS 0x0000000088200000, 0x0000000088200000| Untracked 
| 131|0x0000000088300000, 0x0000000088300000, 0x0000000088400000|  0%| F|  |TAMS 0x0000000088300000, 0x0000000088300000| Untracked 
| 132|0x0000000088400000, 0x0000000088400000, 0x0000000088500000|  0%| F|  |TAMS 0x0000000088400000, 0x0000000088400000| Untracked 
| 133|0x0000000088500000, 0x0000000088500000, 0x0000000088600000|  0%| F|  |TAMS 0x0000000088500000, 0x0000000088500000| Untracked 
| 134|0x0000000088600000, 0x0000000088600000, 0x0000000088700000|  0%| F|  |TAMS 0x0000000088600000, 0x0000000088600000| Untracked 
| 135|0x0000000088700000, 0x0000000088700000, 0x0000000088800000|  0%| F|  |TAMS 0x0000000088700000, 0x0000000088700000| Untracked 
| 136|0x0000000088800000, 0x0000000088800000, 0x0000000088900000|  0%| F|  |TAMS 0x0000000088800000, 0x0000000088800000| Untracked 
| 137|0x0000000088900000, 0x0000000088900000, 0x0000000088a00000|  0%| F|  |TAMS 0x0000000088900000, 0x0000000088900000| Untracked 
| 138|0x0000000088a00000, 0x0000000088a00000, 0x0000000088b00000|  0%| F|  |TAMS 0x0000000088a00000, 0x0000000088a00000| Untracked 
| 139|0x0000000088b00000, 0x0000000088b00000, 0x0000000088c00000|  0%| F|  |TAMS 0x0000000088b00000, 0x0000000088b00000| Untracked 
| 140|0x0000000088c00000, 0x0000000088c00000, 0x0000000088d00000|  0%| F|  |TAMS 0x0000000088c00000, 0x0000000088c00000| Untracked 
| 141|0x0000000088d00000, 0x0000000088d00000, 0x0000000088e00000|  0%| F|  |TAMS 0x0000000088d00000, 0x0000000088d00000| Untracked 
| 142|0x0000000088e00000, 0x0000000088e00000, 0x0000000088f00000|  0%| F|  |TAMS 0x0000000088e00000, 0x0000000088e00000| Untracked 
| 143|0x0000000088f00000, 0x0000000088f00000, 0x0000000089000000|  0%| F|  |TAMS 0x0000000088f00000, 0x0000000088f00000| Untracked 
| 144|0x0000000089000000, 0x0000000089000000, 0x0000000089100000|  0%| F|  |TAMS 0x0000000089000000, 0x0000000089000000| Untracked 
| 145|0x0000000089100000, 0x0000000089100000, 0x0000000089200000|  0%| F|  |TAMS 0x0000000089100000, 0x0000000089100000| Untracked 
| 146|0x0000000089200000, 0x0000000089200000, 0x0000000089300000|  0%| F|  |TAMS 0x0000000089200000, 0x0000000089200000| Untracked 
| 147|0x0000000089300000, 0x0000000089300000, 0x0000000089400000|  0%| F|  |TAMS 0x0000000089300000, 0x0000000089300000| Untracked 
| 148|0x0000000089400000, 0x0000000089400000, 0x0000000089500000|  0%| F|  |TAMS 0x0000000089400000, 0x0000000089400000| Untracked 
| 149|0x0000000089500000, 0x0000000089500000, 0x0000000089600000|  0%| F|  |TAMS 0x0000000089500000, 0x0000000089500000| Untracked 
| 150|0x0000000089600000, 0x0000000089600000, 0x0000000089700000|  0%| F|  |TAMS 0x0000000089600000, 0x0000000089600000| Untracked 
| 151|0x0000000089700000, 0x0000000089700000, 0x0000000089800000|  0%| F|  |TAMS 0x0000000089700000, 0x0000000089700000| Untracked 
| 152|0x0000000089800000, 0x0000000089800000, 0x0000000089900000|  0%| F|  |TAMS 0x0000000089800000, 0x0000000089800000| Untracked 
| 153|0x0000000089900000, 0x0000000089900000, 0x0000000089a00000|  0%| F|  |TAMS 0x0000000089900000, 0x0000000089900000| Untracked 
| 154|0x0000000089a00000, 0x0000000089a00000, 0x0000000089b00000|  0%| F|  |TAMS 0x0000000089a00000, 0x0000000089a00000| Untracked 
| 155|0x0000000089b00000, 0x0000000089b00000, 0x0000000089c00000|  0%| F|  |TAMS 0x0000000089b00000, 0x0000000089b00000| Untracked 
| 156|0x0000000089c00000, 0x0000000089c00000, 0x0000000089d00000|  0%| F|  |TAMS 0x0000000089c00000, 0x0000000089c00000| Untracked 
| 157|0x0000000089d00000, 0x0000000089d00000, 0x0000000089e00000|  0%| F|  |TAMS 0x0000000089d00000, 0x0000000089d00000| Untracked 
| 158|0x0000000089e00000, 0x0000000089e00000, 0x0000000089f00000|  0%| F|  |TAMS 0x0000000089e00000, 0x0000000089e00000| Untracked 
| 159|0x0000000089f00000, 0x0000000089f00000, 0x000000008a000000|  0%| F|  |TAMS 0x0000000089f00000, 0x0000000089f00000| Untracked 
| 160|0x000000008a000000, 0x000000008a000000, 0x000000008a100000|  0%| F|  |TAMS 0x000000008a000000, 0x000000008a000000| Untracked 
| 161|0x000000008a100000, 0x000000008a100000, 0x000000008a200000|  0%| F|  |TAMS 0x000000008a100000, 0x000000008a100000| Untracked 
| 162|0x000000008a200000, 0x000000008a200000, 0x000000008a300000|  0%| F|  |TAMS 0x000000008a200000, 0x000000008a200000| Untracked 
| 163|0x000000008a300000, 0x000000008a300000, 0x000000008a400000|  0%| F|  |TAMS 0x000000008a300000, 0x000000008a300000| Untracked 
| 164|0x000000008a400000, 0x000000008a400000, 0x000000008a500000|  0%| F|  |TAMS 0x000000008a400000, 0x000000008a400000| Untracked 
| 165|0x000000008a500000, 0x000000008a500000, 0x000000008a600000|  0%| F|  |TAMS 0x000000008a500000, 0x000000008a500000| Untracked 
| 166|0x000000008a600000, 0x000000008a600000, 0x000000008a700000|  0%| F|  |TAMS 0x000000008a600000, 0x000000008a600000| Untracked 
| 167|0x000000008a700000, 0x000000008a700000, 0x000000008a800000|  0%| F|  |TAMS 0x000000008a700000, 0x000000008a700000| Untracked 
| 168|0x000000008a800000, 0x000000008a800000, 0x000000008a900000|  0%| F|  |TAMS 0x000000008a800000, 0x000000008a800000| Untracked 
| 169|0x000000008a900000, 0x000000008a900000, 0x000000008aa00000|  0%| F|  |TAMS 0x000000008a900000, 0x000000008a900000| Untracked 
| 170|0x000000008aa00000, 0x000000008aa00000, 0x000000008ab00000|  0%| F|  |TAMS 0x000000008aa00000, 0x000000008aa00000| Untracked 
| 171|0x000000008ab00000, 0x000000008ab00000, 0x000000008ac00000|  0%| F|  |TAMS 0x000000008ab00000, 0x000000008ab00000| Untracked 
| 172|0x000000008ac00000, 0x000000008ac00000, 0x000000008ad00000|  0%| F|  |TAMS 0x000000008ac00000, 0x000000008ac00000| Untracked 
| 173|0x000000008ad00000, 0x000000008ad00000, 0x000000008ae00000|  0%| F|  |TAMS 0x000000008ad00000, 0x000000008ad00000| Untracked 
| 174|0x000000008ae00000, 0x000000008ae00000, 0x000000008af00000|  0%| F|  |TAMS 0x000000008ae00000, 0x000000008ae00000| Untracked 
| 175|0x000000008af00000, 0x000000008af00000, 0x000000008b000000|  0%| F|  |TAMS 0x000000008af00000, 0x000000008af00000| Untracked 
| 176|0x000000008b000000, 0x000000008b000000, 0x000000008b100000|  0%| F|  |TAMS 0x000000008b000000, 0x000000008b000000| Untracked 
| 177|0x000000008b100000, 0x000000008b100000, 0x000000008b200000|  0%| F|  |TAMS 0x000000008b100000, 0x000000008b100000| Untracked 
| 178|0x000000008b200000, 0x000000008b200000, 0x000000008b300000|  0%| F|  |TAMS 0x000000008b200000, 0x000000008b200000| Untracked 
| 179|0x000000008b300000, 0x000000008b300000, 0x000000008b400000|  0%| F|  |TAMS 0x000000008b300000, 0x000000008b300000| Untracked 
| 180|0x000000008b400000, 0x000000008b400000, 0x000000008b500000|  0%| F|  |TAMS 0x000000008b400000, 0x000000008b400000| Untracked 
| 181|0x000000008b500000, 0x000000008b500000, 0x000000008b600000|  0%| F|  |TAMS 0x000000008b500000, 0x000000008b500000| Untracked 
| 182|0x000000008b600000, 0x000000008b600000, 0x000000008b700000|  0%| F|  |TAMS 0x000000008b600000, 0x000000008b600000| Untracked 
| 183|0x000000008b700000, 0x000000008b700000, 0x000000008b800000|  0%| F|  |TAMS 0x000000008b700000, 0x000000008b700000| Untracked 
| 184|0x000000008b800000, 0x000000008b800000, 0x000000008b900000|  0%| F|  |TAMS 0x000000008b800000, 0x000000008b800000| Untracked 
| 185|0x000000008b900000, 0x000000008b900000, 0x000000008ba00000|  0%| F|  |TAMS 0x000000008b900000, 0x000000008b900000| Untracked 
| 186|0x000000008ba00000, 0x000000008ba00000, 0x000000008bb00000|  0%| F|  |TAMS 0x000000008ba00000, 0x000000008ba00000| Untracked 
| 187|0x000000008bb00000, 0x000000008bba71a8, 0x000000008bc00000| 65%| E|  |TAMS 0x000000008bb00000, 0x000000008bb00000| Complete 
| 188|0x000000008bc00000, 0x000000008bd00000, 0x000000008bd00000|100%| E|CS|TAMS 0x000000008bc00000, 0x000000008bc00000| Complete 
| 189|0x000000008bd00000, 0x000000008be00000, 0x000000008be00000|100%| E|CS|TAMS 0x000000008bd00000, 0x000000008bd00000| Complete 
| 190|0x000000008be00000, 0x000000008bf00000, 0x000000008bf00000|100%| E|CS|TAMS 0x000000008be00000, 0x000000008be00000| Complete 
| 191|0x000000008bf00000, 0x000000008c000000, 0x000000008c000000|100%| E|CS|TAMS 0x000000008bf00000, 0x000000008bf00000| Complete 
| 192|0x000000008c000000, 0x000000008c100000, 0x000000008c100000|100%| E|CS|TAMS 0x000000008c000000, 0x000000008c000000| Complete 
| 193|0x000000008c100000, 0x000000008c200000, 0x000000008c200000|100%| E|CS|TAMS 0x000000008c100000, 0x000000008c100000| Complete 
| 194|0x000000008c200000, 0x000000008c300000, 0x000000008c300000|100%| E|CS|TAMS 0x000000008c200000, 0x000000008c200000| Complete 
| 195|0x000000008c300000, 0x000000008c400000, 0x000000008c400000|100%| E|CS|TAMS 0x000000008c300000, 0x000000008c300000| Complete 
| 196|0x000000008c400000, 0x000000008c500000, 0x000000008c500000|100%| E|  |TAMS 0x000000008c400000, 0x000000008c400000| Complete 
| 197|0x000000008c500000, 0x000000008c600000, 0x000000008c600000|100%| E|CS|TAMS 0x000000008c500000, 0x000000008c500000| Complete 
| 198|0x000000008c600000, 0x000000008c700000, 0x000000008c700000|100%| E|CS|TAMS 0x000000008c600000, 0x000000008c600000| Complete 
| 199|0x000000008c700000, 0x000000008c800000, 0x000000008c800000|100%| E|CS|TAMS 0x000000008c700000, 0x000000008c700000| Complete 
| 200|0x000000008c800000, 0x000000008c900000, 0x000000008c900000|100%| E|CS|TAMS 0x000000008c800000, 0x000000008c800000| Complete 
| 201|0x000000008c900000, 0x000000008ca00000, 0x000000008ca00000|100%| E|CS|TAMS 0x000000008c900000, 0x000000008c900000| Complete 
| 202|0x000000008ca00000, 0x000000008cb00000, 0x000000008cb00000|100%| E|CS|TAMS 0x000000008ca00000, 0x000000008ca00000| Complete 
| 203|0x000000008cb00000, 0x000000008cc00000, 0x000000008cc00000|100%| E|CS|TAMS 0x000000008cb00000, 0x000000008cb00000| Complete 
| 204|0x000000008cc00000, 0x000000008cd00000, 0x000000008cd00000|100%| E|CS|TAMS 0x000000008cc00000, 0x000000008cc00000| Complete 
| 205|0x000000008cd00000, 0x000000008ce00000, 0x000000008ce00000|100%| E|CS|TAMS 0x000000008cd00000, 0x000000008cd00000| Complete 
| 206|0x000000008ce00000, 0x000000008cf00000, 0x000000008cf00000|100%| E|CS|TAMS 0x000000008ce00000, 0x000000008ce00000| Complete 
| 207|0x000000008cf00000, 0x000000008d000000, 0x000000008d000000|100%| E|CS|TAMS 0x000000008cf00000, 0x000000008cf00000| Complete 
| 208|0x000000008d000000, 0x000000008d100000, 0x000000008d100000|100%| E|CS|TAMS 0x000000008d000000, 0x000000008d000000| Complete 
| 209|0x000000008d100000, 0x000000008d200000, 0x000000008d200000|100%| E|CS|TAMS 0x000000008d100000, 0x000000008d100000| Complete 
| 210|0x000000008d200000, 0x000000008d300000, 0x000000008d300000|100%| E|CS|TAMS 0x000000008d200000, 0x000000008d200000| Complete 
| 211|0x000000008d300000, 0x000000008d400000, 0x000000008d400000|100%| E|CS|TAMS 0x000000008d300000, 0x000000008d300000| Complete 
| 212|0x000000008d400000, 0x000000008d500000, 0x000000008d500000|100%| E|CS|TAMS 0x000000008d400000, 0x000000008d400000| Complete 
| 213|0x000000008d500000, 0x000000008d600000, 0x000000008d600000|100%| E|CS|TAMS 0x000000008d500000, 0x000000008d500000| Complete 
| 214|0x000000008d600000, 0x000000008d700000, 0x000000008d700000|100%| E|CS|TAMS 0x000000008d600000, 0x000000008d600000| Complete 
| 215|0x000000008d700000, 0x000000008d800000, 0x000000008d800000|100%| E|CS|TAMS 0x000000008d700000, 0x000000008d700000| Complete 
| 216|0x000000008d800000, 0x000000008d900000, 0x000000008d900000|100%| E|CS|TAMS 0x000000008d800000, 0x000000008d800000| Complete 
| 217|0x000000008d900000, 0x000000008da00000, 0x000000008da00000|100%| E|CS|TAMS 0x000000008d900000, 0x000000008d900000| Complete 
| 218|0x000000008da00000, 0x000000008db00000, 0x000000008db00000|100%| E|CS|TAMS 0x000000008da00000, 0x000000008da00000| Complete 
| 219|0x000000008db00000, 0x000000008dc00000, 0x000000008dc00000|100%| E|CS|TAMS 0x000000008db00000, 0x000000008db00000| Complete 
| 220|0x000000008dc00000, 0x000000008dd00000, 0x000000008dd00000|100%| E|CS|TAMS 0x000000008dc00000, 0x000000008dc00000| Complete 
| 221|0x000000008dd00000, 0x000000008de00000, 0x000000008de00000|100%| E|CS|TAMS 0x000000008dd00000, 0x000000008dd00000| Complete 
| 222|0x000000008de00000, 0x000000008df00000, 0x000000008df00000|100%| E|CS|TAMS 0x000000008de00000, 0x000000008de00000| Complete 
| 223|0x000000008df00000, 0x000000008e000000, 0x000000008e000000|100%| E|CS|TAMS 0x000000008df00000, 0x000000008df00000| Complete 
| 224|0x000000008e000000, 0x000000008e100000, 0x000000008e100000|100%| E|CS|TAMS 0x000000008e000000, 0x000000008e000000| Complete 
| 225|0x000000008e100000, 0x000000008e200000, 0x000000008e200000|100%| E|CS|TAMS 0x000000008e100000, 0x000000008e100000| Complete 
| 226|0x000000008e200000, 0x000000008e300000, 0x000000008e300000|100%| E|CS|TAMS 0x000000008e200000, 0x000000008e200000| Complete 
| 227|0x000000008e300000, 0x000000008e400000, 0x000000008e400000|100%| E|CS|TAMS 0x000000008e300000, 0x000000008e300000| Complete 
| 228|0x000000008e400000, 0x000000008e500000, 0x000000008e500000|100%| E|CS|TAMS 0x000000008e400000, 0x000000008e400000| Complete 
| 229|0x000000008e500000, 0x000000008e600000, 0x000000008e600000|100%| E|CS|TAMS 0x000000008e500000, 0x000000008e500000| Complete 
| 230|0x000000008e600000, 0x000000008e700000, 0x000000008e700000|100%| E|CS|TAMS 0x000000008e600000, 0x000000008e600000| Complete 
| 231|0x000000008e700000, 0x000000008e800000, 0x000000008e800000|100%| E|CS|TAMS 0x000000008e700000, 0x000000008e700000| Complete 
| 232|0x000000008e800000, 0x000000008e900000, 0x000000008e900000|100%| E|CS|TAMS 0x000000008e800000, 0x000000008e800000| Complete 
| 233|0x000000008e900000, 0x000000008ea00000, 0x000000008ea00000|100%| E|CS|TAMS 0x000000008e900000, 0x000000008e900000| Complete 
| 234|0x000000008ea00000, 0x000000008eb00000, 0x000000008eb00000|100%| E|CS|TAMS 0x000000008ea00000, 0x000000008ea00000| Complete 
| 235|0x000000008eb00000, 0x000000008ec00000, 0x000000008ec00000|100%| E|CS|TAMS 0x000000008eb00000, 0x000000008eb00000| Complete 
| 236|0x000000008ec00000, 0x000000008ed00000, 0x000000008ed00000|100%| E|CS|TAMS 0x000000008ec00000, 0x000000008ec00000| Complete 
| 237|0x000000008ed00000, 0x000000008ee00000, 0x000000008ee00000|100%| E|CS|TAMS 0x000000008ed00000, 0x000000008ed00000| Complete 
| 238|0x000000008ee00000, 0x000000008ef00000, 0x000000008ef00000|100%| E|CS|TAMS 0x000000008ee00000, 0x000000008ee00000| Complete 
| 239|0x000000008ef00000, 0x000000008f000000, 0x000000008f000000|100%| E|CS|TAMS 0x000000008ef00000, 0x000000008ef00000| Complete 
| 240|0x000000008f000000, 0x000000008f100000, 0x000000008f100000|100%| E|CS|TAMS 0x000000008f000000, 0x000000008f000000| Complete 
| 241|0x000000008f100000, 0x000000008f200000, 0x000000008f200000|100%| E|CS|TAMS 0x000000008f100000, 0x000000008f100000| Complete 
| 242|0x000000008f200000, 0x000000008f300000, 0x000000008f300000|100%| E|CS|TAMS 0x000000008f200000, 0x000000008f200000| Complete 
| 243|0x000000008f300000, 0x000000008f400000, 0x000000008f400000|100%| E|CS|TAMS 0x000000008f300000, 0x000000008f300000| Complete 
| 244|0x000000008f400000, 0x000000008f500000, 0x000000008f500000|100%| E|CS|TAMS 0x000000008f400000, 0x000000008f400000| Complete 
| 245|0x000000008f500000, 0x000000008f600000, 0x000000008f600000|100%| E|CS|TAMS 0x000000008f500000, 0x000000008f500000| Complete 
| 246|0x000000008f600000, 0x000000008f700000, 0x000000008f700000|100%| E|CS|TAMS 0x000000008f600000, 0x000000008f600000| Complete 
| 247|0x000000008f700000, 0x000000008f800000, 0x000000008f800000|100%| E|CS|TAMS 0x000000008f700000, 0x000000008f700000| Complete 
| 248|0x000000008f800000, 0x000000008f900000, 0x000000008f900000|100%| E|CS|TAMS 0x000000008f800000, 0x000000008f800000| Complete 
| 249|0x000000008f900000, 0x000000008fa00000, 0x000000008fa00000|100%| E|CS|TAMS 0x000000008f900000, 0x000000008f900000| Complete 
| 250|0x000000008fa00000, 0x000000008fb00000, 0x000000008fb00000|100%| E|CS|TAMS 0x000000008fa00000, 0x000000008fa00000| Complete 
| 251|0x000000008fb00000, 0x000000008fc00000, 0x000000008fc00000|100%| E|CS|TAMS 0x000000008fb00000, 0x000000008fb00000| Complete 
| 252|0x000000008fc00000, 0x000000008fd00000, 0x000000008fd00000|100%| E|CS|TAMS 0x000000008fc00000, 0x000000008fc00000| Complete 
| 253|0x000000008fd00000, 0x000000008fe00000, 0x000000008fe00000|100%| E|CS|TAMS 0x000000008fd00000, 0x000000008fd00000| Complete 
| 254|0x000000008fe00000, 0x000000008ff00000, 0x000000008ff00000|100%| E|CS|TAMS 0x000000008fe00000, 0x000000008fe00000| Complete 
| 255|0x000000008ff00000, 0x0000000090000000, 0x0000000090000000|100%| E|CS|TAMS 0x000000008ff00000, 0x000000008ff00000| Complete 
| 256|0x0000000090000000, 0x0000000090100000, 0x0000000090100000|100%| E|CS|TAMS 0x0000000090000000, 0x0000000090000000| Complete 
| 257|0x0000000090100000, 0x0000000090200000, 0x0000000090200000|100%| E|CS|TAMS 0x0000000090100000, 0x0000000090100000| Complete 
| 258|0x0000000090200000, 0x0000000090300000, 0x0000000090300000|100%| E|CS|TAMS 0x0000000090200000, 0x0000000090200000| Complete 
| 259|0x0000000090300000, 0x0000000090400000, 0x0000000090400000|100%| E|CS|TAMS 0x0000000090300000, 0x0000000090300000| Complete 
| 260|0x0000000090400000, 0x0000000090500000, 0x0000000090500000|100%| E|CS|TAMS 0x0000000090400000, 0x0000000090400000| Complete 
| 261|0x0000000090500000, 0x0000000090600000, 0x0000000090600000|100%| E|CS|TAMS 0x0000000090500000, 0x0000000090500000| Complete 
| 262|0x0000000090600000, 0x0000000090700000, 0x0000000090700000|100%| E|CS|TAMS 0x0000000090600000, 0x0000000090600000| Complete 
| 263|0x0000000090700000, 0x0000000090800000, 0x0000000090800000|100%| E|CS|TAMS 0x0000000090700000, 0x0000000090700000| Complete 
| 264|0x0000000090800000, 0x0000000090900000, 0x0000000090900000|100%| E|CS|TAMS 0x0000000090800000, 0x0000000090800000| Complete 
| 265|0x0000000090900000, 0x00000000909bb418, 0x0000000090a00000| 73%| S|CS|TAMS 0x0000000090900000, 0x0000000090900000| Complete 
| 266|0x0000000090a00000, 0x0000000090b00000, 0x0000000090b00000|100%| S|CS|TAMS 0x0000000090a00000, 0x0000000090a00000| Complete 
| 267|0x0000000090b00000, 0x0000000090c00000, 0x0000000090c00000|100%| E|CS|TAMS 0x0000000090b00000, 0x0000000090b00000| Complete 
| 268|0x0000000090c00000, 0x0000000090d00000, 0x0000000090d00000|100%| E|CS|TAMS 0x0000000090c00000, 0x0000000090c00000| Complete 
| 269|0x0000000090d00000, 0x0000000090e00000, 0x0000000090e00000|100%| E|CS|TAMS 0x0000000090d00000, 0x0000000090d00000| Complete 
| 270|0x0000000090e00000, 0x0000000090f00000, 0x0000000090f00000|100%| E|CS|TAMS 0x0000000090e00000, 0x0000000090e00000| Complete 

Card table byte_map: [0x0000022ffa770000,0x0000022ffab70000] _byte_map_base: 0x0000022ffa370000

Marking Bits (Prev, Next): (CMBitMap*) 0x0000022fe79a6db0, (CMBitMap*) 0x0000022fe79a6df0
 Prev Bits: [0x0000022ffaf70000, 0x0000022ffcf70000)
 Next Bits: [0x0000022ffcf70000, 0x0000022ffef70000)

Polling page: 0x0000022fe5950000

Metaspace:

Usage:
  Non-class:    114.10 MB used.
      Class:     17.45 MB used.
       Both:    131.55 MB used.

Virtual space:
  Non-class space:      120.00 MB reserved,     114.62 MB ( 96%) committed,  15 nodes.
      Class space:        1.00 GB reserved,      17.88 MB (  2%) committed,  1 nodes.
             Both:        1.12 GB reserved,     132.50 MB ( 12%) committed. 

Chunk freelists:
   Non-Class:  758.00 KB
       Class:  2.00 MB
        Both:  2.74 MB

MaxMetaspaceSize: unlimited
CompressedClassSpaceSize: 1.00 GB
Initial GC threshold: 21.00 MB
Current GC threshold: 201.38 MB
CDS: off
MetaspaceReclaimPolicy: balanced
 - commit_granule_bytes: 65536.
 - commit_granule_words: 8192.
 - virtual_space_node_default_size: 1048576.
 - enlarge_chunks_in_place: 1.
 - new_chunks_are_fully_committed: 0.
 - uncommit_free_chunks: 1.
 - use_allocation_guard: 0.
 - handle_deallocations: 1.


Internal statistics:

num_allocs_failed_limit: 3.
num_arena_births: 1256.
num_arena_deaths: 0.
num_vsnodes_births: 16.
num_vsnodes_deaths: 0.
num_space_committed: 2118.
num_space_uncommitted: 0.
num_chunks_returned_to_freelist: 3.
num_chunks_taken_from_freelist: 6041.
num_chunk_merges: 0.
num_chunk_splits: 4398.
num_chunks_enlarged: 3323.
num_purges: 0.
num_inconsistent_stats: 0.

CodeHeap 'non-profiled nmethods': size=120000Kb used=5468Kb max_used=5607Kb free=114531Kb
 bounds [0x0000022ff28e0000, 0x0000022ff2e60000, 0x0000022ff9e10000]
CodeHeap 'profiled nmethods': size=120000Kb used=22107Kb max_used=22107Kb free=97892Kb
 bounds [0x0000022feae10000, 0x0000022fec3b0000, 0x0000022ff2340000]
CodeHeap 'non-nmethods': size=5760Kb used=2533Kb max_used=2565Kb free=3226Kb
 bounds [0x0000022ff2340000, 0x0000022ff25d0000, 0x0000022ff28e0000]
 total_blobs=12371 nmethods=11272 adapters=1010
 compilation: enabled
              stopped_count=0, restarted_count=0
 full_count=0

Compilation events (20 events):
Event: 49.016 Thread 0x0000022f828982b0 nmethod 12825 0x0000022ff2adef10 code [0x0000022ff2adf280, 0x0000022ff2ae1a38]
Event: 49.016 Thread 0x0000022f828982b0 12842 %     4       java.io.ObjectOutputStream$BlockDataOutputStream::getUTFLength @ 47 (124 bytes)
Event: 49.029 Thread 0x0000022f828982b0 nmethod 12842% 0x0000022ff2ade210 code [0x0000022ff2ade3a0, 0x0000022ff2adeb38]
Event: 49.030 Thread 0x0000022f828982b0 12843 %     4       java.io.ObjectOutputStream$BlockDataOutputStream::writeBytes @ 95 (144 bytes)
Event: 49.045 Thread 0x0000022f828982b0 nmethod 12843% 0x0000022ff2add410 code [0x0000022ff2add5c0, 0x0000022ff2addcc8]
Event: 49.045 Thread 0x0000022f828982b0 12848       4       java.lang.Class::searchMethods (104 bytes)
Event: 49.057 Thread 0x0000022f828982b0 nmethod 12848 0x0000022ff2adcb90 code [0x0000022ff2adcd20, 0x0000022ff2add138]
Event: 49.057 Thread 0x0000022f828982b0 12844       4       java.net.URL::toExternalForm (9 bytes)
Event: 49.058 Thread 0x0000022f828982b0 nmethod 12844 0x0000022ff2c4a290 code [0x0000022ff2c4a420, 0x0000022ff2c4a4e8]
Event: 49.058 Thread 0x0000022f828982b0 12828       4       java.lang.ref.SoftReference::<init> (13 bytes)
Event: 49.062 Thread 0x0000022f828982b0 nmethod 12828 0x0000022ff2c49d90 code [0x0000022ff2c49f00, 0x0000022ff2c4a158]
Event: 49.062 Thread 0x0000022f828982b0 12845       4       sun.invoke.util.VerifyAccess::isSamePackage (37 bytes)
Event: 49.084 Thread 0x0000022f828ae5c0 12850       1       java.lang.invoke.LambdaForm::arity (5 bytes)
Event: 49.085 Thread 0x0000022f828ae5c0 nmethod 12850 0x0000022ff2adc890 code [0x0000022ff2adca20, 0x0000022ff2adcaf8]
Event: 49.091 Thread 0x0000022f828ae5c0 12852       3       java.io.ObjectInputStream$BlockDataInputStream::readUnsignedShort (76 bytes)
Event: 49.092 Thread 0x0000022f828ae5c0 nmethod 12852 0x0000022fec3a7490 code [0x0000022fec3a7660, 0x0000022fec3a7998]
Event: 49.092 Thread 0x0000022f828ae5c0 12853       3       java.io.ObjectInputStream$BlockDataInputStream::readUTFBody (192 bytes)
Event: 49.094 Thread 0x0000022f828ae5c0 nmethod 12853 0x0000022fec3a7b10 code [0x0000022fec3a7d80, 0x0000022fec3a8918]
Event: 49.114 Thread 0x0000022f828982b0 nmethod 12845 0x0000022ff2adaa90 code [0x0000022ff2adacc0, 0x0000022ff2adbfb0]
Event: 49.114 Thread 0x0000022f828982b0 12849       4       jdk.internal.org.objectweb.asm.MethodWriter::computeAllFrames (510 bytes)

GC Heap History (20 events):
Event: 27.931 GC heap before
{Heap before GC invocations=35 (full 0):
 garbage-first heap   total 277504K, used 208961K [0x0000000080000000, 0x0000000100000000)
  region size 1024K, 121 young (123904K), 6 survivors (6144K)
 Metaspace       used 88122K, committed 88768K, reserved 1130496K
  class space    used 11711K, committed 12032K, reserved 1048576K
}
Event: 27.944 GC heap after
{Heap after GC invocations=36 (full 0):
 garbage-first heap   total 277504K, used 99980K [0x0000000080000000, 0x0000000100000000)
  region size 1024K, 14 young (14336K), 14 survivors (14336K)
 Metaspace       used 88122K, committed 88768K, reserved 1130496K
  class space    used 11711K, committed 12032K, reserved 1048576K
}
Event: 29.907 GC heap before
{Heap before GC invocations=37 (full 0):
 garbage-first heap   total 277504K, used 216716K [0x0000000080000000, 0x0000000100000000)
  region size 1024K, 127 young (130048K), 14 survivors (14336K)
 Metaspace       used 95000K, committed 95680K, reserved 1138688K
  class space    used 12492K, committed 12800K, reserved 1048576K
}
Event: 29.920 GC heap after
{Heap after GC invocations=38 (full 0):
 garbage-first heap   total 277504K, used 106827K [0x0000000080000000, 0x0000000100000000)
  region size 1024K, 15 young (15360K), 15 survivors (15360K)
 Metaspace       used 95000K, committed 95680K, reserved 1138688K
  class space    used 12492K, committed 12800K, reserved 1048576K
}
Event: 29.927 GC heap before
{Heap before GC invocations=38 (full 0):
 garbage-first heap   total 277504K, used 106827K [0x0000000080000000, 0x0000000100000000)
  region size 1024K, 16 young (16384K), 15 survivors (15360K)
 Metaspace       used 95003K, committed 95680K, reserved 1138688K
  class space    used 12492K, committed 12800K, reserved 1048576K
}
Event: 29.935 GC heap after
{Heap after GC invocations=39 (full 0):
 garbage-first heap   total 277504K, used 108184K [0x0000000080000000, 0x0000000100000000)
  region size 1024K, 2 young (2048K), 2 survivors (2048K)
 Metaspace       used 95003K, committed 95680K, reserved 1138688K
  class space    used 12492K, committed 12800K, reserved 1048576K
}
Event: 32.491 GC heap before
{Heap before GC invocations=39 (full 0):
 garbage-first heap   total 277504K, used 221848K [0x0000000080000000, 0x0000000100000000)
  region size 1024K, 113 young (115712K), 2 survivors (2048K)
 Metaspace       used 109653K, committed 110272K, reserved 1146880K
  class space    used 14174K, committed 14464K, reserved 1048576K
}
Event: 32.496 GC heap after
{Heap after GC invocations=40 (full 0):
 garbage-first heap   total 277504K, used 110439K [0x0000000080000000, 0x0000000100000000)
  region size 1024K, 5 young (5120K), 5 survivors (5120K)
 Metaspace       used 109653K, committed 110272K, reserved 1146880K
  class space    used 14174K, committed 14464K, reserved 1048576K
}
Event: 32.676 GC heap before
{Heap before GC invocations=40 (full 0):
 garbage-first heap   total 277504K, used 127847K [0x0000000080000000, 0x0000000100000000)
  region size 1024K, 23 young (23552K), 5 survivors (5120K)
 Metaspace       used 109758K, committed 110400K, reserved 1146880K
  class space    used 14175K, committed 14464K, reserved 1048576K
}
Event: 32.683 GC heap after
{Heap after GC invocations=41 (full 0):
 garbage-first heap   total 277504K, used 113101K [0x0000000080000000, 0x0000000100000000)
  region size 1024K, 7 young (7168K), 7 survivors (7168K)
 Metaspace       used 109758K, committed 110400K, reserved 1146880K
  class space    used 14175K, committed 14464K, reserved 1048576K
}
Event: 34.743 GC heap before
{Heap before GC invocations=42 (full 0):
 garbage-first heap   total 277504K, used 229837K [0x0000000080000000, 0x0000000100000000)
  region size 1024K, 120 young (122880K), 7 survivors (7168K)
 Metaspace       used 114509K, committed 115200K, reserved 1155072K
  class space    used 14797K, committed 15104K, reserved 1048576K
}
Event: 34.750 GC heap after
{Heap after GC invocations=43 (full 0):
 garbage-first heap   total 277504K, used 112811K [0x0000000080000000, 0x0000000100000000)
  region size 1024K, 7 young (7168K), 7 survivors (7168K)
 Metaspace       used 114509K, committed 115200K, reserved 1155072K
  class space    used 14797K, committed 15104K, reserved 1048576K
}
Event: 38.996 GC heap before
{Heap before GC invocations=43 (full 0):
 garbage-first heap   total 277504K, used 184491K [0x0000000080000000, 0x0000000100000000)
  region size 1024K, 78 young (79872K), 7 survivors (7168K)
 Metaspace       used 120661K, committed 121472K, reserved 1155072K
  class space    used 15796K, committed 16192K, reserved 1048576K
}
Event: 39.006 GC heap after
{Heap after GC invocations=44 (full 0):
 garbage-first heap   total 277504K, used 117868K [0x0000000080000000, 0x0000000100000000)
  region size 1024K, 12 young (12288K), 12 survivors (12288K)
 Metaspace       used 120661K, committed 121472K, reserved 1155072K
  class space    used 15796K, committed 16192K, reserved 1048576K
}
Event: 39.909 GC heap before
{Heap before GC invocations=45 (full 0):
 garbage-first heap   total 277504K, used 155756K [0x0000000080000000, 0x0000000100000000)
  region size 1024K, 42 young (43008K), 12 survivors (12288K)
 Metaspace       used 122695K, committed 123520K, reserved 1163264K
  class space    used 16082K, committed 16448K, reserved 1048576K
}
Event: 39.918 GC heap after
{Heap after GC invocations=46 (full 0):
 garbage-first heap   total 277504K, used 128434K [0x0000000080000000, 0x0000000100000000)
  region size 1024K, 8 young (8192K), 8 survivors (8192K)
 Metaspace       used 122695K, committed 123520K, reserved 1163264K
  class space    used 16082K, committed 16448K, reserved 1048576K
}
Event: 43.054 GC heap before
{Heap before GC invocations=47 (full 0):
 garbage-first heap   total 277504K, used 222642K [0x0000000080000000, 0x0000000100000000)
  region size 1024K, 97 young (99328K), 8 survivors (8192K)
 Metaspace       used 128524K, committed 129280K, reserved 1163264K
  class space    used 16942K, committed 17280K, reserved 1048576K
}
Event: 43.065 GC heap after
{Heap after GC invocations=48 (full 0):
 garbage-first heap   total 277504K, used 130048K [0x0000000080000000, 0x0000000100000000)
  region size 1024K, 9 young (9216K), 9 survivors (9216K)
 Metaspace       used 128524K, committed 129280K, reserved 1163264K
  class space    used 16942K, committed 17280K, reserved 1048576K
}
Event: 43.181 GC heap before
{Heap before GC invocations=48 (full 0):
 garbage-first heap   total 277504K, used 134144K [0x0000000080000000, 0x0000000100000000)
  region size 1024K, 13 young (13312K), 9 survivors (9216K)
 Metaspace       used 128691K, committed 129472K, reserved 1163264K
  class space    used 16969K, committed 17344K, reserved 1048576K
}
Event: 43.190 GC heap after
{Heap after GC invocations=49 (full 0):
 garbage-first heap   total 277504K, used 131138K [0x0000000080000000, 0x0000000100000000)
  region size 1024K, 2 young (2048K), 2 survivors (2048K)
 Metaspace       used 128691K, committed 129472K, reserved 1163264K
  class space    used 16969K, committed 17344K, reserved 1048576K
}

Dll operation events (3 events):
Event: 0.027 Loaded shared library C:\Progs\Android\Android Studio\jbr\bin\java.dll
Event: 0.639 Loaded shared library C:\Progs\Android\Android Studio\jbr\bin\zip.dll
Event: 1.952 Loaded shared library C:\Progs\Android\Android Studio\jbr\bin\verify.dll

Deoptimization events (20 events):
Event: 48.853 Thread 0x0000022f908414f0 Uncommon trap: trap_request=0xffffffc6 fr.pc=0x0000022ff2961ab8 relative=0x0000000000001638
Event: 48.853 Thread 0x0000022f908414f0 Uncommon trap: reason=bimorphic_or_optimized_type_check action=maybe_recompile pc=0x0000022ff2961ab8 method=java.util.Spliterators$1Adapter.hasNext()Z @ 12 c2
Event: 48.853 Thread 0x0000022f908414f0 DEOPT PACKING pc=0x0000022ff2961ab8 sp=0x000000a3e32fbc70
Event: 48.853 Thread 0x0000022f908414f0 DEOPT UNPACKING pc=0x0000022ff23969a3 sp=0x000000a3e32fbc58 mode 2
Event: 48.880 Thread 0x0000022f908414f0 Uncommon trap: trap_request=0xffffffde fr.pc=0x0000022ff2ae6fc0 relative=0x0000000000000380
Event: 48.880 Thread 0x0000022f908414f0 Uncommon trap: reason=class_check action=maybe_recompile pc=0x0000022ff2ae6fc0 method=java.lang.StringConcatHelper.stringOf(Ljava/lang/Object;)Ljava/lang/String; @ 5 c2
Event: 48.880 Thread 0x0000022f908414f0 DEOPT PACKING pc=0x0000022ff2ae6fc0 sp=0x000000a3e32fcd10
Event: 48.880 Thread 0x0000022f908414f0 DEOPT UNPACKING pc=0x0000022ff23969a3 sp=0x000000a3e32fcc50 mode 2
Event: 48.880 Thread 0x0000022f908414f0 Uncommon trap: trap_request=0xffffffde fr.pc=0x0000022ff2ae6fc0 relative=0x0000000000000380
Event: 48.880 Thread 0x0000022f908414f0 Uncommon trap: reason=class_check action=maybe_recompile pc=0x0000022ff2ae6fc0 method=java.lang.StringConcatHelper.stringOf(Ljava/lang/Object;)Ljava/lang/String; @ 5 c2
Event: 48.880 Thread 0x0000022f908414f0 DEOPT PACKING pc=0x0000022ff2ae6fc0 sp=0x000000a3e32fca70
Event: 48.880 Thread 0x0000022f908414f0 DEOPT UNPACKING pc=0x0000022ff23969a3 sp=0x000000a3e32fc9b0 mode 2
Event: 48.891 Thread 0x0000022f908414f0 Uncommon trap: trap_request=0xffffff45 fr.pc=0x0000022ff2a91260 relative=0x0000000000001460
Event: 48.891 Thread 0x0000022f908414f0 Uncommon trap: reason=unstable_if action=reinterpret pc=0x0000022ff2a91260 method=java.util.WeakHashMap.matchesKey(Ljava/util/WeakHashMap$Entry;Ljava/lang/Object;)Z @ 5 c2
Event: 48.891 Thread 0x0000022f908414f0 DEOPT PACKING pc=0x0000022ff2a91260 sp=0x000000a3e32fca30
Event: 48.891 Thread 0x0000022f908414f0 DEOPT UNPACKING pc=0x0000022ff23969a3 sp=0x000000a3e32fc9b8 mode 2
Event: 48.983 Thread 0x0000022f908414f0 Uncommon trap: trap_request=0xffffff45 fr.pc=0x0000022ff2a4c450 relative=0x0000000000000510
Event: 48.983 Thread 0x0000022f908414f0 Uncommon trap: reason=unstable_if action=reinterpret pc=0x0000022ff2a4c450 method=java.lang.String.valueOf(Ljava/lang/Object;)Ljava/lang/String; @ 1 c2
Event: 48.983 Thread 0x0000022f908414f0 DEOPT PACKING pc=0x0000022ff2a4c450 sp=0x000000a3e32fd7a0
Event: 48.983 Thread 0x0000022f908414f0 DEOPT UNPACKING pc=0x0000022ff23969a3 sp=0x000000a3e32fd738 mode 2

Classes unloaded (0 events):
No events

Classes redefined (0 events):
No events

Internal exceptions (20 events):
Event: 46.092 Thread 0x0000022f833438a0 Exception <a 'java/lang/NoSuchMethodError'{0x000000008c53a298}: static Lorg/gradle/internal/build/event/types/AbstractTaskResult;.<clinit>()V> (0x000000008c53a298) 
thrown [s\src\hotspot\share\prims\jni.cpp, line 1108]
Event: 46.094 Thread 0x0000022f833438a0 Exception <a 'java/lang/NoSuchMethodError'{0x000000008c53bca8}: static Lorg/gradle/internal/build/event/types/AbstractResult;.<clinit>()V> (0x000000008c53bca8) 
thrown [s\src\hotspot\share\prims\jni.cpp, line 1108]
Event: 46.105 Thread 0x0000022f833438a0 Exception <a 'java/lang/NoSuchMethodError'{0x000000008c5af7c8}: static [Ljava/lang/Object;.<clinit>()V> (0x000000008c5af7c8) 
thrown [s\src\hotspot\share\prims\jni.cpp, line 1108]
Event: 46.110 Thread 0x0000022f833438a0 Exception <a 'java/lang/NoSuchMethodError'{0x000000008c5e9ce8}: static Lorg/gradle/internal/build/event/types/DefaultTaskSkippedResult;.<clinit>()V> (0x000000008c5e9ce8) 
thrown [s\src\hotspot\share\prims\jni.cpp, line 1108]
Event: 47.240 Thread 0x0000022f908414f0 Exception <a 'java/lang/NoSuchMethodError'{0x000000008c195da8}: 'void java.lang.invoke.DirectMethodHandle$Holder.invokeStatic(java.lang.Object, long)'> (0x000000008c195da8) 
thrown [s\src\hotspot\share\interpreter\linkResolver.cpp, line 771]
Event: 47.241 Thread 0x0000022f908414f0 Exception <a 'java/lang/NoSuchMethodError'{0x000000008c19b568}: 'java.lang.Object java.lang.invoke.DirectMethodHandle$Holder.newInvokeSpecial(java.lang.Object, long)'> (0x000000008c19b568) 
thrown [s\src\hotspot\share\interpreter\linkResolver.cpp, line 771]
Event: 47.248 Thread 0x0000022f908414f0 Exception <a 'java/lang/NoSuchMethodError'{0x000000008c1a4e90}: 'java.lang.Object java.lang.invoke.DirectMethodHandle$Holder.invokeStatic(java.lang.Object, java.lang.Object, long, java.lang.Object)'> (0x000000008c1a4e90) 
thrown [s\src\hotspot\share\interpreter\linkResolver.cpp, line 771]
Event: 47.249 Thread 0x0000022f908414f0 Exception <a 'java/lang/NoSuchMethodError'{0x000000008c1a8910}: 'java.lang.Object java.lang.invoke.DirectMethodHandle$Holder.invokeStaticInit(java.lang.Object, java.lang.Object, long, java.lang.Object)'> (0x000000008c1a8910) 
thrown [s\src\hotspot\share\interpreter\linkResolver.cpp, line 771]
Event: 47.264 Thread 0x0000022f859e0920 Implicit null exception at 0x0000022ff2b986dd to 0x0000022ff2b98778
Event: 48.872 Thread 0x0000022f908414f0 Exception <a 'java/lang/NoSuchMethodError'{0x000000008bfd5178}: static Lorg/jetbrains/kotlin/daemon/common/LoopbackNetworkInterface$AbstractClientLoopbackSocketFactory;.<clinit>()V> (0x000000008bfd5178) 
thrown [s\src\hotspot\share\prims\jni.cpp, line 1108]
Event: 48.872 Thread 0x0000022f908414f0 Exception <a 'java/lang/NoSuchMethodError'{0x000000008bfe0cb8}: static Lorg/jetbrains/kotlin/daemon/common/LoopbackNetworkInterface$ClientLoopbackSocketFactory;.<clinit>()V> (0x000000008bfe0cb8) 
thrown [s\src\hotspot\share\prims\jni.cpp, line 1108]
Event: 48.894 Thread 0x0000022f908414f0 Exception <a 'java/lang/NoSuchMethodError'{0x000000008be41f20}: static [Ljava/rmi/server/ObjID;.<clinit>()V> (0x000000008be41f20) 
thrown [s\src\hotspot\share\prims\jni.cpp, line 1108]
Event: 48.898 Thread 0x0000022f908414f0 Exception <a 'java/lang/NoSuchMethodError'{0x000000008be8e988}: static [B.<clinit>()V> (0x000000008be8e988) 
thrown [s\src\hotspot\share\prims\jni.cpp, line 1108]
Event: 48.913 Thread 0x0000022f859e2130 Exception <a 'java/lang/InterruptedException'{0x000000008bea45f0}> (0x000000008bea45f0) 
thrown [s\src\hotspot\share\runtime\objectMonitor.cpp, line 1648]
Event: 48.915 Thread 0x0000022f859e2130 Exception <a 'java/lang/NoSuchMethodError'{0x000000008beacc50}: 'java.lang.Object java.lang.invoke.DirectMethodHandle$Holder.newInvokeSpecial(java.lang.Object, java.lang.Object, int, java.lang.Object, long)'> (0x000000008beacc50) 
thrown [s\src\hotspot\share\interpreter\linkResolver.cpp, line 771]
Event: 48.945 Thread 0x0000022f908414f0 Exception <a 'java/lang/NoSuchMethodError'{0x000000008befd350}: static Lorg/jetbrains/kotlin/daemon/common/CompileService$CallResult;.<clinit>()V> (0x000000008befd350) 
thrown [s\src\hotspot\share\prims\jni.cpp, line 1108]
Event: 48.947 Thread 0x0000022f908414f0 Exception <a 'java/lang/NoSuchMethodError'{0x000000008bd09738}: static Lorg/jetbrains/kotlin/daemon/common/CompileService$CallResult$Good;.<clinit>()V> (0x000000008bd09738) 
thrown [s\src\hotspot\share\prims\jni.cpp, line 1108]
Event: 48.949 Thread 0x0000022f908414f0 Exception <a 'java/lang/NoSuchMethodError'{0x000000008bd169c0}: static Lorg/jetbrains/kotlin/daemon/common/DaemonJVMOptions;.<clinit>()V> (0x000000008bd169c0) 
thrown [s\src\hotspot\share\prims\jni.cpp, line 1108]
Event: 48.958 Thread 0x0000022f908414f0 Exception <a 'java/lang/NoSuchMethodError'{0x000000008bd30348}: static Lorg/jetbrains/kotlin/daemon/common/CompileService$CallResult$Ok;.<clinit>()V> (0x000000008bd30348) 
thrown [s\src\hotspot\share\prims\jni.cpp, line 1108]
Event: 48.999 Thread 0x0000022f908414f0 Exception <a 'java/lang/NoSuchMethodError'{0x000000008bc7e3e0}: static [Ljava/lang/Integer;.<clinit>()V> (0x000000008bc7e3e0) 
thrown [s\src\hotspot\share\prims\jni.cpp, line 1108]

VM Operations (20 events):
Event: 44.127 Executing VM operation: HandshakeAllThreads
Event: 44.127 Executing VM operation: HandshakeAllThreads done
Event: 44.250 Executing VM operation: HandshakeAllThreads
Event: 44.250 Executing VM operation: HandshakeAllThreads done
Event: 44.591 Executing VM operation: ICBufferFull
Event: 44.592 Executing VM operation: ICBufferFull done
Event: 45.592 Executing VM operation: Cleanup
Event: 45.594 Executing VM operation: Cleanup done
Event: 45.777 Executing VM operation: HandshakeAllThreads
Event: 45.777 Executing VM operation: HandshakeAllThreads done
Event: 46.071 Executing VM operation: HandshakeAllThreads
Event: 46.072 Executing VM operation: HandshakeAllThreads done
Event: 47.082 Executing VM operation: Cleanup
Event: 47.082 Executing VM operation: Cleanup done
Event: 47.255 Executing VM operation: HandshakeAllThreads
Event: 47.256 Executing VM operation: HandshakeAllThreads done
Event: 48.261 Executing VM operation: Cleanup
Event: 48.261 Executing VM operation: Cleanup done
Event: 49.269 Executing VM operation: Cleanup
Event: 49.269 Executing VM operation: Cleanup done

Events (20 events):
Event: 48.990 loading class sun/rmi/server/UnicastServerRef$HashToMethod_Maps$1 done
Event: 48.997 loading class sun/rmi/server/LoaderHandler$Loader
Event: 48.998 loading class sun/rmi/server/LoaderHandler$Loader done
Event: 49.002 loading class java/rmi/server/ServerNotActiveException
Event: 49.003 loading class java/rmi/server/ServerNotActiveException done
Event: 49.008 loading class sun/rmi/transport/DGCAckHandler
Event: 49.008 loading class sun/rmi/transport/DGCAckHandler done
Event: 49.014 loading class sun/rmi/transport/DGCAckHandler$1
Event: 49.014 loading class sun/rmi/transport/DGCAckHandler$1 done
Event: 49.080 loading class sun/rmi/transport/tcp/TCPTransport$ConnectionHandler
Event: 49.081 loading class sun/rmi/transport/tcp/TCPTransport$ConnectionHandler done
Event: 49.081 Thread 0x0000022f90841020 Thread added: 0x0000022f90841020
Event: 49.090 loading class sun/rmi/transport/Transport$1
Event: 49.090 loading class sun/rmi/transport/Transport$1 done
Event: 49.092 loading class sun/rmi/transport/DGCImpl$LeaseInfo
Event: 49.092 loading class sun/rmi/transport/DGCImpl$LeaseInfo done
Event: 49.092 loading class sun/rmi/transport/DGCImpl$1
Event: 49.093 loading class sun/rmi/transport/DGCImpl$1 done
Event: 49.093 loading class sun/rmi/transport/SequenceEntry
Event: 49.093 loading class sun/rmi/transport/SequenceEntry done


Dynamic libraries:
0x00007ff6cbff0000 - 0x00007ff6cbffa000 	C:\Progs\Android\Android Studio\jbr\bin\java.exe
0x00007ffb1a0b0000 - 0x00007ffb1a2c4000 	C:\Windows\SYSTEM32\ntdll.dll
0x00007ffb18b90000 - 0x00007ffb18c54000 	C:\Windows\System32\KERNEL32.DLL
0x00007ffb17710000 - 0x00007ffb17ab4000 	C:\Windows\System32\KERNELBASE.dll
0x00007ffb17b80000 - 0x00007ffb17c91000 	C:\Windows\System32\ucrtbase.dll
0x00007ffaeae70000 - 0x00007ffaeae87000 	C:\Progs\Android\Android Studio\jbr\bin\jli.dll
0x00007ffb020a0000 - 0x00007ffb020bb000 	C:\Progs\Android\Android Studio\jbr\bin\VCRUNTIME140.dll
0x00007ffb19ab0000 - 0x00007ffb19c5e000 	C:\Windows\System32\USER32.dll
0x00007ffb176e0000 - 0x00007ffb17706000 	C:\Windows\System32\win32u.dll
0x00007ffb19a80000 - 0x00007ffb19aa9000 	C:\Windows\System32\GDI32.dll
0x00007ffb17d20000 - 0x00007ffb17e38000 	C:\Windows\System32\gdi32full.dll
0x00007ffb17640000 - 0x00007ffb176da000 	C:\Windows\System32\msvcp_win.dll
0x00007ffaf7f30000 - 0x00007ffaf81c3000 	C:\Windows\WinSxS\amd64_microsoft.windows.common-controls_6595b64144ccf1df_6.0.22621.2215_none_270d72677387dfc3\COMCTL32.dll
0x00007ffb17f50000 - 0x00007ffb17ff7000 	C:\Windows\System32\msvcrt.dll
0x00007ffb187b0000 - 0x00007ffb187e1000 	C:\Windows\System32\IMM32.DLL
0x00007ffb021a0000 - 0x00007ffb021ac000 	C:\Progs\Android\Android Studio\jbr\bin\vcruntime140_1.dll
0x00007ffad6b70000 - 0x00007ffad6bfd000 	C:\Progs\Android\Android Studio\jbr\bin\msvcp140.dll
0x00007ffabd460000 - 0x00007ffabe0ce000 	C:\Progs\Android\Android Studio\jbr\bin\server\jvm.dll
0x00007ffb17ea0000 - 0x00007ffb17f50000 	C:\Windows\System32\ADVAPI32.dll
0x00007ffb19570000 - 0x00007ffb19616000 	C:\Windows\System32\sechost.dll
0x00007ffb18a60000 - 0x00007ffb18b77000 	C:\Windows\System32\RPCRT4.dll
0x00007ffb0eda0000 - 0x00007ffb0edd4000 	C:\Windows\SYSTEM32\WINMM.dll
0x00007ffb0d1b0000 - 0x00007ffb0d1b9000 	C:\Windows\SYSTEM32\WSOCK32.dll
0x00007ffb18730000 - 0x00007ffb187a1000 	C:\Windows\System32\WS2_32.dll
0x00007ffb0e610000 - 0x00007ffb0e61a000 	C:\Windows\SYSTEM32\VERSION.dll
0x00007ffb16420000 - 0x00007ffb16438000 	C:\Windows\SYSTEM32\kernel.appcore.dll
0x00007ffb0d1a0000 - 0x00007ffb0d1aa000 	C:\Progs\Android\Android Studio\jbr\bin\jimage.dll
0x00007ffb14b80000 - 0x00007ffb14dae000 	C:\Windows\SYSTEM32\DBGHELP.DLL
0x00007ffb19620000 - 0x00007ffb199aa000 	C:\Windows\System32\combase.dll
0x00007ffb19490000 - 0x00007ffb19567000 	C:\Windows\System32\OLEAUT32.dll
0x00007ffb0be70000 - 0x00007ffb0bea2000 	C:\Windows\SYSTEM32\dbgcore.DLL
0x00007ffb17ca0000 - 0x00007ffb17d1a000 	C:\Windows\System32\bcryptPrimitives.dll
0x00007ffb0bb60000 - 0x00007ffb0bb6e000 	C:\Progs\Android\Android Studio\jbr\bin\instrument.dll
0x00007ffae7e40000 - 0x00007ffae7e65000 	C:\Progs\Android\Android Studio\jbr\bin\java.dll
0x00007ffae7e20000 - 0x00007ffae7e38000 	C:\Progs\Android\Android Studio\jbr\bin\zip.dll
0x00007ffb18c60000 - 0x00007ffb19483000 	C:\Windows\System32\SHELL32.dll
0x00007ffb153a0000 - 0x00007ffb15c8a000 	C:\Windows\SYSTEM32\windows.storage.dll
0x00007ffb15260000 - 0x00007ffb1539e000 	C:\Windows\SYSTEM32\wintypes.dll
0x00007ffb18960000 - 0x00007ffb18a53000 	C:\Windows\System32\SHCORE.dll
0x00007ffb19e50000 - 0x00007ffb19eae000 	C:\Windows\System32\shlwapi.dll
0x00007ffb17390000 - 0x00007ffb173b6000 	C:\Windows\SYSTEM32\profapi.dll
0x00007ffae7e00000 - 0x00007ffae7e19000 	C:\Progs\Android\Android Studio\jbr\bin\net.dll
0x00007ffb11180000 - 0x00007ffb112b7000 	C:\Windows\SYSTEM32\WINHTTP.dll
0x00007ffb168e0000 - 0x00007ffb16949000 	C:\Windows\system32\mswsock.dll
0x00007ffae7330000 - 0x00007ffae7346000 	C:\Progs\Android\Android Studio\jbr\bin\nio.dll
0x00007ffb14280000 - 0x00007ffb14290000 	C:\Progs\Android\Android Studio\jbr\bin\verify.dll
0x00007ffb02f90000 - 0x00007ffb02fb7000 	C:\Users\artem\.gradle\native\68d5fa5c4cc2d200863cafc0d521ce42e7d3e7ee720ec0a83991735586a16f82\windows-amd64\native-platform.dll
0x00007ffacd430000 - 0x00007ffacd574000 	C:\Users\artem\.gradle\native\e376f236ea51e6404a007f0833ffe2c6e607c4080706a723a18a27aeea778392\windows-amd64\native-platform-file-events.dll
0x00007ffafca20000 - 0x00007ffafca29000 	C:\Progs\Android\Android Studio\jbr\bin\management.dll
0x00007ffafbfb0000 - 0x00007ffafbfbb000 	C:\Progs\Android\Android Studio\jbr\bin\management_ext.dll
0x00007ffb18b80000 - 0x00007ffb18b88000 	C:\Windows\System32\PSAPI.DLL
0x00007ffb16ca0000 - 0x00007ffb16cbb000 	C:\Windows\SYSTEM32\CRYPTSP.dll
0x00007ffb163e0000 - 0x00007ffb16415000 	C:\Windows\system32\rsaenh.dll
0x00007ffb16980000 - 0x00007ffb169ac000 	C:\Windows\SYSTEM32\USERENV.dll
0x00007ffb16e10000 - 0x00007ffb16e38000 	C:\Windows\SYSTEM32\bcrypt.dll
0x00007ffb16c50000 - 0x00007ffb16c5c000 	C:\Windows\SYSTEM32\CRYPTBASE.dll
0x00007ffb15ee0000 - 0x00007ffb15f0d000 	C:\Windows\SYSTEM32\IPHLPAPI.DLL
0x00007ffb18940000 - 0x00007ffb18949000 	C:\Windows\System32\NSI.dll
0x00007ffb0e620000 - 0x00007ffb0e639000 	C:\Windows\SYSTEM32\dhcpcsvc6.DLL
0x00007ffb0e4b0000 - 0x00007ffb0e4cf000 	C:\Windows\SYSTEM32\dhcpcsvc.DLL
0x00007ffb15f10000 - 0x00007ffb16002000 	C:\Windows\SYSTEM32\DNSAPI.dll
0x00007ffb09b70000 - 0x00007ffb09b78000 	C:\Windows\system32\wshunix.dll
0x00007ffae67a0000 - 0x00007ffae67b7000 	C:\Windows\system32\napinsp.dll
0x00007ffae6780000 - 0x00007ffae679b000 	C:\Windows\system32\pnrpnsp.dll
0x00007ffae66a0000 - 0x00007ffae66b1000 	C:\Windows\System32\winrnr.dll
0x00007ffae6680000 - 0x00007ffae6695000 	C:\Windows\system32\wshbth.dll
0x00007ffae6650000 - 0x00007ffae6671000 	C:\Windows\system32\nlansp_c.dll
0x00007ffb0fe20000 - 0x00007ffb0fe2a000 	C:\Windows\System32\rasadhlp.dll
0x00007ffb0c1e0000 - 0x00007ffb0c264000 	C:\Windows\System32\fwpuclnt.dll
0x00007ffb0c920000 - 0x00007ffb0c93e000 	C:\Users\artem\AppData\Local\Temp\native-platform17949832523974219961dir\native-platform.dll
0x00007ffb0d230000 - 0x00007ffb0d237000 	C:\Progs\Android\Android Studio\jbr\bin\rmi.dll

dbghelp: loaded successfully - version: 4.0.5 - missing functions: none
symbol engine: initialized successfully - sym options: 0x614 - pdb path: .;C:\Progs\Android\Android Studio\jbr\bin;C:\Windows\SYSTEM32;C:\Windows\WinSxS\amd64_microsoft.windows.common-controls_6595b64144ccf1df_6.0.22621.2215_none_270d72677387dfc3;C:\Progs\Android\Android Studio\jbr\bin\server;C:\Users\artem\.gradle\native\68d5fa5c4cc2d200863cafc0d521ce42e7d3e7ee720ec0a83991735586a16f82\windows-amd64;C:\Users\artem\.gradle\native\e376f236ea51e6404a007f0833ffe2c6e607c4080706a723a18a27aeea778392\windows-amd64;C:\Users\artem\AppData\Local\Temp\native-platform17949832523974219961dir

VM Arguments:
jvm_args: --add-opens=java.base/java.util=ALL-UNNAMED --add-opens=java.base/java.lang=ALL-UNNAMED --add-opens=java.base/java.lang.invoke=ALL-UNNAMED --add-opens=java.prefs/java.util.prefs=ALL-UNNAMED --add-opens=java.base/java.nio.charset=ALL-UNNAMED --add-opens=java.base/java.net=ALL-UNNAMED --add-opens=java.base/java.util.concurrent.atomic=ALL-UNNAMED -Xmx2048M -Dfile.encoding=UTF-8 -Duser.country=RU -Duser.language=ru -Duser.variant -javaagent:C:\Users\artem\.gradle\wrapper\dists\gradle-8.1.1-bin\9wiye5v2saajue4irfo8ybqfp\gradle-8.1.1\lib\agents\gradle-instrumentation-agent-8.1.1.jar 
java_command: org.gradle.launcher.daemon.bootstrap.GradleDaemon 8.1.1
java_class_path (initial): C:\Users\artem\.gradle\wrapper\dists\gradle-8.1.1-bin\9wiye5v2saajue4irfo8ybqfp\gradle-8.1.1\lib\gradle-launcher-8.1.1.jar
Launcher Type: SUN_STANDARD

[Global flags]
     intx CICompilerCount                          = 4                                         {product} {ergonomic}
     uint ConcGCThreads                            = 3                                         {product} {ergonomic}
     uint G1ConcRefinementThreads                  = 10                                        {product} {ergonomic}
   size_t G1HeapRegionSize                         = 1048576                                   {product} {ergonomic}
    uintx GCDrainStackTargetSize                   = 64                                        {product} {ergonomic}
   size_t InitialHeapSize                          = 264241152                                 {product} {ergonomic}
   size_t MarkStackSize                            = 4194304                                   {product} {ergonomic}
   size_t MaxHeapSize                              = 2147483648                                {product} {command line}
   size_t MaxNewSize                               = 1287651328                                {product} {ergonomic}
   size_t MinHeapDeltaBytes                        = 1048576                                   {product} {ergonomic}
   size_t MinHeapSize                              = 8388608                                   {product} {ergonomic}
    uintx NonNMethodCodeHeapSize                   = 5839372                                {pd product} {ergonomic}
    uintx NonProfiledCodeHeapSize                  = 122909434                              {pd product} {ergonomic}
    uintx ProfiledCodeHeapSize                     = 122909434                              {pd product} {ergonomic}
    uintx ReservedCodeCacheSize                    = 251658240                              {pd product} {ergonomic}
     bool SegmentedCodeCache                       = true                                      {product} {ergonomic}
   size_t SoftMaxHeapSize                          = 2147483648                             {manageable} {ergonomic}
     bool UseCompressedClassPointers               = true                           {product lp64_product} {ergonomic}
     bool UseCompressedOops                        = true                           {product lp64_product} {ergonomic}
     bool UseG1GC                                  = true                                      {product} {ergonomic}
     bool UseLargePagesIndividualAllocation        = false                                  {pd product} {ergonomic}

Logging:
Log output configuration:
 #0: stdout all=warning uptime,level,tags
 #1: stderr all=off uptime,level,tags

Environment Variables:
PATH=C:\Progs\Ruby32-x64\bin;C:\Progs\Python3114\Scripts\;C:\Progs\Python3114\;C:\Windows\system32;C:\Windows;C:\Windows\System32\Wbem;C:\Windows\System32\WindowsPowerShell\v1.0\;C:\Windows\System32\OpenSSH\;C:\Progs\Git\cmd;C:\Progs\Git LFS;C:\Program Files\NVIDIA Corporation\NVIDIA NvDLISR;C:\Program Files (x86)\NVIDIA Corporation\PhysX\Common;C:\Program Files\dotnet\;C:\Program Files (x86)\Windows Kits\10\Windows Performance Toolkit\;C:\Users\artem\AppData\Local\Microsoft\WindowsApps;C:\Progs\PyCharm 2023.2\bin;;C:\Progs\IntelliJ IDEA 2023.2\bin;;C:\Progs\CLion 2023.2\bin;;C:\Progs\JetBrains Rider 2023.2\bin;;C:\Users\artem\AppData\Local\GitHubDesktop\bin;C:\Users\artem\.dotnet\tools
USERNAME=artem
OS=Windows_NT
PROCESSOR_IDENTIFIER=Intel64 Family 6 Model 154 Stepping 4, GenuineIntel
TMP=C:\Users\artem\AppData\Local\Temp
TEMP=C:\Users\artem\AppData\Local\Temp


JNI global refs:
JNI global refs: 27, weak refs: 0

JNI global refs memory usage: 843, weak refs: 209


---------------  S Y S T E M  ---------------

OS:
 Windows 11 , 64 bit Build 22621 (10.0.22621.2215)
OS uptime: 13 days 7:10 hours
Hyper-V role detected

CPU: total 12 (initial active 12) (6 cores per cpu, 2 threads per core) family 6 model 154 stepping 4 microcode 0x423, cx8, cmov, fxsr, ht, mmx, 3dnowpref, sse, sse2, sse3, ssse3, sse4.1, sse4.2, popcnt, lzcnt, tsc, tscinvbit, avx, avx2, aes, erms, clmul, bmi1, bmi2, adx, sha, fma, vzeroupper, clflush, clflushopt, clwb, hv

Memory: 4k page, system-wide physical 16057M (215M free)
TotalPageFile size 24057M (AvailPageFile size 2M)
current process WorkingSet (physical memory assigned to process): 564M, peak: 568M
current process commit charge ("private bytes"): 606M, peak: 610M

vm_info: OpenJDK 64-Bit Server VM (17.0.6+0-b2043.56-10027231) for windows-amd64 JRE (17.0.6+0-b2043.56-10027231), built on Apr 28 2023 00:43:19 by "androidbuild" with MS VC++ 16.10 / 16.11 (VS2019)

END.
