#
# There is insufficient memory for the Java Runtime Environment to continue.
# Native memory allocation (mmap) failed to map 311427072 bytes for G1 virtual space
# Possible reasons:
#   The system is out of physical RAM or swap space
#   The process is running with CompressedOops enabled, and the Java Heap may be blocking the growth of the native heap
# Possible solutions:
#   Reduce memory load on the system
#   Increase physical memory or swap space
#   Check if swap backing store is full
#   Decrease Java heap size (-Xmx/-Xms)
#   Decrease number of Java threads
#   Decrease Java thread stack sizes (-Xss)
#   Set larger code cache with -XX:ReservedCodeCacheSize=
#   JVM is running with Unscaled Compressed Oops mode in which the Java heap is
#     placed in the first 4GB address space. The Java Heap base address is the
#     maximum limit for the native heap growth. Please use -XX:HeapBaseMinAddress
#     to set the Java Heap base and to place the Java Heap above 4GB virtual address.
# This output file may be truncated or incomplete.
#
#  Out of Memory Error (os_windows.cpp:3769), pid=28160, tid=27292
#
# JRE version: OpenJDK Runtime Environment (17.0.6) (build 17.0.6+0-b2043.56-10027231)
# Java VM: OpenJDK 64-Bit Server VM (17.0.6+0-b2043.56-10027231, mixed mode, tiered, compressed oops, compressed class ptrs, g1 gc, windows-amd64)
# No core dump will be written. Minidumps are not enabled by default on client versions of Windows
#

---------------  S U M M A R Y ------------

Command Line: --add-opens=java.base/java.util.concurrent.atomic=ALL-UNNAMED --add-opens=java.base/java.util=ALL-UNNAMED --add-opens=java.base/java.lang=ALL-UNNAMED --add-opens=java.base/java.lang.invoke=ALL-UNNAMED --add-opens=java.prefs/java.util.prefs=ALL-UNNAMED --add-opens=java.base/java.nio.charset=ALL-UNNAMED --add-opens=java.base/java.net=ALL-UNNAMED --add-opens=java.base/java.util.concurrent.atomic=ALL-UNNAMED -Xmx2048M -Dfile.encoding=UTF-8 -Duser.country=RU -Duser.language=ru -Duser.variant -javaagent:C:\Users\artem\.gradle\wrapper\dists\gradle-8.1.1-bin\9wiye5v2saajue4irfo8ybqfp\gradle-8.1.1\lib\agents\gradle-instrumentation-agent-8.1.1.jar org.gradle.launcher.daemon.bootstrap.GradleDaemon 8.1.1

Host: 12th Gen Intel(R) Core(TM) i5-1235U, 12 cores, 15G,  Windows 11 , 64 bit Build 22621 (10.0.22621.2215)
Time: Sun Oct 15 03:34:31 2023 RTZ 2 (s 11 , 64 bit Build 22621 (10.0.22621.2215) elapsed time: 13.578766 seconds (0d 0h 0m 13s)

---------------  T H R E A D  ---------------

Current thread (0x000002455bacff60):  VMThread "VM Thread" [stack: 0x0000006fcdf00000,0x0000006fce000000] [id=27292]

Stack: [0x0000006fcdf00000,0x0000006fce000000]
Native frames: (J=compiled Java code, j=interpreted, Vv=VM code, C=native code)
V  [jvm.dll+0x683c9a]
V  [jvm.dll+0x8427a4]
V  [jvm.dll+0x843f9e]
V  [jvm.dll+0x844603]
V  [jvm.dll+0x249b75]
V  [jvm.dll+0x680b69]
V  [jvm.dll+0x67505a]
V  [jvm.dll+0x309acb]
V  [jvm.dll+0x310f86]
V  [jvm.dll+0x3608ee]
V  [jvm.dll+0x360b1f]
V  [jvm.dll+0x2dfbf8]
V  [jvm.dll+0x2ddec4]
V  [jvm.dll+0x2dd4cc]
V  [jvm.dll+0x321f3b]
V  [jvm.dll+0x848ccb]
V  [jvm.dll+0x849a04]
V  [jvm.dll+0x849f1d]
V  [jvm.dll+0x84a2f4]
V  [jvm.dll+0x84a3c0]
V  [jvm.dll+0x7f274a]
V  [jvm.dll+0x682ad5]
C  [ucrtbase.dll+0x29363]
C  [KERNEL32.DLL+0x1257d]
C  [ntdll.dll+0x5aa68]

VM_Operation (0x0000006fd04fdca0): G1CollectForAllocation, mode: safepoint, requested by thread 0x000002455d180f50


---------------  P R O C E S S  ---------------

Threads class SMR info:
_java_thread_list=0x000002455eca6e40, length=111, elements={
0x000002454181c160, 0x000002455bad1e90, 0x000002455c4407e0, 0x000002455c492410,
0x000002455c493ce0, 0x000002455c496bb0, 0x000002455c497560, 0x000002455c498850,
0x000002455c499240, 0x000002455c499c30, 0x000002455bab7910, 0x000002455c6f1ba0,
0x000002455d17e8d0, 0x000002455d182290, 0x000002455d1805b0, 0x000002455d17f270,
0x000002455d181dc0, 0x000002455d181420, 0x000002455d1818f0, 0x000002455d17eda0,
0x000002455d1800e0, 0x000002455d17f740, 0x000002455d17fc10, 0x000002455d180a80,
0x000002455d180f50, 0x000002455f4075c0, 0x000002455f40cc60, 0x000002455f407f60,
0x000002455f40d130, 0x000002455f406750, 0x000002455f40a5e0, 0x000002455f40bdf0,
0x000002455f40c2c0, 0x000002455f406c20, 0x000002455f40dfa0, 0x000002455f40b450,
0x000002455f4070f0, 0x000002455f407a90, 0x000002455f40d600, 0x000002455f40aab0,
0x000002455f40dad0, 0x000002455f408430, 0x000002455f40af80, 0x000002455f40b920,
0x000002455f408dd0, 0x000002455f409c40, 0x000002455f40c790, 0x000002455f40a110,
0x000002455df45ed0, 0x000002455df463a0, 0x000002455df42eb0, 0x000002455df4a700,
0x000002455df48ef0, 0x000002455df493c0, 0x000002455df4a230, 0x000002455df476e0,
0x000002455df47bb0, 0x000002455df48a20, 0x000002455df47210, 0x000002455df48080,
0x000002455df43d20, 0x000002455df441f0, 0x000002455df43850, 0x000002455df44b90,
0x000002455df49890, 0x000002455df49d60, 0x000002455df45530, 0x000002455df45a00,
0x0000024562262800, 0x000002456225db00, 0x000002456225dfd0, 0x000002456225c2f0,
0x000002456225d160, 0x000002456225c7c0, 0x0000024562260ff0, 0x0000024562260180,
0x000002456225b950, 0x000002456225cc90, 0x000002456225e4a0, 0x00000245622614c0,
0x000002456225d630, 0x0000024562261990, 0x0000024562261e60, 0x000002456225e970,
0x000002456225ee40, 0x000002456225f310, 0x0000024562262330, 0x000002456225f7e0,
0x000002456225fcb0, 0x000002456225be20, 0x0000024562260650, 0x0000024562262cd0,
0x0000024562260b20, 0x000002456225b480, 0x000002455df48550, 0x000002455ebaa280,
0x000002455ebabf60, 0x000002455eba68c0, 0x000002455eba8f40, 0x000002455eba9410,
0x000002455eba6d90, 0x000002455eba80d0, 0x000002455ebab0f0, 0x000002455eba98e0,
0x000002455eba9db0, 0x000002455eba4710, 0x000002455eba8a70, 0x000002455ebaa750,
0x000002455eba7c00, 0x000002455eba7730, 0x000002455eba50b0
}

Java Threads: ( => current thread )
  0x000002454181c160 JavaThread "main" [_thread_blocked, id=30812, stack(0x0000006fcd900000,0x0000006fcda00000)]
  0x000002455bad1e90 JavaThread "Reference Handler" daemon [_thread_blocked, id=25296, stack(0x0000006fce000000,0x0000006fce100000)]
  0x000002455c4407e0 JavaThread "Finalizer" daemon [_thread_blocked, id=7632, stack(0x0000006fce100000,0x0000006fce200000)]
  0x000002455c492410 JavaThread "Signal Dispatcher" daemon [_thread_blocked, id=24716, stack(0x0000006fce200000,0x0000006fce300000)]
  0x000002455c493ce0 JavaThread "Attach Listener" daemon [_thread_blocked, id=30080, stack(0x0000006fce300000,0x0000006fce400000)]
  0x000002455c496bb0 JavaThread "Service Thread" daemon [_thread_blocked, id=14688, stack(0x0000006fce400000,0x0000006fce500000)]
  0x000002455c497560 JavaThread "Monitor Deflation Thread" daemon [_thread_blocked, id=20672, stack(0x0000006fce500000,0x0000006fce600000)]
  0x000002455c498850 JavaThread "C2 CompilerThread0" daemon [_thread_blocked, id=12468, stack(0x0000006fce600000,0x0000006fce700000)]
  0x000002455c499240 JavaThread "C1 CompilerThread0" daemon [_thread_blocked, id=21520, stack(0x0000006fce700000,0x0000006fce800000)]
  0x000002455c499c30 JavaThread "Sweeper thread" daemon [_thread_blocked, id=13556, stack(0x0000006fce800000,0x0000006fce900000)]
  0x000002455bab7910 JavaThread "Common-Cleaner" daemon [_thread_blocked, id=11644, stack(0x0000006fce900000,0x0000006fcea00000)]
  0x000002455c6f1ba0 JavaThread "Notification Thread" daemon [_thread_blocked, id=3988, stack(0x0000006fcea00000,0x0000006fceb00000)]
  0x000002455d17e8d0 JavaThread "Daemon health stats" [_thread_blocked, id=16452, stack(0x0000006fcf200000,0x0000006fcf300000)]
  0x000002455d182290 JavaThread "Incoming local TCP Connector on port 61120" [_thread_in_native, id=33672, stack(0x0000006fcf300000,0x0000006fcf400000)]
  0x000002455d1805b0 JavaThread "Daemon periodic checks" [_thread_blocked, id=7076, stack(0x0000006fcf400000,0x0000006fcf500000)]
  0x000002455d17f270 JavaThread "Daemon" [_thread_blocked, id=7748, stack(0x0000006fcf500000,0x0000006fcf600000)]
  0x000002455d181dc0 JavaThread "Handler for socket connection from /127.0.0.1:61120 to /127.0.0.1:61121" [_thread_in_native, id=15892, stack(0x0000006fcf600000,0x0000006fcf700000)]
  0x000002455d181420 JavaThread "Cancel handler" [_thread_blocked, id=4300, stack(0x0000006fcf700000,0x0000006fcf800000)]
  0x000002455d1818f0 JavaThread "Daemon worker" [_thread_blocked, id=32392, stack(0x0000006fcf800000,0x0000006fcf900000)]
  0x000002455d17eda0 JavaThread "Asynchronous log dispatcher for DefaultDaemonConnection: socket connection from /127.0.0.1:61120 to /127.0.0.1:61121" [_thread_blocked, id=34404, stack(0x0000006fcf900000,0x0000006fcfa00000)]
  0x000002455d1800e0 JavaThread "Stdin handler" [_thread_blocked, id=24908, stack(0x0000006fcfa00000,0x0000006fcfb00000)]
  0x000002455d17f740 JavaThread "Daemon client event forwarder" [_thread_blocked, id=8972, stack(0x0000006fcfb00000,0x0000006fcfc00000)]
  0x000002455d17fc10 JavaThread "Cache worker for journal cache (C:\Users\artem\.gradle\caches\journal-1)" [_thread_blocked, id=25508, stack(0x0000006fd0200000,0x0000006fd0300000)]
  0x000002455d180a80 JavaThread "File lock request listener" [_thread_in_native, id=1824, stack(0x0000006fd0300000,0x0000006fd0400000)]
  0x000002455d180f50 JavaThread "Cache worker for file hash cache (C:\Users\artem\.gradle\caches\8.1.1\fileHashes)" [_thread_blocked, id=5640, stack(0x0000006fd0400000,0x0000006fd0500000)]
  0x000002455f4075c0 JavaThread "File watcher server" daemon [_thread_blocked, id=16780, stack(0x0000006fcec00000,0x0000006fced00000)]
  0x000002455f40cc60 JavaThread "File watcher consumer" daemon [_thread_blocked, id=12464, stack(0x0000006fd0500000,0x0000006fd0600000)]
  0x000002455f407f60 JavaThread "jar transforms" [_thread_blocked, id=24172, stack(0x0000006fd0600000,0x0000006fd0700000)]
  0x000002455f40d130 JavaThread "jar transforms Thread 2" [_thread_blocked, id=29964, stack(0x0000006fd0700000,0x0000006fd0800000)]
  0x000002455f406750 JavaThread "jar transforms Thread 3" [_thread_blocked, id=2356, stack(0x0000006fd0800000,0x0000006fd0900000)]
  0x000002455f40a5e0 JavaThread "jar transforms Thread 4" [_thread_blocked, id=33740, stack(0x0000006fd0900000,0x0000006fd0a00000)]
  0x000002455f40bdf0 JavaThread "jar transforms Thread 5" [_thread_blocked, id=20292, stack(0x0000006fd0a00000,0x0000006fd0b00000)]
  0x000002455f40c2c0 JavaThread "jar transforms Thread 6" [_thread_blocked, id=17844, stack(0x0000006fd0b00000,0x0000006fd0c00000)]
  0x000002455f406c20 JavaThread "jar transforms Thread 7" [_thread_blocked, id=7000, stack(0x0000006fd0c00000,0x0000006fd0d00000)]
  0x000002455f40dfa0 JavaThread "jar transforms Thread 8" [_thread_blocked, id=33444, stack(0x0000006fd0d00000,0x0000006fd0e00000)]
  0x000002455f40b450 JavaThread "jar transforms Thread 9" [_thread_blocked, id=12580, stack(0x0000006fd0e00000,0x0000006fd0f00000)]
  0x000002455f4070f0 JavaThread "jar transforms Thread 10" [_thread_blocked, id=27452, stack(0x0000006fd0f00000,0x0000006fd1000000)]
  0x000002455f407a90 JavaThread "jar transforms Thread 11" [_thread_blocked, id=5628, stack(0x0000006fd1000000,0x0000006fd1100000)]
  0x000002455f40d600 JavaThread "jar transforms Thread 12" [_thread_blocked, id=17952, stack(0x0000006fd1100000,0x0000006fd1200000)]
  0x000002455f40aab0 JavaThread "Cache worker for checksums cache (C:\Files\Code\Kotlin\chatar\buildSrc\.gradle\8.1.1\checksums)" [_thread_blocked, id=33224, stack(0x0000006fd1200000,0x0000006fd1300000)]
  0x000002455f40dad0 JavaThread "Cache worker for cache directory md-rule (C:\Users\artem\.gradle\caches\8.1.1\md-rule)" [_thread_blocked, id=18804, stack(0x0000006fd1300000,0x0000006fd1400000)]
  0x000002455f408430 JavaThread "Cache worker for file content cache (C:\Users\artem\.gradle\caches\8.1.1\fileContent)" [_thread_blocked, id=27616, stack(0x0000006fd1400000,0x0000006fd1500000)]
  0x000002455f40af80 JavaThread "Cache worker for file hash cache (C:\Files\Code\Kotlin\chatar\buildSrc\.gradle\8.1.1\fileHashes)" [_thread_blocked, id=22276, stack(0x0000006fd1500000,0x0000006fd1600000)]
  0x000002455f40b920 JavaThread "Cache worker for cache directory md-supplier (C:\Users\artem\.gradle\caches\8.1.1\md-supplier)" [_thread_blocked, id=16172, stack(0x0000006fd1600000,0x0000006fd1700000)]
  0x000002455f408dd0 JavaThread "Cache worker for execution history cache (C:\Users\artem\.gradle\caches\8.1.1\executionHistory)" [_thread_blocked, id=20896, stack(0x0000006fd1700000,0x0000006fd1800000)]
  0x000002455f409c40 JavaThread "Cache worker for dependencies-accessors (C:\Files\Code\Kotlin\chatar\buildSrc\.gradle\8.1.1\dependencies-accessors)" [_thread_blocked, id=21776, stack(0x0000006fd1800000,0x0000006fd1900000)]
  0x000002455f40c790 JavaThread "Cache worker for Build Output Cleanup Cache (C:\Files\Code\Kotlin\chatar\buildSrc\.gradle\buildOutputCleanup)" [_thread_blocked, id=26520, stack(0x0000006fd1900000,0x0000006fd1a00000)]
  0x000002455f40a110 JavaThread "Memory manager" [_thread_blocked, id=13752, stack(0x0000006fd1a00000,0x0000006fd1b00000)]
  0x000002455df45ed0 JavaThread "Cache worker for Build Output Cleanup Cache (C:\Files\Code\Kotlin\chatar\buildSrc\buildSrc\.gradle\buildOutputCleanup)" [_thread_blocked, id=20172, stack(0x0000006fd1b00000,0x0000006fd1c00000)]
  0x000002455df463a0 JavaThread "Cache worker for kotlin-dsl (C:\Users\artem\.gradle\caches\8.1.1\kotlin-dsl)" [_thread_blocked, id=10784, stack(0x0000006fd1c00000,0x0000006fd1d00000)]
  0x000002455df42eb0 JavaThread "Unconstrained build operations" [_thread_blocked, id=22372, stack(0x0000006fd1d00000,0x0000006fd1e00000)]
  0x000002455df4a700 JavaThread "Unconstrained build operations Thread 2" [_thread_blocked, id=2712, stack(0x0000006fd1e00000,0x0000006fd1f00000)]
  0x000002455df48ef0 JavaThread "Unconstrained build operations Thread 3" [_thread_blocked, id=30740, stack(0x0000006fd1f00000,0x0000006fd2000000)]
  0x000002455df493c0 JavaThread "Unconstrained build operations Thread 4" [_thread_blocked, id=13832, stack(0x0000006fd2000000,0x0000006fd2100000)]
  0x000002455df4a230 JavaThread "Unconstrained build operations Thread 5" [_thread_blocked, id=1532, stack(0x0000006fd2100000,0x0000006fd2200000)]
  0x000002455df476e0 JavaThread "Unconstrained build operations Thread 6" [_thread_blocked, id=19124, stack(0x0000006fd2200000,0x0000006fd2300000)]
  0x000002455df47bb0 JavaThread "Unconstrained build operations Thread 7" [_thread_blocked, id=28696, stack(0x0000006fd2300000,0x0000006fd2400000)]
  0x000002455df48a20 JavaThread "Unconstrained build operations Thread 8" [_thread_blocked, id=17092, stack(0x0000006fd2400000,0x0000006fd2500000)]
  0x000002455df47210 JavaThread "Unconstrained build operations Thread 9" [_thread_blocked, id=34372, stack(0x0000006fd2500000,0x0000006fd2600000)]
  0x000002455df48080 JavaThread "Unconstrained build operations Thread 10" [_thread_blocked, id=10224, stack(0x0000006fd2600000,0x0000006fd2700000)]
  0x000002455df43d20 JavaThread "Unconstrained build operations Thread 11" [_thread_blocked, id=32068, stack(0x0000006fd2700000,0x0000006fd2800000)]
  0x000002455df441f0 JavaThread "included builds" [_thread_blocked, id=7024, stack(0x0000006fd2800000,0x0000006fd2900000)]
  0x000002455df43850 JavaThread "Execution worker" [_thread_blocked, id=15728, stack(0x0000006fd2900000,0x0000006fd2a00000)]
  0x000002455df44b90 JavaThread "Execution worker Thread 2" [_thread_blocked, id=20212, stack(0x0000006fd2a00000,0x0000006fd2b00000)]
  0x000002455df49890 JavaThread "Execution worker Thread 3" [_thread_blocked, id=15048, stack(0x0000006fd2b00000,0x0000006fd2c00000)]
  0x000002455df49d60 JavaThread "Execution worker Thread 4" [_thread_blocked, id=24032, stack(0x0000006fd2c00000,0x0000006fd2d00000)]
  0x000002455df45530 JavaThread "Execution worker Thread 5" [_thread_blocked, id=18388, stack(0x0000006fd2d00000,0x0000006fd2e00000)]
  0x000002455df45a00 JavaThread "Execution worker Thread 6" [_thread_blocked, id=23912, stack(0x0000006fd2e00000,0x0000006fd2f00000)]
  0x0000024562262800 JavaThread "Execution worker Thread 7" [_thread_blocked, id=7164, stack(0x0000006fd2f00000,0x0000006fd3000000)]
  0x000002456225db00 JavaThread "Execution worker Thread 8" [_thread_blocked, id=34332, stack(0x0000006fd3000000,0x0000006fd3100000)]
  0x000002456225dfd0 JavaThread "Execution worker Thread 9" [_thread_blocked, id=28048, stack(0x0000006fd3100000,0x0000006fd3200000)]
  0x000002456225c2f0 JavaThread "Execution worker Thread 10" [_thread_blocked, id=14420, stack(0x0000006fd3200000,0x0000006fd3300000)]
  0x000002456225d160 JavaThread "Execution worker Thread 11" [_thread_blocked, id=27036, stack(0x0000006fd3300000,0x0000006fd3400000)]
  0x000002456225c7c0 JavaThread "Cache worker for execution history cache (C:\Files\Code\Kotlin\chatar\buildSrc\buildSrc\.gradle\8.1.1\executionHistory)" [_thread_blocked, id=14184, stack(0x0000006fd3400000,0x0000006fd3500000)]
  0x0000024562260ff0 JavaThread "Unconstrained build operations Thread 12" [_thread_blocked, id=25976, stack(0x0000006fd3500000,0x0000006fd3600000)]
  0x0000024562260180 JavaThread "Unconstrained build operations Thread 13" [_thread_blocked, id=2912, stack(0x0000006fd3600000,0x0000006fd3700000)]
  0x000002456225b950 JavaThread "Unconstrained build operations Thread 14" [_thread_blocked, id=17508, stack(0x0000006fd3700000,0x0000006fd3800000)]
  0x000002456225cc90 JavaThread "Unconstrained build operations Thread 15" [_thread_blocked, id=31868, stack(0x0000006fd3800000,0x0000006fd3900000)]
  0x000002456225e4a0 JavaThread "Unconstrained build operations Thread 16" [_thread_blocked, id=7252, stack(0x0000006fd3900000,0x0000006fd3a00000)]
  0x00000245622614c0 JavaThread "Unconstrained build operations Thread 17" [_thread_blocked, id=18852, stack(0x0000006fd3a00000,0x0000006fd3b00000)]
  0x000002456225d630 JavaThread "Unconstrained build operations Thread 18" [_thread_blocked, id=5092, stack(0x0000006fd3b00000,0x0000006fd3c00000)]
  0x0000024562261990 JavaThread "Unconstrained build operations Thread 19" [_thread_blocked, id=20732, stack(0x0000006fd3c00000,0x0000006fd3d00000)]
  0x0000024562261e60 JavaThread "Unconstrained build operations Thread 20" [_thread_blocked, id=25476, stack(0x0000006fd3d00000,0x0000006fd3e00000)]
  0x000002456225e970 JavaThread "Unconstrained build operations Thread 21" [_thread_blocked, id=34500, stack(0x0000006fd3e00000,0x0000006fd3f00000)]
  0x000002456225ee40 JavaThread "Unconstrained build operations Thread 22" [_thread_blocked, id=28232, stack(0x0000006fd3f00000,0x0000006fd4000000)]
  0x000002456225f310 JavaThread "Unconstrained build operations Thread 23" [_thread_blocked, id=7552, stack(0x0000006fd4000000,0x0000006fd4100000)]
  0x0000024562262330 JavaThread "Unconstrained build operations Thread 24" [_thread_blocked, id=15232, stack(0x0000006fd4100000,0x0000006fd4200000)]
  0x000002456225f7e0 JavaThread "Unconstrained build operations Thread 25" [_thread_blocked, id=20144, stack(0x0000006fd4200000,0x0000006fd4300000)]
  0x000002456225fcb0 JavaThread "Unconstrained build operations Thread 26" [_thread_blocked, id=940, stack(0x0000006fd4300000,0x0000006fd4400000)]
  0x000002456225be20 JavaThread "Unconstrained build operations Thread 27" [_thread_blocked, id=10268, stack(0x0000006fd4400000,0x0000006fd4500000)]
  0x0000024562260650 JavaThread "Unconstrained build operations Thread 28" [_thread_blocked, id=29724, stack(0x0000006fd4500000,0x0000006fd4600000)]
  0x0000024562262cd0 JavaThread "Unconstrained build operations Thread 29" [_thread_blocked, id=11176, stack(0x0000006fd4600000,0x0000006fd4700000)]
  0x0000024562260b20 JavaThread "Unconstrained build operations Thread 30" [_thread_blocked, id=27328, stack(0x0000006fd4700000,0x0000006fd4800000)]
  0x000002456225b480 JavaThread "Unconstrained build operations Thread 31" [_thread_blocked, id=16668, stack(0x0000006fd4800000,0x0000006fd4900000)]
  0x000002455df48550 JavaThread "Unconstrained build operations Thread 32" [_thread_blocked, id=21472, stack(0x0000006fd4900000,0x0000006fd4a00000)]
  0x000002455ebaa280 JavaThread "Unconstrained build operations Thread 33" [_thread_blocked, id=29668, stack(0x0000006fd4a00000,0x0000006fd4b00000)]
  0x000002455ebabf60 JavaThread "Unconstrained build operations Thread 34" [_thread_blocked, id=30076, stack(0x0000006fd4b00000,0x0000006fd4c00000)]
  0x000002455eba68c0 JavaThread "Unconstrained build operations Thread 35" [_thread_blocked, id=11764, stack(0x0000006fd4c00000,0x0000006fd4d00000)]
  0x000002455eba8f40 JavaThread "Unconstrained build operations Thread 36" [_thread_blocked, id=7436, stack(0x0000006fd4d00000,0x0000006fd4e00000)]
  0x000002455eba9410 JavaThread "Unconstrained build operations Thread 37" [_thread_blocked, id=4764, stack(0x0000006fd4e00000,0x0000006fd4f00000)]
  0x000002455eba6d90 JavaThread "Unconstrained build operations Thread 38" [_thread_blocked, id=5304, stack(0x0000006fd4f00000,0x0000006fd5000000)]
  0x000002455eba80d0 JavaThread "Unconstrained build operations Thread 39" [_thread_blocked, id=31324, stack(0x0000006fd5000000,0x0000006fd5100000)]
  0x000002455ebab0f0 JavaThread "Unconstrained build operations Thread 40" [_thread_blocked, id=26172, stack(0x0000006fd5100000,0x0000006fd5200000)]
  0x000002455eba98e0 JavaThread "Unconstrained build operations Thread 41" [_thread_blocked, id=17424, stack(0x0000006fd5200000,0x0000006fd5300000)]
  0x000002455eba9db0 JavaThread "Unconstrained build operations Thread 42" [_thread_blocked, id=33960, stack(0x0000006fd5300000,0x0000006fd5400000)]
  0x000002455eba4710 JavaThread "Unconstrained build operations Thread 43" [_thread_blocked, id=22412, stack(0x0000006fd5400000,0x0000006fd5500000)]
  0x000002455eba8a70 JavaThread "Unconstrained build operations Thread 44" [_thread_blocked, id=1676, stack(0x0000006fd5500000,0x0000006fd5600000)]
  0x000002455ebaa750 JavaThread "Unconstrained build operations Thread 45" [_thread_blocked, id=23776, stack(0x0000006fd5600000,0x0000006fd5700000)]
  0x000002455eba7c00 JavaThread "Cache worker for execution history cache (C:\Files\Code\Kotlin\chatar\buildSrc\.gradle\8.1.1\executionHistory)" [_thread_blocked, id=10312, stack(0x0000006fd5700000,0x0000006fd5800000)]
  0x000002455eba7730 JavaThread "idea-tooling-model-converter" [_thread_blocked, id=16340, stack(0x0000006fd5800000,0x0000006fd5900000)]
  0x000002455eba50b0 JavaThread "Unconstrained build operations Thread 46" [_thread_blocked, id=6556, stack(0x0000006fd5900000,0x0000006fd5a00000)]

Other Threads:
=>0x000002455bacff60 VMThread "VM Thread" [stack: 0x0000006fcdf00000,0x0000006fce000000] [id=27292]
  0x000002454181cfd0 WatcherThread [stack: 0x0000006fceb00000,0x0000006fcec00000] [id=30068]
  0x00000245418778e0 GCTaskThread "GC Thread#0" [stack: 0x0000006fcda00000,0x0000006fcdb00000] [id=8904]
  0x000002455cd9ebf0 GCTaskThread "GC Thread#1" [stack: 0x0000006fced00000,0x0000006fcee00000] [id=21948]
  0x000002455ccc5aa0 GCTaskThread "GC Thread#2" [stack: 0x0000006fcee00000,0x0000006fcef00000] [id=9136]
  0x000002455ccc5d50 GCTaskThread "GC Thread#3" [stack: 0x0000006fcef00000,0x0000006fcf000000] [id=23892]
  0x000002455d3d4220 GCTaskThread "GC Thread#4" [stack: 0x0000006fcf000000,0x0000006fcf100000] [id=32652]
  0x000002455d3d44d0 GCTaskThread "GC Thread#5" [stack: 0x0000006fcf100000,0x0000006fcf200000] [id=13872]
  0x000002455fa2f200 GCTaskThread "GC Thread#6" [stack: 0x0000006fcfc00000,0x0000006fcfd00000] [id=6520]
  0x000002455f0a5f50 GCTaskThread "GC Thread#7" [stack: 0x0000006fcfd00000,0x0000006fcfe00000] [id=796]
  0x000002455d9fbf00 GCTaskThread "GC Thread#8" [stack: 0x0000006fcfe00000,0x0000006fcff00000] [id=14872]
  0x000002455f7c5df0 GCTaskThread "GC Thread#9" [stack: 0x0000006fcff00000,0x0000006fd0000000] [id=9244]
  0x000002454188a830 ConcurrentGCThread "G1 Main Marker" [stack: 0x0000006fcdb00000,0x0000006fcdc00000] [id=9276]
  0x000002454188c9f0 ConcurrentGCThread "G1 Conc#0" [stack: 0x0000006fcdc00000,0x0000006fcdd00000] [id=30524]
  0x000002455f536450 ConcurrentGCThread "G1 Conc#1" [stack: 0x0000006fd0000000,0x0000006fd0100000] [id=3212]
  0x000002455f5c70b0 ConcurrentGCThread "G1 Conc#2" [stack: 0x0000006fd0100000,0x0000006fd0200000] [id=11160]
  0x00000245418ddbc0 ConcurrentGCThread "G1 Refine#0" [stack: 0x0000006fcdd00000,0x0000006fcde00000] [id=10204]
  0x00000245418de5e0 ConcurrentGCThread "G1 Service" [stack: 0x0000006fcde00000,0x0000006fcdf00000] [id=24772]

Threads with active compile tasks:
C2 CompilerThread0    13606 9511       4       org.gradle.internal.hash.HashCode::fromBytes (47 bytes)

VM state: at safepoint (normal execution)

VM Mutex/Monitor currently owned by a thread:  ([mutex/lock_event])
[0x0000024541818230] Threads_lock - owner thread: 0x000002455bacff60
[0x00000245418186b0] Heap_lock - owner thread: 0x000002455d180f50

Heap address: 0x0000000080000000, size: 2048 MB, Compressed Oops mode: 32-bit

CDS archive(s) not mapped
Compressed class space mapped at: 0x0000000100000000-0x0000000140000000, reserved size: 1073741824
Narrow klass base: 0x0000000000000000, Narrow klass shift: 3, Narrow klass range: 0x140000000

GC Precious Log:
 CPUs: 12 total, 12 available
 Memory: 16057M
 Large Page Support: Disabled
 NUMA Support: Disabled
 Compressed Oops: Enabled (32-bit)
 Heap Region Size: 1M
 Heap Min Capacity: 8M
 Heap Initial Capacity: 252M
 Heap Max Capacity: 2G
 Pre-touch: Disabled
 Parallel Workers: 10
 Concurrent Workers: 3
 Concurrent Refinement Workers: 10
 Periodic GC: Disabled

Heap:
 garbage-first heap   total 258048K, used 162218K [0x0000000080000000, 0x0000000100000000)
  region size 1024K, 7 young (7168K), 7 survivors (7168K)
 Metaspace       used 88054K, committed 88896K, reserved 1130496K
  class space    used 12688K, committed 13056K, reserved 1048576K

Heap Regions: E=young(eden), S=young(survivor), O=old, HS=humongous(starts), HC=humongous(continues), CS=collection set, F=free, OA=open archive, CA=closed archive, TAMS=top-at-mark-start (previous, next)
|   0|0x0000000080000000, 0x0000000080100000, 0x0000000080100000|100%|HS|  |TAMS 0x0000000080100000, 0x0000000080100000| Complete 
|   1|0x0000000080100000, 0x0000000080200000, 0x0000000080200000|100%|HC|  |TAMS 0x0000000080200000, 0x0000000080200000| Complete 
|   2|0x0000000080200000, 0x0000000080300000, 0x0000000080300000|100%|HC|  |TAMS 0x0000000080300000, 0x0000000080300000| Complete 
|   3|0x0000000080300000, 0x0000000080400000, 0x0000000080400000|100%|HC|  |TAMS 0x0000000080400000, 0x0000000080400000| Complete 
|   4|0x0000000080400000, 0x0000000080500000, 0x0000000080500000|100%| O|  |TAMS 0x0000000080500000, 0x0000000080500000| Untracked 
|   5|0x0000000080500000, 0x0000000080600000, 0x0000000080600000|100%| O|  |TAMS 0x0000000080600000, 0x0000000080600000| Untracked 
|   6|0x0000000080600000, 0x0000000080700000, 0x0000000080700000|100%| O|  |TAMS 0x0000000080700000, 0x0000000080700000| Untracked 
|   7|0x0000000080700000, 0x0000000080800000, 0x0000000080800000|100%| O|  |TAMS 0x0000000080800000, 0x0000000080800000| Untracked 
|   8|0x0000000080800000, 0x0000000080900000, 0x0000000080900000|100%| O|  |TAMS 0x0000000080900000, 0x0000000080900000| Untracked 
|   9|0x0000000080900000, 0x0000000080a00000, 0x0000000080a00000|100%| O|  |TAMS 0x0000000080a00000, 0x0000000080a00000| Untracked 
|  10|0x0000000080a00000, 0x0000000080b00000, 0x0000000080b00000|100%| O|  |TAMS 0x0000000080b00000, 0x0000000080b00000| Untracked 
|  11|0x0000000080b00000, 0x0000000080c00000, 0x0000000080c00000|100%| O|  |TAMS 0x0000000080c00000, 0x0000000080c00000| Untracked 
|  12|0x0000000080c00000, 0x0000000080d00000, 0x0000000080d00000|100%| O|  |TAMS 0x0000000080d00000, 0x0000000080d00000| Untracked 
|  13|0x0000000080d00000, 0x0000000080e00000, 0x0000000080e00000|100%| O|  |TAMS 0x0000000080e00000, 0x0000000080e00000| Untracked 
|  14|0x0000000080e00000, 0x0000000080f00000, 0x0000000080f00000|100%| O|  |TAMS 0x0000000080f00000, 0x0000000080f00000| Untracked 
|  15|0x0000000080f00000, 0x0000000081000000, 0x0000000081000000|100%| O|  |TAMS 0x0000000081000000, 0x0000000081000000| Untracked 
|  16|0x0000000081000000, 0x0000000081100000, 0x0000000081100000|100%| O|  |TAMS 0x0000000081100000, 0x0000000081100000| Untracked 
|  17|0x0000000081100000, 0x0000000081200000, 0x0000000081200000|100%| O|  |TAMS 0x0000000081200000, 0x0000000081200000| Untracked 
|  18|0x0000000081200000, 0x0000000081300000, 0x0000000081300000|100%| O|  |TAMS 0x0000000081300000, 0x0000000081300000| Untracked 
|  19|0x0000000081300000, 0x0000000081400000, 0x0000000081400000|100%| O|  |TAMS 0x0000000081400000, 0x0000000081400000| Untracked 
|  20|0x0000000081400000, 0x0000000081500000, 0x0000000081500000|100%| O|  |TAMS 0x0000000081500000, 0x0000000081500000| Untracked 
|  21|0x0000000081500000, 0x0000000081600000, 0x0000000081600000|100%|HS|  |TAMS 0x0000000081600000, 0x0000000081600000| Complete 
|  22|0x0000000081600000, 0x0000000081700000, 0x0000000081700000|100%|HC|  |TAMS 0x0000000081700000, 0x0000000081700000| Complete 
|  23|0x0000000081700000, 0x0000000081800000, 0x0000000081800000|100%|HS|  |TAMS 0x0000000081800000, 0x0000000081800000| Complete 
|  24|0x0000000081800000, 0x0000000081900000, 0x0000000081900000|100%|HC|  |TAMS 0x0000000081900000, 0x0000000081900000| Complete 
|  25|0x0000000081900000, 0x0000000081a00000, 0x0000000081a00000|100%|HC|  |TAMS 0x0000000081a00000, 0x0000000081a00000| Complete 
|  26|0x0000000081a00000, 0x0000000081b00000, 0x0000000081b00000|100%|HS|  |TAMS 0x0000000081b00000, 0x0000000081b00000| Complete 
|  27|0x0000000081b00000, 0x0000000081c00000, 0x0000000081c00000|100%|HC|  |TAMS 0x0000000081c00000, 0x0000000081c00000| Complete 
|  28|0x0000000081c00000, 0x0000000081d00000, 0x0000000081d00000|100%|HC|  |TAMS 0x0000000081d00000, 0x0000000081d00000| Complete 
|  29|0x0000000081d00000, 0x0000000081e00000, 0x0000000081e00000|100%|HS|  |TAMS 0x0000000081e00000, 0x0000000081e00000| Complete 
|  30|0x0000000081e00000, 0x0000000081f00000, 0x0000000081f00000|100%|HC|  |TAMS 0x0000000081f00000, 0x0000000081f00000| Complete 
|  31|0x0000000081f00000, 0x0000000082000000, 0x0000000082000000|100%|HC|  |TAMS 0x0000000082000000, 0x0000000082000000| Complete 
|  32|0x0000000082000000, 0x0000000082100000, 0x0000000082100000|100%|HC|  |TAMS 0x0000000082100000, 0x0000000082100000| Complete 
|  33|0x0000000082100000, 0x0000000082200000, 0x0000000082200000|100%|HC|  |TAMS 0x0000000082200000, 0x0000000082200000| Complete 
|  34|0x0000000082200000, 0x0000000082300000, 0x0000000082300000|100%|HC|  |TAMS 0x0000000082300000, 0x0000000082300000| Complete 
|  35|0x0000000082300000, 0x0000000082400000, 0x0000000082400000|100%|HC|  |TAMS 0x0000000082400000, 0x0000000082400000| Complete 
|  36|0x0000000082400000, 0x0000000082500000, 0x0000000082500000|100%|HC|  |TAMS 0x0000000082500000, 0x0000000082500000| Complete 
|  37|0x0000000082500000, 0x0000000082600000, 0x0000000082600000|100%|HC|  |TAMS 0x0000000082600000, 0x0000000082600000| Complete 
|  38|0x0000000082600000, 0x0000000082700000, 0x0000000082700000|100%|HC|  |TAMS 0x0000000082700000, 0x0000000082700000| Complete 
|  39|0x0000000082700000, 0x0000000082800000, 0x0000000082800000|100%|HC|  |TAMS 0x0000000082800000, 0x0000000082800000| Complete 
|  40|0x0000000082800000, 0x0000000082900000, 0x0000000082900000|100%|HC|  |TAMS 0x0000000082900000, 0x0000000082900000| Complete 
|  41|0x0000000082900000, 0x0000000082a00000, 0x0000000082a00000|100%| O|  |TAMS 0x0000000082a00000, 0x0000000082a00000| Untracked 
|  42|0x0000000082a00000, 0x0000000082b00000, 0x0000000082b00000|100%| O|  |TAMS 0x0000000082b00000, 0x0000000082b00000| Untracked 
|  43|0x0000000082b00000, 0x0000000082c00000, 0x0000000082c00000|100%| O|  |TAMS 0x0000000082c00000, 0x0000000082c00000| Untracked 
|  44|0x0000000082c00000, 0x0000000082d00000, 0x0000000082d00000|100%| O|  |TAMS 0x0000000082d00000, 0x0000000082d00000| Untracked 
|  45|0x0000000082d00000, 0x0000000082e00000, 0x0000000082e00000|100%|HS|  |TAMS 0x0000000082e00000, 0x0000000082e00000| Complete 
|  46|0x0000000082e00000, 0x0000000082f00000, 0x0000000082f00000|100%|HC|  |TAMS 0x0000000082f00000, 0x0000000082f00000| Complete 
|  47|0x0000000082f00000, 0x0000000083000000, 0x0000000083000000|100%| O|  |TAMS 0x0000000083000000, 0x0000000083000000| Untracked 
|  48|0x0000000083000000, 0x0000000083100000, 0x0000000083100000|100%| O|  |TAMS 0x0000000083100000, 0x0000000083100000| Untracked 
|  49|0x0000000083100000, 0x0000000083200000, 0x0000000083200000|100%| O|  |TAMS 0x0000000083200000, 0x0000000083200000| Untracked 
|  50|0x0000000083200000, 0x0000000083300000, 0x0000000083300000|100%| O|  |TAMS 0x0000000083300000, 0x0000000083300000| Untracked 
|  51|0x0000000083300000, 0x0000000083400000, 0x0000000083400000|100%| O|  |TAMS 0x0000000083400000, 0x0000000083400000| Untracked 
|  52|0x0000000083400000, 0x0000000083500000, 0x0000000083500000|100%| O|  |TAMS 0x0000000083500000, 0x0000000083500000| Untracked 
|  53|0x0000000083500000, 0x0000000083600000, 0x0000000083600000|100%|HS|  |TAMS 0x0000000083600000, 0x0000000083600000| Complete 
|  54|0x0000000083600000, 0x0000000083700000, 0x0000000083700000|100%|HC|  |TAMS 0x0000000083700000, 0x0000000083700000| Complete 
|  55|0x0000000083700000, 0x0000000083800000, 0x0000000083800000|100%|HC|  |TAMS 0x0000000083800000, 0x0000000083800000| Complete 
|  56|0x0000000083800000, 0x0000000083900000, 0x0000000083900000|100%| O|  |TAMS 0x0000000083900000, 0x0000000083900000| Untracked 
|  57|0x0000000083900000, 0x0000000083a00000, 0x0000000083a00000|100%| O|  |TAMS 0x0000000083a00000, 0x0000000083a00000| Untracked 
|  58|0x0000000083a00000, 0x0000000083b00000, 0x0000000083b00000|100%| O|  |TAMS 0x0000000083b00000, 0x0000000083b00000| Untracked 
|  59|0x0000000083b00000, 0x0000000083c00000, 0x0000000083c00000|100%| O|  |TAMS 0x0000000083c00000, 0x0000000083c00000| Untracked 
|  60|0x0000000083c00000, 0x0000000083d00000, 0x0000000083d00000|100%|HS|  |TAMS 0x0000000083d00000, 0x0000000083d00000| Complete 
|  61|0x0000000083d00000, 0x0000000083e00000, 0x0000000083e00000|100%|HC|  |TAMS 0x0000000083e00000, 0x0000000083e00000| Complete 
|  62|0x0000000083e00000, 0x0000000083f00000, 0x0000000083f00000|100%|HS|  |TAMS 0x0000000083f00000, 0x0000000083f00000| Complete 
|  63|0x0000000083f00000, 0x0000000084000000, 0x0000000084000000|100%|HC|  |TAMS 0x0000000084000000, 0x0000000084000000| Complete 
|  64|0x0000000084000000, 0x0000000084100000, 0x0000000084100000|100%|HS|  |TAMS 0x0000000084100000, 0x0000000084100000| Complete 
|  65|0x0000000084100000, 0x0000000084200000, 0x0000000084200000|100%|HC|  |TAMS 0x0000000084200000, 0x0000000084200000| Complete 
|  66|0x0000000084200000, 0x0000000084300000, 0x0000000084300000|100%|HC|  |TAMS 0x0000000084300000, 0x0000000084300000| Complete 
|  67|0x0000000084300000, 0x0000000084400000, 0x0000000084400000|100%|HC|  |TAMS 0x0000000084400000, 0x0000000084400000| Complete 
|  68|0x0000000084400000, 0x0000000084500000, 0x0000000084500000|100%| O|  |TAMS 0x0000000084500000, 0x0000000084500000| Untracked 
|  69|0x0000000084500000, 0x0000000084600000, 0x0000000084600000|100%| O|  |TAMS 0x0000000084600000, 0x0000000084600000| Untracked 
|  70|0x0000000084600000, 0x0000000084700000, 0x0000000084700000|100%| O|  |TAMS 0x0000000084700000, 0x0000000084700000| Untracked 
|  71|0x0000000084700000, 0x0000000084800000, 0x0000000084800000|100%| O|  |TAMS 0x0000000084800000, 0x0000000084800000| Untracked 
|  72|0x0000000084800000, 0x0000000084900000, 0x0000000084900000|100%| O|  |TAMS 0x0000000084900000, 0x0000000084900000| Untracked 
|  73|0x0000000084900000, 0x0000000084a00000, 0x0000000084a00000|100%| O|  |TAMS 0x0000000084a00000, 0x0000000084a00000| Untracked 
|  74|0x0000000084a00000, 0x0000000084b00000, 0x0000000084b00000|100%| O|  |TAMS 0x0000000084b00000, 0x0000000084b00000| Untracked 
|  75|0x0000000084b00000, 0x0000000084c00000, 0x0000000084c00000|100%| O|  |TAMS 0x0000000084c00000, 0x0000000084c00000| Untracked 
|  76|0x0000000084c00000, 0x0000000084d00000, 0x0000000084d00000|100%| O|  |TAMS 0x0000000084d00000, 0x0000000084d00000| Untracked 
|  77|0x0000000084d00000, 0x0000000084e00000, 0x0000000084e00000|100%|HS|  |TAMS 0x0000000084e00000, 0x0000000084e00000| Complete 
|  78|0x0000000084e00000, 0x0000000084f00000, 0x0000000084f00000|100%|HC|  |TAMS 0x0000000084f00000, 0x0000000084f00000| Complete 
|  79|0x0000000084f00000, 0x0000000085000000, 0x0000000085000000|100%|HC|  |TAMS 0x0000000085000000, 0x0000000085000000| Complete 
|  80|0x0000000085000000, 0x0000000085100000, 0x0000000085100000|100%|HC|  |TAMS 0x0000000085100000, 0x0000000085100000| Complete 
|  81|0x0000000085100000, 0x0000000085200000, 0x0000000085200000|100%| O|  |TAMS 0x0000000085200000, 0x0000000085200000| Untracked 
|  82|0x0000000085200000, 0x0000000085300000, 0x0000000085300000|100%| O|  |TAMS 0x0000000085300000, 0x0000000085300000| Untracked 
|  83|0x0000000085300000, 0x0000000085400000, 0x0000000085400000|100%| O|  |TAMS 0x0000000085400000, 0x0000000085400000| Untracked 
|  84|0x0000000085400000, 0x0000000085500000, 0x0000000085500000|100%| O|  |TAMS 0x0000000085500000, 0x0000000085500000| Untracked 
|  85|0x0000000085500000, 0x0000000085600000, 0x0000000085600000|100%| O|  |TAMS 0x0000000085600000, 0x0000000085600000| Untracked 
|  86|0x0000000085600000, 0x0000000085700000, 0x0000000085700000|100%| O|  |TAMS 0x0000000085600000, 0x0000000085600000| Untracked 
|  87|0x0000000085700000, 0x0000000085800000, 0x0000000085800000|100%| O|  |TAMS 0x0000000085700000, 0x0000000085800000| Untracked 
|  88|0x0000000085800000, 0x0000000085900000, 0x0000000085900000|100%| O|  |TAMS 0x0000000085900000, 0x0000000085900000| Untracked 
|  89|0x0000000085900000, 0x0000000085a00000, 0x0000000085a00000|100%| O|  |TAMS 0x0000000085a00000, 0x0000000085a00000| Untracked 
|  90|0x0000000085a00000, 0x0000000085b00000, 0x0000000085b00000|100%| O|  |TAMS 0x0000000085b00000, 0x0000000085b00000| Untracked 
|  91|0x0000000085b00000, 0x0000000085c00000, 0x0000000085c00000|100%| O|  |TAMS 0x0000000085c00000, 0x0000000085c00000| Untracked 
|  92|0x0000000085c00000, 0x0000000085d00000, 0x0000000085d00000|100%| O|  |TAMS 0x0000000085d00000, 0x0000000085d00000| Untracked 
|  93|0x0000000085d00000, 0x0000000085e00000, 0x0000000085e00000|100%| O|  |TAMS 0x0000000085d00000, 0x0000000085d00000| Untracked 
|  94|0x0000000085e00000, 0x0000000085f00000, 0x0000000085f00000|100%| O|  |TAMS 0x0000000085f00000, 0x0000000085f00000| Untracked 
|  95|0x0000000085f00000, 0x0000000086000000, 0x0000000086000000|100%| O|  |TAMS 0x0000000086000000, 0x0000000086000000| Untracked 
|  96|0x0000000086000000, 0x0000000086100000, 0x0000000086100000|100%| O|  |TAMS 0x0000000086100000, 0x0000000086100000| Untracked 
|  97|0x0000000086100000, 0x0000000086200000, 0x0000000086200000|100%| O|  |TAMS 0x0000000086200000, 0x0000000086200000| Untracked 
|  98|0x0000000086200000, 0x0000000086300000, 0x0000000086300000|100%| O|  |TAMS 0x0000000086300000, 0x0000000086300000| Untracked 
|  99|0x0000000086300000, 0x0000000086400000, 0x0000000086400000|100%| O|  |TAMS 0x0000000086400000, 0x0000000086400000| Untracked 
| 100|0x0000000086400000, 0x0000000086500000, 0x0000000086500000|100%| O|  |TAMS 0x0000000086500000, 0x0000000086500000| Untracked 
| 101|0x0000000086500000, 0x0000000086600000, 0x0000000086600000|100%| O|  |TAMS 0x0000000086600000, 0x0000000086600000| Untracked 
| 102|0x0000000086600000, 0x0000000086700000, 0x0000000086700000|100%|HS|  |TAMS 0x0000000086700000, 0x0000000086700000| Complete 
| 103|0x0000000086700000, 0x0000000086800000, 0x0000000086800000|100%|HC|  |TAMS 0x0000000086800000, 0x0000000086800000| Complete 
| 104|0x0000000086800000, 0x0000000086900000, 0x0000000086900000|100%|HS|  |TAMS 0x0000000086900000, 0x0000000086900000| Complete 
| 105|0x0000000086900000, 0x0000000086a00000, 0x0000000086a00000|100%|HC|  |TAMS 0x0000000086a00000, 0x0000000086a00000| Complete 
| 106|0x0000000086a00000, 0x0000000086b00000, 0x0000000086b00000|100%|HC|  |TAMS 0x0000000086b00000, 0x0000000086b00000| Complete 
| 107|0x0000000086b00000, 0x0000000086c00000, 0x0000000086c00000|100%|HS|  |TAMS 0x0000000086c00000, 0x0000000086c00000| Complete 
| 108|0x0000000086c00000, 0x0000000086d00000, 0x0000000086d00000|100%|HC|  |TAMS 0x0000000086d00000, 0x0000000086d00000| Complete 
| 109|0x0000000086d00000, 0x0000000086e00000, 0x0000000086e00000|100%|HC|  |TAMS 0x0000000086e00000, 0x0000000086e00000| Complete 
| 110|0x0000000086e00000, 0x0000000086f00000, 0x0000000086f00000|100%|HS|  |TAMS 0x0000000086f00000, 0x0000000086f00000| Complete 
| 111|0x0000000086f00000, 0x0000000087000000, 0x0000000087000000|100%|HC|  |TAMS 0x0000000087000000, 0x0000000087000000| Complete 
| 112|0x0000000087000000, 0x0000000087100000, 0x0000000087100000|100%|HC|  |TAMS 0x0000000087100000, 0x0000000087100000| Complete 
| 113|0x0000000087100000, 0x0000000087200000, 0x0000000087200000|100%|HC|  |TAMS 0x0000000087200000, 0x0000000087200000| Complete 
| 114|0x0000000087200000, 0x0000000087300000, 0x0000000087300000|100%|HC|  |TAMS 0x0000000087300000, 0x0000000087300000| Complete 
| 115|0x0000000087300000, 0x0000000087400000, 0x0000000087400000|100%|HC|  |TAMS 0x0000000087400000, 0x0000000087400000| Complete 
| 116|0x0000000087400000, 0x0000000087500000, 0x0000000087500000|100%|HC|  |TAMS 0x0000000087500000, 0x0000000087500000| Complete 
| 117|0x0000000087500000, 0x0000000087600000, 0x0000000087600000|100%|HC|  |TAMS 0x0000000087600000, 0x0000000087600000| Complete 
| 118|0x0000000087600000, 0x0000000087700000, 0x0000000087700000|100%|HC|  |TAMS 0x0000000087700000, 0x0000000087700000| Complete 
| 119|0x0000000087700000, 0x0000000087800000, 0x0000000087800000|100%|HC|  |TAMS 0x0000000087800000, 0x0000000087800000| Complete 
| 120|0x0000000087800000, 0x0000000087900000, 0x0000000087900000|100%|HC|  |TAMS 0x0000000087900000, 0x0000000087900000| Complete 
| 121|0x0000000087900000, 0x0000000087a00000, 0x0000000087a00000|100%|HC|  |TAMS 0x0000000087a00000, 0x0000000087a00000| Complete 
| 122|0x0000000087a00000, 0x0000000087b00000, 0x0000000087b00000|100%|HS|  |TAMS 0x0000000087b00000, 0x0000000087b00000| Complete 
| 123|0x0000000087b00000, 0x0000000087c00000, 0x0000000087c00000|100%|HC|  |TAMS 0x0000000087c00000, 0x0000000087c00000| Complete 
| 124|0x0000000087c00000, 0x0000000087d00000, 0x0000000087d00000|100%| O|  |TAMS 0x0000000087d00000, 0x0000000087d00000| Untracked 
| 125|0x0000000087d00000, 0x0000000087e00000, 0x0000000087e00000|100%| O|  |TAMS 0x0000000087e00000, 0x0000000087e00000| Untracked 
| 126|0x0000000087e00000, 0x0000000087f00000, 0x0000000087f00000|100%| O|  |TAMS 0x0000000087e00000, 0x0000000087f00000| Untracked 
| 127|0x0000000087f00000, 0x0000000088000000, 0x0000000088000000|100%| O|  |TAMS 0x0000000087f00000, 0x0000000088000000| Untracked 
| 128|0x0000000088000000, 0x0000000088100000, 0x0000000088100000|100%| O|  |TAMS 0x0000000088000000, 0x0000000088100000| Untracked 
| 129|0x0000000088100000, 0x0000000088200000, 0x0000000088200000|100%| O|  |TAMS 0x0000000088100000, 0x0000000088200000| Untracked 
| 130|0x0000000088200000, 0x0000000088200000, 0x0000000088300000|  0%| F|  |TAMS 0x0000000088200000, 0x0000000088200000| Untracked 
| 131|0x0000000088300000, 0x0000000088300000, 0x0000000088400000|  0%| F|  |TAMS 0x0000000088300000, 0x0000000088300000| Untracked 
| 132|0x0000000088400000, 0x0000000088400000, 0x0000000088500000|  0%| F|  |TAMS 0x0000000088400000, 0x0000000088400000| Untracked 
| 133|0x0000000088500000, 0x0000000088500000, 0x0000000088600000|  0%| F|  |TAMS 0x0000000088500000, 0x0000000088500000| Untracked 
| 134|0x0000000088600000, 0x0000000088700000, 0x0000000088700000|100%| O|  |TAMS 0x0000000088700000, 0x0000000088700000| Untracked 
| 135|0x0000000088700000, 0x0000000088800000, 0x0000000088800000|100%| O|  |TAMS 0x0000000088800000, 0x0000000088800000| Untracked 
| 136|0x0000000088800000, 0x0000000088900000, 0x0000000088900000|100%| O|  |TAMS 0x0000000088900000, 0x0000000088900000| Untracked 
| 137|0x0000000088900000, 0x0000000088a00000, 0x0000000088a00000|100%| O|  |TAMS 0x0000000088a00000, 0x0000000088a00000| Untracked 
| 138|0x0000000088a00000, 0x0000000088b00000, 0x0000000088b00000|100%| O|  |TAMS 0x0000000088b00000, 0x0000000088b00000| Untracked 
| 139|0x0000000088b00000, 0x0000000088c00000, 0x0000000088c00000|100%| O|  |TAMS 0x0000000088c00000, 0x0000000088c00000| Untracked 
| 140|0x0000000088c00000, 0x0000000088d00000, 0x0000000088d00000|100%| O|  |TAMS 0x0000000088d00000, 0x0000000088d00000| Untracked 
| 141|0x0000000088d00000, 0x0000000088e00000, 0x0000000088e00000|100%| O|  |TAMS 0x0000000088ddcc00, 0x0000000088e00000| Untracked 
| 142|0x0000000088e00000, 0x0000000088f00000, 0x0000000088f00000|100%| O|  |TAMS 0x0000000088e00000, 0x0000000088f00000| Untracked 
| 143|0x0000000088f00000, 0x0000000089000000, 0x0000000089000000|100%| O|  |TAMS 0x0000000088f00000, 0x0000000089000000| Untracked 
| 144|0x0000000089000000, 0x0000000089100000, 0x0000000089100000|100%| O|  |TAMS 0x0000000089000000, 0x000000008908e200| Untracked 
| 145|0x0000000089100000, 0x0000000089200000, 0x0000000089200000|100%| O|  |TAMS 0x0000000089100000, 0x0000000089100000| Untracked 
| 146|0x0000000089200000, 0x0000000089300000, 0x0000000089300000|100%| O|  |TAMS 0x0000000089200000, 0x0000000089200000| Untracked 
| 147|0x0000000089300000, 0x0000000089400000, 0x0000000089400000|100%| O|  |TAMS 0x0000000089300000, 0x0000000089300000| Untracked 
| 148|0x0000000089400000, 0x0000000089500000, 0x0000000089500000|100%| O|  |TAMS 0x0000000089400000, 0x0000000089400000| Untracked 
| 149|0x0000000089500000, 0x0000000089600000, 0x0000000089600000|100%| O|  |TAMS 0x0000000089500000, 0x0000000089500000| Untracked 
| 150|0x0000000089600000, 0x0000000089700000, 0x0000000089700000|100%| O|  |TAMS 0x0000000089600000, 0x0000000089600000| Untracked 
| 151|0x0000000089700000, 0x0000000089800000, 0x0000000089800000|100%| O|  |TAMS 0x0000000089700000, 0x0000000089700000| Untracked 
| 152|0x0000000089800000, 0x0000000089900000, 0x0000000089900000|100%| O|  |TAMS 0x0000000089800000, 0x0000000089800000| Untracked 
| 153|0x0000000089900000, 0x0000000089a00000, 0x0000000089a00000|100%| O|  |TAMS 0x0000000089900000, 0x0000000089900000| Untracked 
| 154|0x0000000089a00000, 0x0000000089b00000, 0x0000000089b00000|100%| O|  |TAMS 0x0000000089a00000, 0x0000000089a00000| Untracked 
| 155|0x0000000089b00000, 0x0000000089b6a800, 0x0000000089c00000| 41%| O|  |TAMS 0x0000000089b00000, 0x0000000089b00000| Untracked 
| 156|0x0000000089c00000, 0x0000000089c00000, 0x0000000089d00000|  0%| F|  |TAMS 0x0000000089c00000, 0x0000000089c00000| Untracked 
| 157|0x0000000089d00000, 0x0000000089d00000, 0x0000000089e00000|  0%| F|  |TAMS 0x0000000089d00000, 0x0000000089d00000| Untracked 
| 158|0x0000000089e00000, 0x0000000089e00000, 0x0000000089f00000|  0%| F|  |TAMS 0x0000000089e00000, 0x0000000089e00000| Untracked 
| 159|0x0000000089f00000, 0x0000000089f00000, 0x000000008a000000|  0%| F|  |TAMS 0x0000000089f00000, 0x0000000089f00000| Untracked 
| 160|0x000000008a000000, 0x000000008a000000, 0x000000008a100000|  0%| F|  |TAMS 0x000000008a000000, 0x000000008a000000| Untracked 
| 161|0x000000008a100000, 0x000000008a100000, 0x000000008a200000|  0%| F|  |TAMS 0x000000008a100000, 0x000000008a100000| Untracked 
| 162|0x000000008a200000, 0x000000008a200000, 0x000000008a300000|  0%| F|  |TAMS 0x000000008a200000, 0x000000008a200000| Untracked 
| 163|0x000000008a300000, 0x000000008a300000, 0x000000008a400000|  0%| F|  |TAMS 0x000000008a300000, 0x000000008a300000| Untracked 
| 164|0x000000008a400000, 0x000000008a400000, 0x000000008a500000|  0%| F|  |TAMS 0x000000008a400000, 0x000000008a400000| Untracked 
| 165|0x000000008a500000, 0x000000008a500000, 0x000000008a600000|  0%| F|  |TAMS 0x000000008a500000, 0x000000008a500000| Untracked 
| 166|0x000000008a600000, 0x000000008a600000, 0x000000008a700000|  0%| F|  |TAMS 0x000000008a600000, 0x000000008a600000| Untracked 
| 167|0x000000008a700000, 0x000000008a700000, 0x000000008a800000|  0%| F|  |TAMS 0x000000008a700000, 0x000000008a700000| Untracked 
| 168|0x000000008a800000, 0x000000008a800000, 0x000000008a900000|  0%| F|  |TAMS 0x000000008a800000, 0x000000008a800000| Untracked 
| 169|0x000000008a900000, 0x000000008a900000, 0x000000008aa00000|  0%| F|  |TAMS 0x000000008a900000, 0x000000008a900000| Untracked 
| 170|0x000000008aa00000, 0x000000008aa00000, 0x000000008ab00000|  0%| F|  |TAMS 0x000000008aa00000, 0x000000008aa00000| Untracked 
| 171|0x000000008ab00000, 0x000000008ab00000, 0x000000008ac00000|  0%| F|  |TAMS 0x000000008ab00000, 0x000000008ab00000| Untracked 
| 172|0x000000008ac00000, 0x000000008ac00000, 0x000000008ad00000|  0%| F|  |TAMS 0x000000008ac00000, 0x000000008ac00000| Untracked 
| 173|0x000000008ad00000, 0x000000008ad00000, 0x000000008ae00000|  0%| F|  |TAMS 0x000000008ad00000, 0x000000008ad00000| Untracked 
| 174|0x000000008ae00000, 0x000000008ae00000, 0x000000008af00000|  0%| F|  |TAMS 0x000000008ae00000, 0x000000008ae00000| Untracked 
| 175|0x000000008af00000, 0x000000008af00000, 0x000000008b000000|  0%| F|  |TAMS 0x000000008af00000, 0x000000008af00000| Untracked 
| 176|0x000000008b000000, 0x000000008b000000, 0x000000008b100000|  0%| F|  |TAMS 0x000000008b000000, 0x000000008b000000| Untracked 
| 177|0x000000008b100000, 0x000000008b200000, 0x000000008b200000|100%| S|CS|TAMS 0x000000008b100000, 0x000000008b100000| Complete 
| 178|0x000000008b200000, 0x000000008b300000, 0x000000008b300000|100%| S|CS|TAMS 0x000000008b200000, 0x000000008b200000| Complete 
| 179|0x000000008b300000, 0x000000008b400000, 0x000000008b400000|100%| S|CS|TAMS 0x000000008b300000, 0x000000008b300000| Complete 
| 180|0x000000008b400000, 0x000000008b500000, 0x000000008b500000|100%| S|CS|TAMS 0x000000008b400000, 0x000000008b400000| Complete 
| 181|0x000000008b500000, 0x000000008b600000, 0x000000008b600000|100%| S|CS|TAMS 0x000000008b500000, 0x000000008b500000| Complete 
| 182|0x000000008b600000, 0x000000008b700000, 0x000000008b700000|100%| S|CS|TAMS 0x000000008b600000, 0x000000008b600000| Complete 
| 183|0x000000008b700000, 0x000000008b800000, 0x000000008b800000|100%| S|CS|TAMS 0x000000008b700000, 0x000000008b700000| Complete 
| 184|0x000000008b800000, 0x000000008b800000, 0x000000008b900000|  0%| F|  |TAMS 0x000000008b800000, 0x000000008b800000| Untracked 
| 185|0x000000008b900000, 0x000000008b900000, 0x000000008ba00000|  0%| F|  |TAMS 0x000000008b900000, 0x000000008b900000| Untracked 
| 186|0x000000008ba00000, 0x000000008ba00000, 0x000000008bb00000|  0%| F|  |TAMS 0x000000008ba00000, 0x000000008ba00000| Untracked 
| 187|0x000000008bb00000, 0x000000008bb00000, 0x000000008bc00000|  0%| F|  |TAMS 0x000000008bb00000, 0x000000008bb00000| Untracked 
| 188|0x000000008bc00000, 0x000000008bc00000, 0x000000008bd00000|  0%| F|  |TAMS 0x000000008bc00000, 0x000000008bc00000| Untracked 
| 189|0x000000008bd00000, 0x000000008bd00000, 0x000000008be00000|  0%| F|  |TAMS 0x000000008bd00000, 0x000000008bd00000| Untracked 
| 190|0x000000008be00000, 0x000000008be00000, 0x000000008bf00000|  0%| F|  |TAMS 0x000000008be00000, 0x000000008be00000| Untracked 
| 191|0x000000008bf00000, 0x000000008bf00000, 0x000000008c000000|  0%| F|  |TAMS 0x000000008bf00000, 0x000000008bf00000| Untracked 
| 192|0x000000008c000000, 0x000000008c000000, 0x000000008c100000|  0%| F|  |TAMS 0x000000008c000000, 0x000000008c000000| Untracked 
| 193|0x000000008c100000, 0x000000008c100000, 0x000000008c200000|  0%| F|  |TAMS 0x000000008c100000, 0x000000008c100000| Untracked 
| 194|0x000000008c200000, 0x000000008c200000, 0x000000008c300000|  0%| F|  |TAMS 0x000000008c200000, 0x000000008c200000| Untracked 
| 195|0x000000008c300000, 0x000000008c300000, 0x000000008c400000|  0%| F|  |TAMS 0x000000008c300000, 0x000000008c300000| Untracked 
| 196|0x000000008c400000, 0x000000008c400000, 0x000000008c500000|  0%| F|  |TAMS 0x000000008c400000, 0x000000008c400000| Untracked 
| 197|0x000000008c500000, 0x000000008c500000, 0x000000008c600000|  0%| F|  |TAMS 0x000000008c500000, 0x000000008c500000| Untracked 
| 198|0x000000008c600000, 0x000000008c600000, 0x000000008c700000|  0%| F|  |TAMS 0x000000008c600000, 0x000000008c600000| Untracked 
| 199|0x000000008c700000, 0x000000008c700000, 0x000000008c800000|  0%| F|  |TAMS 0x000000008c700000, 0x000000008c700000| Untracked 
| 200|0x000000008c800000, 0x000000008c800000, 0x000000008c900000|  0%| F|  |TAMS 0x000000008c800000, 0x000000008c800000| Untracked 
| 201|0x000000008c900000, 0x000000008c900000, 0x000000008ca00000|  0%| F|  |TAMS 0x000000008c900000, 0x000000008c900000| Untracked 
| 202|0x000000008ca00000, 0x000000008ca00000, 0x000000008cb00000|  0%| F|  |TAMS 0x000000008ca00000, 0x000000008ca00000| Untracked 
| 203|0x000000008cb00000, 0x000000008cb00000, 0x000000008cc00000|  0%| F|  |TAMS 0x000000008cb00000, 0x000000008cb00000| Untracked 
| 204|0x000000008cc00000, 0x000000008cc00000, 0x000000008cd00000|  0%| F|  |TAMS 0x000000008cc00000, 0x000000008cc00000| Untracked 
| 205|0x000000008cd00000, 0x000000008cd00000, 0x000000008ce00000|  0%| F|  |TAMS 0x000000008cd00000, 0x000000008cd00000| Untracked 
| 206|0x000000008ce00000, 0x000000008ce00000, 0x000000008cf00000|  0%| F|  |TAMS 0x000000008ce00000, 0x000000008ce00000| Untracked 
| 207|0x000000008cf00000, 0x000000008cf00000, 0x000000008d000000|  0%| F|  |TAMS 0x000000008cf00000, 0x000000008cf00000| Untracked 
| 208|0x000000008d000000, 0x000000008d000000, 0x000000008d100000|  0%| F|  |TAMS 0x000000008d000000, 0x000000008d000000| Untracked 
| 209|0x000000008d100000, 0x000000008d100000, 0x000000008d200000|  0%| F|  |TAMS 0x000000008d100000, 0x000000008d100000| Untracked 
| 210|0x000000008d200000, 0x000000008d200000, 0x000000008d300000|  0%| F|  |TAMS 0x000000008d200000, 0x000000008d200000| Untracked 
| 211|0x000000008d300000, 0x000000008d300000, 0x000000008d400000|  0%| F|  |TAMS 0x000000008d300000, 0x000000008d300000| Untracked 
| 212|0x000000008d400000, 0x000000008d400000, 0x000000008d500000|  0%| F|  |TAMS 0x000000008d400000, 0x000000008d400000| Untracked 
| 213|0x000000008d500000, 0x000000008d500000, 0x000000008d600000|  0%| F|  |TAMS 0x000000008d500000, 0x000000008d500000| Untracked 
| 214|0x000000008d600000, 0x000000008d600000, 0x000000008d700000|  0%| F|  |TAMS 0x000000008d600000, 0x000000008d600000| Untracked 
| 215|0x000000008d700000, 0x000000008d700000, 0x000000008d800000|  0%| F|  |TAMS 0x000000008d700000, 0x000000008d700000| Untracked 
| 216|0x000000008d800000, 0x000000008d800000, 0x000000008d900000|  0%| F|  |TAMS 0x000000008d800000, 0x000000008d800000| Untracked 
| 217|0x000000008d900000, 0x000000008d900000, 0x000000008da00000|  0%| F|  |TAMS 0x000000008d900000, 0x000000008d900000| Untracked 
| 218|0x000000008da00000, 0x000000008da00000, 0x000000008db00000|  0%| F|  |TAMS 0x000000008da00000, 0x000000008da00000| Untracked 
| 219|0x000000008db00000, 0x000000008db00000, 0x000000008dc00000|  0%| F|  |TAMS 0x000000008db00000, 0x000000008db00000| Untracked 
| 220|0x000000008dc00000, 0x000000008dc00000, 0x000000008dd00000|  0%| F|  |TAMS 0x000000008dc00000, 0x000000008dc00000| Untracked 
| 221|0x000000008dd00000, 0x000000008dd00000, 0x000000008de00000|  0%| F|  |TAMS 0x000000008dd00000, 0x000000008dd00000| Untracked 
| 222|0x000000008de00000, 0x000000008de00000, 0x000000008df00000|  0%| F|  |TAMS 0x000000008de00000, 0x000000008de00000| Untracked 
| 223|0x000000008df00000, 0x000000008df00000, 0x000000008e000000|  0%| F|  |TAMS 0x000000008df00000, 0x000000008df00000| Untracked 
| 224|0x000000008e000000, 0x000000008e000000, 0x000000008e100000|  0%| F|  |TAMS 0x000000008e000000, 0x000000008e000000| Untracked 
| 225|0x000000008e100000, 0x000000008e100000, 0x000000008e200000|  0%| F|  |TAMS 0x000000008e100000, 0x000000008e100000| Untracked 
| 226|0x000000008e200000, 0x000000008e200000, 0x000000008e300000|  0%| F|  |TAMS 0x000000008e200000, 0x000000008e200000| Untracked 
| 227|0x000000008e300000, 0x000000008e300000, 0x000000008e400000|  0%| F|  |TAMS 0x000000008e300000, 0x000000008e300000| Untracked 
| 228|0x000000008e400000, 0x000000008e400000, 0x000000008e500000|  0%| F|  |TAMS 0x000000008e400000, 0x000000008e400000| Untracked 
| 229|0x000000008e500000, 0x000000008e500000, 0x000000008e600000|  0%| F|  |TAMS 0x000000008e500000, 0x000000008e500000| Untracked 
| 230|0x000000008e600000, 0x000000008e600000, 0x000000008e700000|  0%| F|  |TAMS 0x000000008e600000, 0x000000008e600000| Untracked 
| 231|0x000000008e700000, 0x000000008e700000, 0x000000008e800000|  0%| F|  |TAMS 0x000000008e700000, 0x000000008e700000| Untracked 
| 232|0x000000008e800000, 0x000000008e800000, 0x000000008e900000|  0%| F|  |TAMS 0x000000008e800000, 0x000000008e800000| Untracked 
| 233|0x000000008e900000, 0x000000008e900000, 0x000000008ea00000|  0%| F|  |TAMS 0x000000008e900000, 0x000000008e900000| Untracked 
| 234|0x000000008ea00000, 0x000000008ea00000, 0x000000008eb00000|  0%| F|  |TAMS 0x000000008ea00000, 0x000000008ea00000| Untracked 
| 235|0x000000008eb00000, 0x000000008eb00000, 0x000000008ec00000|  0%| F|  |TAMS 0x000000008eb00000, 0x000000008eb00000| Untracked 
| 236|0x000000008ec00000, 0x000000008ec00000, 0x000000008ed00000|  0%| F|  |TAMS 0x000000008ec00000, 0x000000008ec00000| Untracked 
| 237|0x000000008ed00000, 0x000000008ed00000, 0x000000008ee00000|  0%| F|  |TAMS 0x000000008ed00000, 0x000000008ed00000| Untracked 
| 238|0x000000008ee00000, 0x000000008ee00000, 0x000000008ef00000|  0%| F|  |TAMS 0x000000008ee00000, 0x000000008ee00000| Untracked 
| 239|0x000000008ef00000, 0x000000008ef00000, 0x000000008f000000|  0%| F|  |TAMS 0x000000008ef00000, 0x000000008ef00000| Untracked 
| 240|0x000000008f000000, 0x000000008f000000, 0x000000008f100000|  0%| F|  |TAMS 0x000000008f000000, 0x000000008f000000| Untracked 
| 241|0x000000008f100000, 0x000000008f100000, 0x000000008f200000|  0%| F|  |TAMS 0x000000008f100000, 0x000000008f100000| Untracked 
| 242|0x000000008f200000, 0x000000008f200000, 0x000000008f300000|  0%| F|  |TAMS 0x000000008f200000, 0x000000008f200000| Untracked 
| 243|0x000000008f300000, 0x000000008f300000, 0x000000008f400000|  0%| F|  |TAMS 0x000000008f300000, 0x000000008f300000| Untracked 
| 244|0x000000008f400000, 0x000000008f400000, 0x000000008f500000|  0%| F|  |TAMS 0x000000008f400000, 0x000000008f400000| Untracked 
| 245|0x000000008f500000, 0x000000008f500000, 0x000000008f600000|  0%| F|  |TAMS 0x000000008f500000, 0x000000008f500000| Untracked 
| 246|0x000000008f600000, 0x000000008f600000, 0x000000008f700000|  0%| F|  |TAMS 0x000000008f600000, 0x000000008f600000| Untracked 
| 247|0x000000008f700000, 0x000000008f700000, 0x000000008f800000|  0%| F|  |TAMS 0x000000008f700000, 0x000000008f700000| Untracked 
| 248|0x000000008f800000, 0x000000008f800000, 0x000000008f900000|  0%| F|  |TAMS 0x000000008f800000, 0x000000008f800000| Untracked 
| 249|0x000000008f900000, 0x000000008f900000, 0x000000008fa00000|  0%| F|  |TAMS 0x000000008f900000, 0x000000008f900000| Untracked 
| 250|0x000000008fa00000, 0x000000008fa00000, 0x000000008fb00000|  0%| F|  |TAMS 0x000000008fa00000, 0x000000008fa00000| Untracked 
| 251|0x000000008fb00000, 0x000000008fb00000, 0x000000008fc00000|  0%| F|  |TAMS 0x000000008fb00000, 0x000000008fb00000| Untracked 

Card table byte_map: [0x0000024554630000,0x0000024554a30000] _byte_map_base: 0x0000024554230000

Marking Bits (Prev, Next): (CMBitMap*) 0x0000024541877ef0, (CMBitMap*) 0x0000024541877f30
 Prev Bits: [0x0000024554e30000, 0x0000024556e30000)
 Next Bits: [0x0000024556e30000, 0x0000024558e30000)

Polling page: 0x0000024540fe0000

Metaspace:

Usage:
  Non-class:     73.60 MB used.
      Class:     12.39 MB used.
       Both:     85.99 MB used.

Virtual space:
  Non-class space:       80.00 MB reserved,      74.06 MB ( 93%) committed,  10 nodes.
      Class space:        1.00 GB reserved,      12.75 MB (  1%) committed,  1 nodes.
             Both:        1.08 GB reserved,      86.81 MB (  8%) committed. 

Chunk freelists:
   Non-Class:  1.89 MB
       Class:  3.27 MB
        Both:  5.16 MB

MaxMetaspaceSize: unlimited
CompressedClassSpaceSize: 1.00 GB
Initial GC threshold: 21.00 MB
Current GC threshold: 142.00 MB
CDS: off
MetaspaceReclaimPolicy: balanced
 - commit_granule_bytes: 65536.
 - commit_granule_words: 8192.
 - virtual_space_node_default_size: 1048576.
 - enlarge_chunks_in_place: 1.
 - new_chunks_are_fully_committed: 0.
 - uncommit_free_chunks: 1.
 - use_allocation_guard: 0.
 - handle_deallocations: 1.


Internal statistics:

num_allocs_failed_limit: 9.
num_arena_births: 1128.
num_arena_deaths: 0.
num_vsnodes_births: 11.
num_vsnodes_deaths: 0.
num_space_committed: 1389.
num_space_uncommitted: 0.
num_chunks_returned_to_freelist: 9.
num_chunks_taken_from_freelist: 4501.
num_chunk_merges: 6.
num_chunk_splits: 2935.
num_chunks_enlarged: 1900.
num_purges: 0.
num_inconsistent_stats: 0.

CodeHeap 'non-profiled nmethods': size=120000Kb used=3962Kb max_used=3962Kb free=116037Kb
 bounds [0x000002454c7b0000, 0x000002454cb90000, 0x0000024553ce0000]
CodeHeap 'profiled nmethods': size=120000Kb used=16102Kb max_used=16102Kb free=103897Kb
 bounds [0x0000024544ce0000, 0x0000024545ca0000, 0x000002454c210000]
CodeHeap 'non-nmethods': size=5760Kb used=2376Kb max_used=2409Kb free=3383Kb
 bounds [0x000002454c210000, 0x000002454c480000, 0x000002454c7b0000]
 total_blobs=9511 nmethods=8604 adapters=819
 compilation: enabled
              stopped_count=0, restarted_count=0
 full_count=0

Compilation events (20 events):
Event: 13.545 Thread 0x000002455c498850 nmethod 9478 0x000002454cb8b310 code [0x000002454cb8b4a0, 0x000002454cb8b638]
Event: 13.545 Thread 0x000002455c498850 9526       4       java.util.Collections$UnmodifiableCollection::contains (11 bytes)
Event: 13.546 Thread 0x000002455c498850 nmethod 9526 0x000002454cb8b890 code [0x000002454cb8ba20, 0x000002454cb8bb78]
Event: 13.546 Thread 0x000002455c498850 9479       4       org.gradle.internal.execution.history.impl.FileSystemSnapshotSerializer$$Lambda$923/0x0000000100812d90::applyAsInt (8 bytes)
Event: 13.547 Thread 0x000002455c498850 nmethod 9479 0x000002454cb8bd10 code [0x000002454cb8bea0, 0x000002454cb8bf58]
Event: 13.547 Thread 0x000002455c498850 9482       4       java.util.stream.ReduceOps$5ReducingSink::accept (19 bytes)
Event: 13.547 Thread 0x000002455c498850 nmethod 9482 0x000002454cb8c090 code [0x000002454cb8c200, 0x000002454cb8c2d8]
Event: 13.547 Thread 0x000002455c498850 9485       4       com.google.common.collect.MapMakerInternalMap$WeakKeyDummyValueSegment::self (5 bytes)
Event: 13.547 Thread 0x000002455c498850 nmethod 9485 0x000002454cb8c390 code [0x000002454cb8c500, 0x000002454cb8c578]
Event: 13.547 Thread 0x000002455c498850 9507       4       org.gradle.internal.hash.HashCode::fromBytes (65 bytes)
Event: 13.551 Thread 0x000002455c499240 9533       1       org.gradle.internal.snapshot.MerkleDirectorySnapshotBuilder::access$000 (5 bytes)
Event: 13.552 Thread 0x000002455c499240 nmethod 9533 0x000002454cb8c690 code [0x000002454cb8c820, 0x000002454cb8c8d8]
Event: 13.552 Thread 0x000002455c498850 nmethod 9507 0x000002454cb8c990 code [0x000002454cb8cb40, 0x000002454cb8d018]
Event: 13.552 Thread 0x000002455c498850 9505       4       java.util.ArrayDeque::peekLast (19 bytes)
Event: 13.552 Thread 0x000002455c498850 nmethod 9505 0x000002454cb8d290 code [0x000002454cb8d400, 0x000002454cb8d4b8]
Event: 13.552 Thread 0x000002455c498850 9516       4       org.gradle.internal.snapshot.DirectorySnapshot$$Lambda$462/0x000000010051fc68::apply (8 bytes)
Event: 13.555 Thread 0x000002455c498850 nmethod 9516 0x000002454cb8d590 code [0x000002454cb8d720, 0x000002454cb8d9d8]
Event: 13.555 Thread 0x000002455c498850 9512   !   4       org.gradle.internal.serialize.kryo.KryoBackedDecoder::readBytes (23 bytes)
Event: 13.563 Thread 0x000002455c498850 nmethod 9512 0x000002454cb8db10 code [0x000002454cb8dcc0, 0x000002454cb8e468]
Event: 13.563 Thread 0x000002455c498850 9511       4       org.gradle.internal.hash.HashCode::fromBytes (47 bytes)

GC Heap History (20 events):
Event: 8.858 GC heap after
{Heap after GC invocations=19 (full 0):
 garbage-first heap   total 198656K, used 92741K [0x0000000080000000, 0x0000000100000000)
  region size 1024K, 3 young (3072K), 3 survivors (3072K)
 Metaspace       used 67879K, committed 68608K, reserved 1114112K
  class space    used 9366K, committed 9728K, reserved 1048576K
}
Event: 9.660 GC heap before
{Heap before GC invocations=19 (full 0):
 garbage-first heap   total 198656K, used 152133K [0x0000000080000000, 0x0000000100000000)
  region size 1024K, 62 young (63488K), 3 survivors (3072K)
 Metaspace       used 72512K, committed 73216K, reserved 1114112K
  class space    used 10002K, committed 10304K, reserved 1048576K
}
Event: 9.667 GC heap after
{Heap after GC invocations=20 (full 0):
 garbage-first heap   total 198656K, used 97649K [0x0000000080000000, 0x0000000100000000)
  region size 1024K, 8 young (8192K), 8 survivors (8192K)
 Metaspace       used 72512K, committed 73216K, reserved 1114112K
  class space    used 10002K, committed 10304K, reserved 1048576K
}
Event: 10.798 GC heap before
{Heap before GC invocations=21 (full 0):
 garbage-first heap   total 198656K, used 160113K [0x0000000080000000, 0x0000000100000000)
  region size 1024K, 70 young (71680K), 8 survivors (8192K)
 Metaspace       used 75570K, committed 76352K, reserved 1122304K
  class space    used 10540K, committed 10880K, reserved 1048576K
}
Event: 10.807 GC heap after
{Heap after GC invocations=22 (full 0):
 garbage-first heap   total 198656K, used 103329K [0x0000000080000000, 0x0000000100000000)
  region size 1024K, 6 young (6144K), 6 survivors (6144K)
 Metaspace       used 75570K, committed 76352K, reserved 1122304K
  class space    used 10540K, committed 10880K, reserved 1048576K
}
Event: 10.813 GC heap before
{Heap before GC invocations=22 (full 0):
 garbage-first heap   total 198656K, used 106401K [0x0000000080000000, 0x0000000100000000)
  region size 1024K, 9 young (9216K), 6 survivors (6144K)
 Metaspace       used 75570K, committed 76352K, reserved 1122304K
  class space    used 10540K, committed 10880K, reserved 1048576K
}
Event: 10.819 GC heap after
{Heap after GC invocations=23 (full 0):
 garbage-first heap   total 198656K, used 103419K [0x0000000080000000, 0x0000000100000000)
  region size 1024K, 1 young (1024K), 1 survivors (1024K)
 Metaspace       used 75570K, committed 76352K, reserved 1122304K
  class space    used 10540K, committed 10880K, reserved 1048576K
}
Event: 11.432 GC heap before
{Heap before GC invocations=23 (full 0):
 garbage-first heap   total 198656K, used 160763K [0x0000000080000000, 0x0000000100000000)
  region size 1024K, 57 young (58368K), 1 survivors (1024K)
 Metaspace       used 80894K, committed 81728K, reserved 1122304K
  class space    used 11425K, committed 11776K, reserved 1048576K
}
Event: 11.436 GC heap after
{Heap after GC invocations=24 (full 0):
 garbage-first heap   total 198656K, used 105093K [0x0000000080000000, 0x0000000100000000)
  region size 1024K, 3 young (3072K), 3 survivors (3072K)
 Metaspace       used 80894K, committed 81728K, reserved 1122304K
  class space    used 11425K, committed 11776K, reserved 1048576K
}
Event: 12.230 GC heap before
{Heap before GC invocations=25 (full 0):
 garbage-first heap   total 198656K, used 184965K [0x0000000080000000, 0x0000000100000000)
  region size 1024K, 60 young (61440K), 3 survivors (3072K)
 Metaspace       used 84359K, committed 85248K, reserved 1122304K
  class space    used 12212K, committed 12608K, reserved 1048576K
}
Event: 12.238 GC heap after
{Heap after GC invocations=26 (full 0):
 garbage-first heap   total 198656K, used 136792K [0x0000000080000000, 0x0000000100000000)
  region size 1024K, 8 young (8192K), 8 survivors (8192K)
 Metaspace       used 84359K, committed 85248K, reserved 1122304K
  class space    used 12212K, committed 12608K, reserved 1048576K
}
Event: 12.263 GC heap before
{Heap before GC invocations=26 (full 0):
 garbage-first heap   total 198656K, used 137816K [0x0000000080000000, 0x0000000100000000)
  region size 1024K, 9 young (9216K), 8 survivors (8192K)
 Metaspace       used 84403K, committed 85248K, reserved 1122304K
  class space    used 12217K, committed 12608K, reserved 1048576K
}
Event: 12.268 GC heap after
{Heap after GC invocations=27 (full 0):
 garbage-first heap   total 198656K, used 136675K [0x0000000080000000, 0x0000000100000000)
  region size 1024K, 1 young (1024K), 1 survivors (1024K)
 Metaspace       used 84403K, committed 85248K, reserved 1122304K
  class space    used 12217K, committed 12608K, reserved 1048576K
}
Event: 12.820 GC heap before
{Heap before GC invocations=27 (full 0):
 garbage-first heap   total 198656K, used 165347K [0x0000000080000000, 0x0000000100000000)
  region size 1024K, 30 young (30720K), 1 survivors (1024K)
 Metaspace       used 86323K, committed 87104K, reserved 1130496K
  class space    used 12416K, committed 12800K, reserved 1048576K
}
Event: 12.825 GC heap after
{Heap after GC invocations=28 (full 0):
 garbage-first heap   total 198656K, used 140757K [0x0000000080000000, 0x0000000100000000)
  region size 1024K, 4 young (4096K), 4 survivors (4096K)
 Metaspace       used 86323K, committed 87104K, reserved 1130496K
  class space    used 12416K, committed 12800K, reserved 1048576K
}
Event: 13.120 GC heap before
{Heap before GC invocations=29 (full 0):
 garbage-first heap   total 239616K, used 166357K [0x0000000080000000, 0x0000000100000000)
  region size 1024K, 30 young (30720K), 4 survivors (4096K)
 Metaspace       used 87457K, committed 88256K, reserved 1130496K
  class space    used 12602K, committed 12992K, reserved 1048576K
}
Event: 13.128 GC heap after
{Heap after GC invocations=30 (full 0):
 garbage-first heap   total 239616K, used 143139K [0x0000000080000000, 0x0000000100000000)
  region size 1024K, 3 young (3072K), 3 survivors (3072K)
 Metaspace       used 87457K, committed 88256K, reserved 1130496K
  class space    used 12602K, committed 12992K, reserved 1048576K
}
Event: 13.293 GC heap before
{Heap before GC invocations=30 (full 0):
 garbage-first heap   total 239616K, used 155427K [0x0000000080000000, 0x0000000100000000)
  region size 1024K, 11 young (11264K), 3 survivors (3072K)
 Metaspace       used 88053K, committed 88896K, reserved 1130496K
  class space    used 12688K, committed 13056K, reserved 1048576K
}
Event: 13.299 GC heap after
{Heap after GC invocations=31 (full 0):
 garbage-first heap   total 239616K, used 146953K [0x0000000080000000, 0x0000000100000000)
  region size 1024K, 1 young (1024K), 1 survivors (1024K)
 Metaspace       used 88053K, committed 88896K, reserved 1130496K
  class space    used 12688K, committed 13056K, reserved 1048576K
}
Event: 13.566 GC heap before
{Heap before GC invocations=31 (full 0):
 garbage-first heap   total 239616K, used 196105K [0x0000000080000000, 0x0000000100000000)
  region size 1024K, 50 young (51200K), 1 survivors (1024K)
 Metaspace       used 88054K, committed 88896K, reserved 1130496K
  class space    used 12688K, committed 13056K, reserved 1048576K
}

Dll operation events (3 events):
Event: 0.009 Loaded shared library C:\Progs\Android\Android Studio\jbr\bin\java.dll
Event: 0.156 Loaded shared library C:\Progs\Android\Android Studio\jbr\bin\zip.dll
Event: 0.430 Loaded shared library C:\Progs\Android\Android Studio\jbr\bin\verify.dll

Deoptimization events (20 events):
Event: 13.290 Thread 0x000002455f408dd0 DEOPT PACKING pc=0x000002454c957424 sp=0x0000006fd17fe430
Event: 13.290 Thread 0x000002455f408dd0 DEOPT UNPACKING pc=0x000002454c2669a3 sp=0x0000006fd17fe348 mode 2
Event: 13.291 Thread 0x000002455f408dd0 Uncommon trap: trap_request=0xffffffde fr.pc=0x000002454c95157c relative=0x00000000000001bc
Event: 13.291 Thread 0x000002455f408dd0 Uncommon trap: reason=class_check action=maybe_recompile pc=0x000002454c95157c method=java.io.BufferedInputStream.read1([BII)I @ 39 c2
Event: 13.291 Thread 0x000002455f408dd0 DEOPT PACKING pc=0x000002454c95157c sp=0x0000006fd17fe380
Event: 13.291 Thread 0x000002455f408dd0 DEOPT UNPACKING pc=0x000002454c2669a3 sp=0x0000006fd17fe338 mode 2
Event: 13.313 Thread 0x000002455f408dd0 DEOPT PACKING pc=0x00000245458458d1 sp=0x0000006fd17fe5d0
Event: 13.313 Thread 0x000002455f408dd0 DEOPT UNPACKING pc=0x000002454c267143 sp=0x0000006fd17fdad8 mode 0
Event: 13.432 Thread 0x000002455f408dd0 Uncommon trap: trap_request=0xffffff45 fr.pc=0x000002454caf6e40 relative=0x0000000000000960
Event: 13.432 Thread 0x000002455f408dd0 Uncommon trap: reason=unstable_if action=reinterpret pc=0x000002454caf6e40 method=com.google.common.collect.MapMakerInternalMap$Segment.getEntry(Ljava/lang/Object;I)Lcom/google/common/collect/MapMakerInternalMap$InternalEntry; @ 63 c2
Event: 13.432 Thread 0x000002455f408dd0 DEOPT PACKING pc=0x000002454caf6e40 sp=0x0000006fd17fe620
Event: 13.432 Thread 0x000002455f408dd0 DEOPT UNPACKING pc=0x000002454c2669a3 sp=0x0000006fd17fe428 mode 2
Event: 13.532 Thread 0x000002455d1818f0 Uncommon trap: trap_request=0xffffff45 fr.pc=0x000002454ca17060 relative=0x0000000000000520
Event: 13.532 Thread 0x000002455d1818f0 Uncommon trap: reason=unstable_if action=reinterpret pc=0x000002454ca17060 method=java.lang.StringLatin1.compareToCI([B[B)I @ 68 c2
Event: 13.532 Thread 0x000002455d1818f0 DEOPT PACKING pc=0x000002454ca17060 sp=0x0000006fcf8f7340
Event: 13.532 Thread 0x000002455d1818f0 DEOPT UNPACKING pc=0x000002454c2669a3 sp=0x0000006fcf8f7230 mode 2
Event: 13.532 Thread 0x000002455d1818f0 Uncommon trap: trap_request=0xffffff45 fr.pc=0x000002454c94d808 relative=0x00000000000004c8
Event: 13.532 Thread 0x000002455d1818f0 Uncommon trap: reason=unstable_if action=reinterpret pc=0x000002454c94d808 method=java.lang.StringLatin1.compareToCI([B[B)I @ 68 c2
Event: 13.532 Thread 0x000002455d1818f0 DEOPT PACKING pc=0x000002454c94d808 sp=0x0000006fcf8f72a0
Event: 13.532 Thread 0x000002455d1818f0 DEOPT UNPACKING pc=0x000002454c2669a3 sp=0x0000006fcf8f7228 mode 2

Classes unloaded (0 events):
No events

Classes redefined (0 events):
No events

Internal exceptions (20 events):
Event: 13.070 Thread 0x000002455d1818f0 Exception <a 'java/lang/ClassNotFoundException'{0x000000008d5bcb40}: org/gradle/api/tasks/testing/TestBeanInfo> (0x000000008d5bcb40) 
thrown [s\src\hotspot\share\classfile\systemDictionary.cpp, line 256]
Event: 13.070 Thread 0x000002455d1818f0 Exception <a 'java/lang/ClassNotFoundException'{0x000000008d5c8fe0}: org/gradle/api/tasks/testing/TestCustomizer> (0x000000008d5c8fe0) 
thrown [s\src\hotspot\share\classfile\systemDictionary.cpp, line 256]
Event: 13.074 Thread 0x000002455d1818f0 Exception <a 'java/lang/ClassNotFoundException'{0x000000008d458518}: org/gradle/api/tasks/testing/Test_DecoratedCustomizer> (0x000000008d458518) 
thrown [s\src\hotspot\share\classfile\systemDictionary.cpp, line 256]
Event: 13.093 Thread 0x000002455d1818f0 Exception <a 'java/lang/ClassNotFoundException'{0x000000008d3b8708}: org/gradle/internal/service/scopes/ProjectScopeServicesBeanInfo> (0x000000008d3b8708) 
thrown [s\src\hotspot\share\classfile\systemDictionary.cpp, line 256]
Event: 13.094 Thread 0x000002455d1818f0 Exception <a 'java/lang/ClassNotFoundException'{0x000000008d3c0b30}: org/gradle/internal/service/scopes/ProjectScopeServicesCustomizer> (0x000000008d3c0b30) 
thrown [s\src\hotspot\share\classfile\systemDictionary.cpp, line 256]
Event: 13.098 Thread 0x000002455d1818f0 Exception <a 'java/lang/ClassNotFoundException'{0x000000008d3e69b0}: org/gradle/api/internal/catalog/DefaultDependenciesAccessorsBeanInfo> (0x000000008d3e69b0) 
thrown [s\src\hotspot\share\classfile\systemDictionary.cpp, line 256]
Event: 13.099 Thread 0x000002455d1818f0 Exception <a 'java/lang/ClassNotFoundException'{0x000000008d3f0a90}: org/gradle/api/internal/catalog/DefaultDependenciesAccessorsCustomizer> (0x000000008d3f0a90) 
thrown [s\src\hotspot\share\classfile\systemDictionary.cpp, line 256]
Event: 13.101 Thread 0x000002455d1818f0 Exception <a 'java/lang/ClassNotFoundException'{0x000000008d2108c8}: org/gradle/internal/classpath/DefaultClassPathBeanInfo> (0x000000008d2108c8) 
thrown [s\src\hotspot\share\classfile\systemDictionary.cpp, line 256]
Event: 13.102 Thread 0x000002455d1818f0 Exception <a 'java/lang/ClassNotFoundException'{0x000000008d218a68}: org/gradle/internal/classpath/DefaultClassPathCustomizer> (0x000000008d218a68) 
thrown [s\src\hotspot\share\classfile\systemDictionary.cpp, line 256]
Event: 13.107 Thread 0x000002455d1818f0 Exception <a 'java/lang/ClassNotFoundException'{0x000000008d131a30}: org/gradle/internal/classpath/DefaultClassPath$ImmutableUniqueListBeanInfo> (0x000000008d131a30) 
thrown [s\src\hotspot\share\classfile\systemDictionary.cpp, line 256]
Event: 13.107 Thread 0x000002455d1818f0 Exception <a 'java/lang/ClassNotFoundException'{0x000000008d136000}: java/util/AbstractListBeanInfo> (0x000000008d136000) 
thrown [s\src\hotspot\share\classfile\systemDictionary.cpp, line 256]
Event: 13.107 Thread 0x000002455d1818f0 Exception <a 'java/lang/ClassNotFoundException'{0x000000008d13a5b0}: java/util/AbstractListCustomizer> (0x000000008d13a5b0) 
thrown [s\src\hotspot\share\classfile\systemDictionary.cpp, line 256]
Event: 13.108 Thread 0x000002455d1818f0 Exception <a 'java/lang/ClassNotFoundException'{0x000000008d14def0}: org/gradle/internal/classpath/DefaultClassPath$ImmutableUniqueListCustomizer> (0x000000008d14def0) 
thrown [s\src\hotspot\share\classfile\systemDictionary.cpp, line 256]
Event: 13.112 Thread 0x000002455d1818f0 Exception <a 'java/lang/ClassNotFoundException'{0x000000008d18ee20}: org/jetbrains/plugins/gradle/model/DefaultDependencyAccessorsModelBeanInfo> (0x000000008d18ee20) 
thrown [s\src\hotspot\share\classfile\systemDictionary.cpp, line 256]
Event: 13.113 Thread 0x000002455d1818f0 Exception <a 'java/lang/ClassNotFoundException'{0x000000008d197300}: org/jetbrains/plugins/gradle/model/DefaultDependencyAccessorsModelCustomizer> (0x000000008d197300) 
thrown [s\src\hotspot\share\classfile\systemDictionary.cpp, line 256]
Event: 13.118 Thread 0x000002455eba7730 Exception <a 'java/lang/NoSuchMethodError'{0x000000008d1fbea0}: static Lorg/jetbrains/plugins/gradle/tooling/internal/VersionCatalogsModelImpl;.<clinit>()V> (0x000000008d1fbea0) 
thrown [s\src\hotspot\share\prims\jni.cpp, line 1108]
Event: 13.132 Thread 0x000002455d1818f0 Exception <a 'java/lang/ClassNotFoundException'{0x000000008fb71de0}: org/gradle/api/internal/tasks/DefaultSourceSet_DecoratedBeanInfo> (0x000000008fb71de0) 
thrown [s\src\hotspot\share\classfile\systemDictionary.cpp, line 256]
Event: 13.133 Thread 0x000002455d1818f0 Exception <a 'java/lang/ClassNotFoundException'{0x000000008fb7d140}: org/gradle/api/internal/tasks/DefaultSourceSetBeanInfo> (0x000000008fb7d140) 
thrown [s\src\hotspot\share\classfile\systemDictionary.cpp, line 256]
Event: 13.133 Thread 0x000002455d1818f0 Exception <a 'java/lang/ClassNotFoundException'{0x000000008fb88570}: org/gradle/api/internal/tasks/DefaultSourceSetCustomizer> (0x000000008fb88570) 
thrown [s\src\hotspot\share\classfile\systemDictionary.cpp, line 256]
Event: 13.134 Thread 0x000002455d1818f0 Exception <a 'java/lang/ClassNotFoundException'{0x000000008fbb3fe8}: org/gradle/api/internal/tasks/DefaultSourceSet_DecoratedCustomizer> (0x000000008fbb3fe8) 
thrown [s\src\hotspot\share\classfile\systemDictionary.cpp, line 256]

VM Operations (20 events):
Event: 12.663 Executing VM operation: HandshakeAllThreads done
Event: 12.819 Executing VM operation: G1CollectForAllocation
Event: 12.825 Executing VM operation: G1CollectForAllocation done
Event: 12.849 Executing VM operation: HandshakeAllThreads
Event: 12.850 Executing VM operation: HandshakeAllThreads done
Event: 12.852 Executing VM operation: HandshakeAllThreads
Event: 12.852 Executing VM operation: HandshakeAllThreads done
Event: 12.860 Executing VM operation: HandshakeAllThreads
Event: 12.861 Executing VM operation: HandshakeAllThreads done
Event: 12.872 Executing VM operation: G1Concurrent
Event: 12.880 Executing VM operation: G1Concurrent done
Event: 12.904 Executing VM operation: G1Concurrent
Event: 12.904 Executing VM operation: G1Concurrent done
Event: 13.120 Executing VM operation: G1CollectForAllocation
Event: 13.128 Executing VM operation: G1CollectForAllocation done
Event: 13.252 Executing VM operation: HandshakeAllThreads
Event: 13.252 Executing VM operation: HandshakeAllThreads done
Event: 13.293 Executing VM operation: G1CollectForAllocation
Event: 13.299 Executing VM operation: G1CollectForAllocation done
Event: 13.566 Executing VM operation: G1CollectForAllocation

Events (20 events):
Event: 13.063 loading class java/util/AbstractSetCustomizer done
Event: 13.063 loading class java/util/AbstractSetCustomizer
Event: 13.063 loading class java/util/AbstractSetCustomizer done
Event: 13.063 loading class java/util/HashSetCustomizer
Event: 13.063 loading class java/util/HashSetCustomizer done
Event: 13.063 loading class java/util/HashSetCustomizer
Event: 13.063 loading class java/util/HashSetCustomizer done
Event: 13.064 loading class java/util/LinkedHashSetCustomizer
Event: 13.064 loading class java/util/LinkedHashSetCustomizer done
Event: 13.064 loading class java/util/LinkedHashSetCustomizer
Event: 13.064 loading class java/util/LinkedHashSetCustomizer done
Event: 13.107 loading class java/util/AbstractListBeanInfo
Event: 13.107 loading class java/util/AbstractListBeanInfo done
Event: 13.107 loading class java/util/AbstractListBeanInfo
Event: 13.107 loading class java/util/AbstractListBeanInfo done
Event: 13.107 loading class java/util/AbstractListCustomizer
Event: 13.107 loading class java/util/AbstractListCustomizer done
Event: 13.107 loading class java/util/AbstractListCustomizer
Event: 13.107 loading class java/util/AbstractListCustomizer done
Event: 13.271 Thread 0x000002455eba50b0 Thread added: 0x000002455eba50b0


Dynamic libraries:
0x00007ff6cbff0000 - 0x00007ff6cbffa000 	C:\Progs\Android\Android Studio\jbr\bin\java.exe
0x00007ffb1a0b0000 - 0x00007ffb1a2c4000 	C:\Windows\SYSTEM32\ntdll.dll
0x00007ffb18b90000 - 0x00007ffb18c54000 	C:\Windows\System32\KERNEL32.DLL
0x00007ffb17710000 - 0x00007ffb17ab4000 	C:\Windows\System32\KERNELBASE.dll
0x00007ffb17b80000 - 0x00007ffb17c91000 	C:\Windows\System32\ucrtbase.dll
0x00007ffaeae70000 - 0x00007ffaeae87000 	C:\Progs\Android\Android Studio\jbr\bin\jli.dll
0x00007ffb19ab0000 - 0x00007ffb19c5e000 	C:\Windows\System32\USER32.dll
0x00007ffb020a0000 - 0x00007ffb020bb000 	C:\Progs\Android\Android Studio\jbr\bin\VCRUNTIME140.dll
0x00007ffb176e0000 - 0x00007ffb17706000 	C:\Windows\System32\win32u.dll
0x00007ffb19a80000 - 0x00007ffb19aa9000 	C:\Windows\System32\GDI32.dll
0x00007ffb17d20000 - 0x00007ffb17e38000 	C:\Windows\System32\gdi32full.dll
0x00007ffb17640000 - 0x00007ffb176da000 	C:\Windows\System32\msvcp_win.dll
0x00007ffaf7f30000 - 0x00007ffaf81c3000 	C:\Windows\WinSxS\amd64_microsoft.windows.common-controls_6595b64144ccf1df_6.0.22621.2215_none_270d72677387dfc3\COMCTL32.dll
0x00007ffb17f50000 - 0x00007ffb17ff7000 	C:\Windows\System32\msvcrt.dll
0x00007ffb187b0000 - 0x00007ffb187e1000 	C:\Windows\System32\IMM32.DLL
0x00007ffb021a0000 - 0x00007ffb021ac000 	C:\Progs\Android\Android Studio\jbr\bin\vcruntime140_1.dll
0x00007ffad6b70000 - 0x00007ffad6bfd000 	C:\Progs\Android\Android Studio\jbr\bin\msvcp140.dll
0x00007ffabd460000 - 0x00007ffabe0ce000 	C:\Progs\Android\Android Studio\jbr\bin\server\jvm.dll
0x00007ffb17ea0000 - 0x00007ffb17f50000 	C:\Windows\System32\ADVAPI32.dll
0x00007ffb19570000 - 0x00007ffb19616000 	C:\Windows\System32\sechost.dll
0x00007ffb18a60000 - 0x00007ffb18b77000 	C:\Windows\System32\RPCRT4.dll
0x00007ffb0eda0000 - 0x00007ffb0edd4000 	C:\Windows\SYSTEM32\WINMM.dll
0x00007ffb0e610000 - 0x00007ffb0e61a000 	C:\Windows\SYSTEM32\VERSION.dll
0x00007ffb0d1b0000 - 0x00007ffb0d1b9000 	C:\Windows\SYSTEM32\WSOCK32.dll
0x00007ffb18730000 - 0x00007ffb187a1000 	C:\Windows\System32\WS2_32.dll
0x00007ffb16420000 - 0x00007ffb16438000 	C:\Windows\SYSTEM32\kernel.appcore.dll
0x00007ffb0d1a0000 - 0x00007ffb0d1aa000 	C:\Progs\Android\Android Studio\jbr\bin\jimage.dll
0x00007ffb14b80000 - 0x00007ffb14dae000 	C:\Windows\SYSTEM32\DBGHELP.DLL
0x00007ffb19620000 - 0x00007ffb199aa000 	C:\Windows\System32\combase.dll
0x00007ffb19490000 - 0x00007ffb19567000 	C:\Windows\System32\OLEAUT32.dll
0x00007ffb0be70000 - 0x00007ffb0bea2000 	C:\Windows\SYSTEM32\dbgcore.DLL
0x00007ffb17ca0000 - 0x00007ffb17d1a000 	C:\Windows\System32\bcryptPrimitives.dll
0x00007ffb0bb60000 - 0x00007ffb0bb6e000 	C:\Progs\Android\Android Studio\jbr\bin\instrument.dll
0x00007ffae7e40000 - 0x00007ffae7e65000 	C:\Progs\Android\Android Studio\jbr\bin\java.dll
0x00007ffae7e20000 - 0x00007ffae7e38000 	C:\Progs\Android\Android Studio\jbr\bin\zip.dll
0x00007ffb18c60000 - 0x00007ffb19483000 	C:\Windows\System32\SHELL32.dll
0x00007ffb153a0000 - 0x00007ffb15c8a000 	C:\Windows\SYSTEM32\windows.storage.dll
0x00007ffb15260000 - 0x00007ffb1539e000 	C:\Windows\SYSTEM32\wintypes.dll
0x00007ffb18960000 - 0x00007ffb18a53000 	C:\Windows\System32\SHCORE.dll
0x00007ffb19e50000 - 0x00007ffb19eae000 	C:\Windows\System32\shlwapi.dll
0x00007ffb17390000 - 0x00007ffb173b6000 	C:\Windows\SYSTEM32\profapi.dll
0x00007ffae7e00000 - 0x00007ffae7e19000 	C:\Progs\Android\Android Studio\jbr\bin\net.dll
0x00007ffb11180000 - 0x00007ffb112b7000 	C:\Windows\SYSTEM32\WINHTTP.dll
0x00007ffb168e0000 - 0x00007ffb16949000 	C:\Windows\system32\mswsock.dll
0x00007ffae7330000 - 0x00007ffae7346000 	C:\Progs\Android\Android Studio\jbr\bin\nio.dll
0x00007ffb14280000 - 0x00007ffb14290000 	C:\Progs\Android\Android Studio\jbr\bin\verify.dll
0x00007ffb02f90000 - 0x00007ffb02fb7000 	C:\Users\artem\.gradle\native\68d5fa5c4cc2d200863cafc0d521ce42e7d3e7ee720ec0a83991735586a16f82\windows-amd64\native-platform.dll
0x00007ffacd430000 - 0x00007ffacd574000 	C:\Users\artem\.gradle\native\e376f236ea51e6404a007f0833ffe2c6e607c4080706a723a18a27aeea778392\windows-amd64\native-platform-file-events.dll
0x00007ffafca20000 - 0x00007ffafca29000 	C:\Progs\Android\Android Studio\jbr\bin\management.dll
0x00007ffafbfb0000 - 0x00007ffafbfbb000 	C:\Progs\Android\Android Studio\jbr\bin\management_ext.dll
0x00007ffb18b80000 - 0x00007ffb18b88000 	C:\Windows\System32\PSAPI.DLL
0x00007ffb16ca0000 - 0x00007ffb16cbb000 	C:\Windows\SYSTEM32\CRYPTSP.dll
0x00007ffb163e0000 - 0x00007ffb16415000 	C:\Windows\system32\rsaenh.dll
0x00007ffb16980000 - 0x00007ffb169ac000 	C:\Windows\SYSTEM32\USERENV.dll
0x00007ffb16e10000 - 0x00007ffb16e38000 	C:\Windows\SYSTEM32\bcrypt.dll
0x00007ffb16c50000 - 0x00007ffb16c5c000 	C:\Windows\SYSTEM32\CRYPTBASE.dll
0x00007ffb15ee0000 - 0x00007ffb15f0d000 	C:\Windows\SYSTEM32\IPHLPAPI.DLL
0x00007ffb18940000 - 0x00007ffb18949000 	C:\Windows\System32\NSI.dll
0x00007ffb0e620000 - 0x00007ffb0e639000 	C:\Windows\SYSTEM32\dhcpcsvc6.DLL
0x00007ffb0e4b0000 - 0x00007ffb0e4cf000 	C:\Windows\SYSTEM32\dhcpcsvc.DLL
0x00007ffb15f10000 - 0x00007ffb16002000 	C:\Windows\SYSTEM32\DNSAPI.dll
0x00007ffb09b70000 - 0x00007ffb09b78000 	C:\Windows\system32\wshunix.dll
0x00007ffae67a0000 - 0x00007ffae67b7000 	C:\Windows\system32\napinsp.dll
0x00007ffae6780000 - 0x00007ffae679b000 	C:\Windows\system32\pnrpnsp.dll
0x00007ffae66a0000 - 0x00007ffae66b1000 	C:\Windows\System32\winrnr.dll
0x00007ffae6680000 - 0x00007ffae6695000 	C:\Windows\system32\wshbth.dll
0x00007ffae6650000 - 0x00007ffae6671000 	C:\Windows\system32\nlansp_c.dll
0x00007ffb0fe20000 - 0x00007ffb0fe2a000 	C:\Windows\System32\rasadhlp.dll
0x00007ffb0c1e0000 - 0x00007ffb0c264000 	C:\Windows\System32\fwpuclnt.dll

dbghelp: loaded successfully - version: 4.0.5 - missing functions: none
symbol engine: initialized successfully - sym options: 0x614 - pdb path: .;C:\Progs\Android\Android Studio\jbr\bin;C:\Windows\SYSTEM32;C:\Windows\WinSxS\amd64_microsoft.windows.common-controls_6595b64144ccf1df_6.0.22621.2215_none_270d72677387dfc3;C:\Progs\Android\Android Studio\jbr\bin\server;C:\Users\artem\.gradle\native\68d5fa5c4cc2d200863cafc0d521ce42e7d3e7ee720ec0a83991735586a16f82\windows-amd64;C:\Users\artem\.gradle\native\e376f236ea51e6404a007f0833ffe2c6e607c4080706a723a18a27aeea778392\windows-amd64

VM Arguments:
jvm_args: --add-opens=java.base/java.util.concurrent.atomic=ALL-UNNAMED --add-opens=java.base/java.util=ALL-UNNAMED --add-opens=java.base/java.lang=ALL-UNNAMED --add-opens=java.base/java.lang.invoke=ALL-UNNAMED --add-opens=java.prefs/java.util.prefs=ALL-UNNAMED --add-opens=java.base/java.nio.charset=ALL-UNNAMED --add-opens=java.base/java.net=ALL-UNNAMED --add-opens=java.base/java.util.concurrent.atomic=ALL-UNNAMED -Xmx2048M -Dfile.encoding=UTF-8 -Duser.country=RU -Duser.language=ru -Duser.variant -javaagent:C:\Users\artem\.gradle\wrapper\dists\gradle-8.1.1-bin\9wiye5v2saajue4irfo8ybqfp\gradle-8.1.1\lib\agents\gradle-instrumentation-agent-8.1.1.jar 
java_command: org.gradle.launcher.daemon.bootstrap.GradleDaemon 8.1.1
java_class_path (initial): C:\Users\artem\.gradle\wrapper\dists\gradle-8.1.1-bin\9wiye5v2saajue4irfo8ybqfp\gradle-8.1.1\lib\gradle-launcher-8.1.1.jar
Launcher Type: SUN_STANDARD

[Global flags]
     intx CICompilerCount                          = 4                                         {product} {ergonomic}
     uint ConcGCThreads                            = 3                                         {product} {ergonomic}
     uint G1ConcRefinementThreads                  = 10                                        {product} {ergonomic}
   size_t G1HeapRegionSize                         = 1048576                                   {product} {ergonomic}
    uintx GCDrainStackTargetSize                   = 64                                        {product} {ergonomic}
   size_t InitialHeapSize                          = 264241152                                 {product} {ergonomic}
   size_t MarkStackSize                            = 4194304                                   {product} {ergonomic}
   size_t MaxHeapSize                              = 2147483648                                {product} {command line}
   size_t MaxNewSize                               = 1287651328                                {product} {ergonomic}
   size_t MinHeapDeltaBytes                        = 1048576                                   {product} {ergonomic}
   size_t MinHeapSize                              = 8388608                                   {product} {ergonomic}
    uintx NonNMethodCodeHeapSize                   = 5839372                                {pd product} {ergonomic}
    uintx NonProfiledCodeHeapSize                  = 122909434                              {pd product} {ergonomic}
    uintx ProfiledCodeHeapSize                     = 122909434                              {pd product} {ergonomic}
    uintx ReservedCodeCacheSize                    = 251658240                              {pd product} {ergonomic}
     bool SegmentedCodeCache                       = true                                      {product} {ergonomic}
   size_t SoftMaxHeapSize                          = 2147483648                             {manageable} {ergonomic}
     bool UseCompressedClassPointers               = true                           {product lp64_product} {ergonomic}
     bool UseCompressedOops                        = true                           {product lp64_product} {ergonomic}
     bool UseG1GC                                  = true                                      {product} {ergonomic}
     bool UseLargePagesIndividualAllocation        = false                                  {pd product} {ergonomic}

Logging:
Log output configuration:
 #0: stdout all=warning uptime,level,tags
 #1: stderr all=off uptime,level,tags

Environment Variables:
PATH=C:\Progs\Ruby32-x64\bin;C:\Progs\Python3114\Scripts\;C:\Progs\Python3114\;C:\Windows\system32;C:\Windows;C:\Windows\System32\Wbem;C:\Windows\System32\WindowsPowerShell\v1.0\;C:\Windows\System32\OpenSSH\;C:\Progs\Git\cmd;C:\Progs\Git LFS;C:\Program Files\NVIDIA Corporation\NVIDIA NvDLISR;C:\Program Files (x86)\NVIDIA Corporation\PhysX\Common;C:\Program Files\dotnet\;C:\Program Files (x86)\Windows Kits\10\Windows Performance Toolkit\;C:\Users\artem\AppData\Local\Microsoft\WindowsApps;C:\Progs\PyCharm 2023.2\bin;;C:\Progs\IntelliJ IDEA 2023.2\bin;;C:\Progs\CLion 2023.2\bin;;C:\Progs\JetBrains Rider 2023.2\bin;;C:\Users\artem\AppData\Local\GitHubDesktop\bin;C:\Users\artem\.dotnet\tools
USERNAME=artem
OS=Windows_NT
PROCESSOR_IDENTIFIER=Intel64 Family 6 Model 154 Stepping 4, GenuineIntel
TMP=C:\Users\artem\AppData\Local\Temp
TEMP=C:\Users\artem\AppData\Local\Temp


JNI global refs:
JNI global refs: 28, weak refs: 6

JNI global refs memory usage: 843, weak refs: 841


---------------  S Y S T E M  ---------------

OS:
 Windows 11 , 64 bit Build 22621 (10.0.22621.2215)
OS uptime: 13 days 7:15 hours
Hyper-V role detected

CPU: total 12 (initial active 12) (6 cores per cpu, 2 threads per core) family 6 model 154 stepping 4 microcode 0x423, cx8, cmov, fxsr, ht, mmx, 3dnowpref, sse, sse2, sse3, ssse3, sse4.1, sse4.2, popcnt, lzcnt, tsc, tscinvbit, avx, avx2, aes, erms, clmul, bmi1, bmi2, adx, sha, fma, vzeroupper, clflush, clflushopt, clwb, hv

Memory: 4k page, system-wide physical 16057M (223M free)
TotalPageFile size 24057M (AvailPageFile size 120M)
current process WorkingSet (physical memory assigned to process): 458M, peak: 458M
current process commit charge ("private bytes"): 517M, peak: 814M

vm_info: OpenJDK 64-Bit Server VM (17.0.6+0-b2043.56-10027231) for windows-amd64 JRE (17.0.6+0-b2043.56-10027231), built on Apr 28 2023 00:43:19 by "androidbuild" with MS VC++ 16.10 / 16.11 (VS2019)

END.
