#
# There is insufficient memory for the Java Runtime Environment to continue.
# Native memory allocation (mmap) failed to map 70254592 bytes for G1 virtual space
# Possible reasons:
#   The system is out of physical RAM or swap space
#   The process is running with CompressedOops enabled, and the Java Heap may be blocking the growth of the native heap
# Possible solutions:
#   Reduce memory load on the system
#   Increase physical memory or swap space
#   Check if swap backing store is full
#   Decrease Java heap size (-Xmx/-Xms)
#   Decrease number of Java threads
#   Decrease Java thread stack sizes (-Xss)
#   Set larger code cache with -XX:ReservedCodeCacheSize=
#   JVM is running with Unscaled Compressed Oops mode in which the Java heap is
#     placed in the first 4GB address space. The Java Heap base address is the
#     maximum limit for the native heap growth. Please use -XX:HeapBaseMinAddress
#     to set the Java Heap base and to place the Java Heap above 4GB virtual address.
# This output file may be truncated or incomplete.
#
#  Out of Memory Error (os_windows.cpp:3769), pid=10320, tid=5564
#
# JRE version: OpenJDK Runtime Environment (17.0.6) (build 17.0.6+0-b2043.56-10027231)
# Java VM: OpenJDK 64-Bit Server VM (17.0.6+0-b2043.56-10027231, mixed mode, tiered, compressed oops, compressed class ptrs, g1 gc, windows-amd64)
# No core dump will be written. Minidumps are not enabled by default on client versions of Windows
#

---------------  S U M M A R Y ------------

Command Line: --add-opens=java.base/java.util.concurrent.atomic=ALL-UNNAMED --add-opens=java.base/java.util=ALL-UNNAMED --add-opens=java.base/java.lang=ALL-UNNAMED --add-opens=java.base/java.lang.invoke=ALL-UNNAMED --add-opens=java.prefs/java.util.prefs=ALL-UNNAMED --add-opens=java.base/java.nio.charset=ALL-UNNAMED --add-opens=java.base/java.net=ALL-UNNAMED --add-opens=java.base/java.util.concurrent.atomic=ALL-UNNAMED -Xmx2048M -Dfile.encoding=UTF-8 -Duser.country=RU -Duser.language=ru -Duser.variant -javaagent:C:\Users\artem\.gradle\wrapper\dists\gradle-8.1.1-bin\9wiye5v2saajue4irfo8ybqfp\gradle-8.1.1\lib\agents\gradle-instrumentation-agent-8.1.1.jar org.gradle.launcher.daemon.bootstrap.GradleDaemon 8.1.1

Host: 12th Gen Intel(R) Core(TM) i5-1235U, 12 cores, 15G,  Windows 11 , 64 bit Build 22621 (10.0.22621.2215)
Time: Sun Oct 15 03:53:55 2023 RTZ 2 (s 11 , 64 bit Build 22621 (10.0.22621.2215) elapsed time: 10.252210 seconds (0d 0h 0m 10s)

---------------  T H R E A D  ---------------

Current thread (0x000001d1e212b2e0):  VMThread "VM Thread" [stack: 0x000000bc48f00000,0x000000bc49000000] [id=5564]

Stack: [0x000000bc48f00000,0x000000bc49000000]
Native frames: (J=compiled Java code, j=interpreted, Vv=VM code, C=native code)
V  [jvm.dll+0x683c9a]
V  [jvm.dll+0x8427a4]
V  [jvm.dll+0x843f9e]
V  [jvm.dll+0x844603]
V  [jvm.dll+0x249b75]
V  [jvm.dll+0x680b69]
V  [jvm.dll+0x67505a]
V  [jvm.dll+0x309acb]
V  [jvm.dll+0x310f86]
V  [jvm.dll+0x3608ee]
V  [jvm.dll+0x360b1f]
V  [jvm.dll+0x2dfbf8]
V  [jvm.dll+0x2ddec4]
V  [jvm.dll+0x2dd4cc]
V  [jvm.dll+0x321f3b]
V  [jvm.dll+0x848ccb]
V  [jvm.dll+0x849a04]
V  [jvm.dll+0x849f1d]
V  [jvm.dll+0x84a2f4]
V  [jvm.dll+0x84a3c0]
V  [jvm.dll+0x7f274a]
V  [jvm.dll+0x682ad5]
C  [ucrtbase.dll+0x29363]
C  [KERNEL32.DLL+0x1257d]
C  [ntdll.dll+0x5aa68]

VM_Operation (0x000000bc4a8f6100): G1CollectForAllocation, mode: safepoint, requested by thread 0x000001d1e448cf50


---------------  P R O C E S S  ---------------

Threads class SMR info:
_java_thread_list=0x000001d1e342c230, length=61, elements={
0x000001d1c7e5c6d0, 0x000001d1e212e3c0, 0x000001d1e2c3e270, 0x000001d1e2c9ade0,
0x000001d1e2c9c8b0, 0x000001d1e2c9f270, 0x000001d1e2ca0440, 0x000001d1e2ca7190,
0x000001d1e2ca7b80, 0x000001d1e2caa580, 0x000001d1e2decff0, 0x000001d1e2f170e0,
0x000001d1e4133010, 0x000001d1e470a810, 0x000001d1e5add0d0, 0x000001d1e47cea80,
0x000001d1e41a8590, 0x000001d1e4772030, 0x000001d1e448cf50, 0x000001d1e596e6c0,
0x000001d1e596eb90, 0x000001d1e3afded0, 0x000001d1e3afe3a0, 0x000001d1e3aff210,
0x000001d1e3afda00, 0x000001d1e3b00550, 0x000001d1e3afe870, 0x000001d1e3aff6e0,
0x000001d1e3b00a20, 0x000001d1e3afd530, 0x000001d1e3afd060, 0x000001d1e6266ca0,
0x000001d1e6264620, 0x000001d1e6267b10, 0x000001d1e626b4d0, 0x000001d1e6267170,
0x000001d1e626a190, 0x000001d1e626ab30, 0x000001d1e6264af0, 0x000001d1e6267640,
0x000001d1e6265490, 0x000001d1e6265e30, 0x000001d1e6265960, 0x000001d1e6268e50,
0x000001d1e6264fc0, 0x000001d1e6264150, 0x000001d1e6268980, 0x000001d1e62697f0,
0x000001d1e3afed40, 0x000001d1e5c67730, 0x000001d1e5c698e0, 0x000001d1e5c67c00,
0x000001d1e5c6a280, 0x000001d1e5c680d0, 0x000001d1e5c6c900, 0x000001d1e5c685a0,
0x000001d1e5c6d2a0, 0x000001d1e5c6d770, 0x000001d1e5c6a750, 0x000001d1e5c6ac20,
0x000001d1e5c68a70
}

Java Threads: ( => current thread )
  0x000001d1c7e5c6d0 JavaThread "main" [_thread_blocked, id=11640, stack(0x000000bc48900000,0x000000bc48a00000)]
  0x000001d1e212e3c0 JavaThread "Reference Handler" daemon [_thread_blocked, id=30712, stack(0x000000bc49000000,0x000000bc49100000)]
  0x000001d1e2c3e270 JavaThread "Finalizer" daemon [_thread_blocked, id=32300, stack(0x000000bc49100000,0x000000bc49200000)]
  0x000001d1e2c9ade0 JavaThread "Signal Dispatcher" daemon [_thread_blocked, id=10548, stack(0x000000bc49200000,0x000000bc49300000)]
  0x000001d1e2c9c8b0 JavaThread "Attach Listener" daemon [_thread_blocked, id=23772, stack(0x000000bc49300000,0x000000bc49400000)]
  0x000001d1e2c9f270 JavaThread "Service Thread" daemon [_thread_blocked, id=23576, stack(0x000000bc49400000,0x000000bc49500000)]
  0x000001d1e2ca0440 JavaThread "Monitor Deflation Thread" daemon [_thread_blocked, id=33592, stack(0x000000bc49500000,0x000000bc49600000)]
  0x000001d1e2ca7190 JavaThread "C2 CompilerThread0" daemon [_thread_blocked, id=15252, stack(0x000000bc49600000,0x000000bc49700000)]
  0x000001d1e2ca7b80 JavaThread "C1 CompilerThread0" daemon [_thread_blocked, id=23668, stack(0x000000bc49700000,0x000000bc49800000)]
  0x000001d1e2caa580 JavaThread "Sweeper thread" daemon [_thread_blocked, id=20492, stack(0x000000bc49800000,0x000000bc49900000)]
  0x000001d1e2decff0 JavaThread "Common-Cleaner" daemon [_thread_blocked, id=17280, stack(0x000000bc49900000,0x000000bc49a00000)]
  0x000001d1e2f170e0 JavaThread "Notification Thread" daemon [_thread_blocked, id=19712, stack(0x000000bc49a00000,0x000000bc49b00000)]
  0x000001d1e4133010 JavaThread "Daemon health stats" [_thread_blocked, id=28708, stack(0x000000bc4a300000,0x000000bc4a400000)]
  0x000001d1e470a810 JavaThread "Incoming local TCP Connector on port 52980" [_thread_in_native, id=20584, stack(0x000000bc4a400000,0x000000bc4a500000)]
  0x000001d1e5add0d0 JavaThread "Daemon periodic checks" [_thread_blocked, id=33116, stack(0x000000bc49d00000,0x000000bc49e00000)]
  0x000001d1e47cea80 JavaThread "Daemon" [_thread_blocked, id=15932, stack(0x000000bc4a500000,0x000000bc4a600000)]
  0x000001d1e41a8590 JavaThread "Handler for socket connection from /127.0.0.1:52980 to /127.0.0.1:52981" [_thread_in_native, id=34512, stack(0x000000bc4a600000,0x000000bc4a700000)]
  0x000001d1e4772030 JavaThread "Cancel handler" [_thread_blocked, id=8576, stack(0x000000bc4a700000,0x000000bc4a800000)]
  0x000001d1e448cf50 JavaThread "Daemon worker" [_thread_blocked, id=22176, stack(0x000000bc4a800000,0x000000bc4a900000)]
  0x000001d1e596e6c0 JavaThread "Asynchronous log dispatcher for DefaultDaemonConnection: socket connection from /127.0.0.1:52980 to /127.0.0.1:52981" [_thread_blocked, id=22216, stack(0x000000bc4a900000,0x000000bc4aa00000)]
  0x000001d1e596eb90 JavaThread "Stdin handler" [_thread_blocked, id=34300, stack(0x000000bc4aa00000,0x000000bc4ab00000)]
  0x000001d1e3afded0 JavaThread "Daemon client event forwarder" [_thread_blocked, id=32696, stack(0x000000bc4ab00000,0x000000bc4ac00000)]
  0x000001d1e3afe3a0 JavaThread "Cache worker for journal cache (C:\Users\artem\.gradle\caches\journal-1)" [_thread_blocked, id=7648, stack(0x000000bc4b200000,0x000000bc4b300000)]
  0x000001d1e3aff210 JavaThread "File lock request listener" [_thread_in_native, id=21892, stack(0x000000bc4b300000,0x000000bc4b400000)]
  0x000001d1e3afda00 JavaThread "Cache worker for file hash cache (C:\Users\artem\.gradle\caches\8.1.1\fileHashes)" [_thread_blocked, id=32612, stack(0x000000bc4b400000,0x000000bc4b500000)]
  0x000001d1e3b00550 JavaThread "File watcher server" daemon [_thread_in_native, id=20672, stack(0x000000bc4b500000,0x000000bc4b600000)]
  0x000001d1e3afe870 JavaThread "File watcher consumer" daemon [_thread_blocked, id=20144, stack(0x000000bc4b600000,0x000000bc4b700000)]
  0x000001d1e3aff6e0 JavaThread "jar transforms" [_thread_blocked, id=17656, stack(0x000000bc4b700000,0x000000bc4b800000)]
  0x000001d1e3b00a20 JavaThread "jar transforms Thread 2" [_thread_blocked, id=15316, stack(0x000000bc4b800000,0x000000bc4b900000)]
  0x000001d1e3afd530 JavaThread "jar transforms Thread 3" [_thread_blocked, id=7552, stack(0x000000bc4b900000,0x000000bc4ba00000)]
  0x000001d1e3afd060 JavaThread "jar transforms Thread 4" [_thread_blocked, id=19392, stack(0x000000bc4ba00000,0x000000bc4bb00000)]
  0x000001d1e6266ca0 JavaThread "jar transforms Thread 5" [_thread_blocked, id=29612, stack(0x000000bc4bb00000,0x000000bc4bc00000)]
  0x000001d1e6264620 JavaThread "jar transforms Thread 6" [_thread_blocked, id=27932, stack(0x000000bc4bc00000,0x000000bc4bd00000)]
  0x000001d1e6267b10 JavaThread "jar transforms Thread 7" [_thread_blocked, id=13788, stack(0x000000bc4bd00000,0x000000bc4be00000)]
  0x000001d1e626b4d0 JavaThread "jar transforms Thread 8" [_thread_blocked, id=31136, stack(0x000000bc4be00000,0x000000bc4bf00000)]
  0x000001d1e6267170 JavaThread "jar transforms Thread 9" [_thread_blocked, id=30892, stack(0x000000bc4bf00000,0x000000bc4c000000)]
  0x000001d1e626a190 JavaThread "jar transforms Thread 10" [_thread_blocked, id=12572, stack(0x000000bc4c000000,0x000000bc4c100000)]
  0x000001d1e626ab30 JavaThread "jar transforms Thread 11" [_thread_blocked, id=20692, stack(0x000000bc4c100000,0x000000bc4c200000)]
  0x000001d1e6264af0 JavaThread "jar transforms Thread 12" [_thread_blocked, id=12588, stack(0x000000bc4c200000,0x000000bc4c300000)]
  0x000001d1e6267640 JavaThread "Cache worker for checksums cache (C:\Files\Code\Kotlin\chatar\buildSrc\.gradle\8.1.1\checksums)" [_thread_blocked, id=33932, stack(0x000000bc4c500000,0x000000bc4c600000)]
  0x000001d1e6265490 JavaThread "Cache worker for cache directory md-rule (C:\Users\artem\.gradle\caches\8.1.1\md-rule)" [_thread_blocked, id=7164, stack(0x000000bc4c600000,0x000000bc4c700000)]
  0x000001d1e6265e30 JavaThread "Cache worker for file content cache (C:\Users\artem\.gradle\caches\8.1.1\fileContent)" [_thread_blocked, id=25856, stack(0x000000bc4c700000,0x000000bc4c800000)]
  0x000001d1e6265960 JavaThread "Cache worker for file hash cache (C:\Files\Code\Kotlin\chatar\buildSrc\.gradle\8.1.1\fileHashes)" [_thread_blocked, id=30740, stack(0x000000bc4c800000,0x000000bc4c900000)]
  0x000001d1e6268e50 JavaThread "Cache worker for cache directory md-supplier (C:\Users\artem\.gradle\caches\8.1.1\md-supplier)" [_thread_blocked, id=27036, stack(0x000000bc4c900000,0x000000bc4ca00000)]
  0x000001d1e6264fc0 JavaThread "Cache worker for execution history cache (C:\Users\artem\.gradle\caches\8.1.1\executionHistory)" [_thread_blocked, id=5304, stack(0x000000bc4ca00000,0x000000bc4cb00000)]
  0x000001d1e6264150 JavaThread "Cache worker for dependencies-accessors (C:\Files\Code\Kotlin\chatar\buildSrc\.gradle\8.1.1\dependencies-accessors)" [_thread_blocked, id=11764, stack(0x000000bc4cb00000,0x000000bc4cc00000)]
  0x000001d1e6268980 JavaThread "Cache worker for Build Output Cleanup Cache (C:\Files\Code\Kotlin\chatar\buildSrc\.gradle\buildOutputCleanup)" [_thread_blocked, id=20172, stack(0x000000bc4cc00000,0x000000bc4cd00000)]
  0x000001d1e62697f0 JavaThread "Memory manager" [_thread_blocked, id=2712, stack(0x000000bc4cd00000,0x000000bc4ce00000)]
  0x000001d1e3afed40 JavaThread "Cache worker for Build Output Cleanup Cache (C:\Files\Code\Kotlin\chatar\buildSrc\buildSrc\.gradle\buildOutputCleanup)" [_thread_blocked, id=8972, stack(0x000000bc4ce00000,0x000000bc4cf00000)]
  0x000001d1e5c67730 JavaThread "Cache worker for kotlin-dsl (C:\Users\artem\.gradle\caches\8.1.1\kotlin-dsl)" [_thread_blocked, id=28160, stack(0x000000bc4cf00000,0x000000bc4d000000)]
  0x000001d1e5c698e0 JavaThread "Unconstrained build operations" [_thread_blocked, id=33940, stack(0x000000bc4c300000,0x000000bc4c400000)]
  0x000001d1e5c67c00 JavaThread "Unconstrained build operations Thread 2" [_thread_blocked, id=13412, stack(0x000000bc4d000000,0x000000bc4d100000)]
  0x000001d1e5c6a280 JavaThread "Unconstrained build operations Thread 3" [_thread_blocked, id=28836, stack(0x000000bc4d100000,0x000000bc4d200000)]
  0x000001d1e5c680d0 JavaThread "Unconstrained build operations Thread 4" [_thread_blocked, id=9620, stack(0x000000bc4d200000,0x000000bc4d300000)]
  0x000001d1e5c6c900 JavaThread "Unconstrained build operations Thread 5" [_thread_blocked, id=18752, stack(0x000000bc4d300000,0x000000bc4d400000)]
  0x000001d1e5c685a0 JavaThread "Unconstrained build operations Thread 6" [_thread_blocked, id=24136, stack(0x000000bc4d400000,0x000000bc4d500000)]
  0x000001d1e5c6d2a0 JavaThread "Unconstrained build operations Thread 7" [_thread_blocked, id=24044, stack(0x000000bc4d500000,0x000000bc4d600000)]
  0x000001d1e5c6d770 JavaThread "Unconstrained build operations Thread 8" [_thread_blocked, id=26172, stack(0x000000bc4d600000,0x000000bc4d700000)]
  0x000001d1e5c6a750 JavaThread "Unconstrained build operations Thread 9" [_thread_blocked, id=12404, stack(0x000000bc4d700000,0x000000bc4d800000)]
  0x000001d1e5c6ac20 JavaThread "Unconstrained build operations Thread 10" [_thread_blocked, id=25796, stack(0x000000bc4d800000,0x000000bc4d900000)]
  0x000001d1e5c68a70 JavaThread "Unconstrained build operations Thread 11" [_thread_blocked, id=30440, stack(0x000000bc4d900000,0x000000bc4da00000)]

Other Threads:
=>0x000001d1e212b2e0 VMThread "VM Thread" [stack: 0x000000bc48f00000,0x000000bc49000000] [id=5564]
  0x000001d1e2eae3f0 WatcherThread [stack: 0x000000bc49b00000,0x000000bc49c00000] [id=22936]
  0x000001d1c7eb9500 GCTaskThread "GC Thread#0" [stack: 0x000000bc48a00000,0x000000bc48b00000] [id=32752]
  0x000001d1e3c6dc90 GCTaskThread "GC Thread#1" [stack: 0x000000bc49e00000,0x000000bc49f00000] [id=12924]
  0x000001d1e3c70770 GCTaskThread "GC Thread#2" [stack: 0x000000bc49f00000,0x000000bc4a000000] [id=21680]
  0x000001d1e3260b90 GCTaskThread "GC Thread#3" [stack: 0x000000bc4a000000,0x000000bc4a100000] [id=27300]
  0x000001d1e32b50b0 GCTaskThread "GC Thread#4" [stack: 0x000000bc4a100000,0x000000bc4a200000] [id=29556]
  0x000001d1e34f5af0 GCTaskThread "GC Thread#5" [stack: 0x000000bc4a200000,0x000000bc4a300000] [id=10160]
  0x000001d1e46bfc80 GCTaskThread "GC Thread#6" [stack: 0x000000bc4ac00000,0x000000bc4ad00000] [id=33968]
  0x000001d1e5116280 GCTaskThread "GC Thread#7" [stack: 0x000000bc4ad00000,0x000000bc4ae00000] [id=32748]
  0x000001d1e479f7a0 GCTaskThread "GC Thread#8" [stack: 0x000000bc4ae00000,0x000000bc4af00000] [id=34404]
  0x000001d1e39b1e80 GCTaskThread "GC Thread#9" [stack: 0x000000bc4af00000,0x000000bc4b000000] [id=23828]
  0x000001d1c7eca440 ConcurrentGCThread "G1 Main Marker" [stack: 0x000000bc48b00000,0x000000bc48c00000] [id=28548]
  0x000001d1c7ecbe60 ConcurrentGCThread "G1 Conc#0" [stack: 0x000000bc48c00000,0x000000bc48d00000] [id=14460]
  0x000001d1e57ca6a0 ConcurrentGCThread "G1 Conc#1" [stack: 0x000000bc4b000000,0x000000bc4b100000] [id=20964]
  0x000001d1e57ca950 ConcurrentGCThread "G1 Conc#2" [stack: 0x000000bc4b100000,0x000000bc4b200000] [id=12468]
  0x000001d1c7f1d6c0 ConcurrentGCThread "G1 Refine#0" [stack: 0x000000bc48d00000,0x000000bc48e00000] [id=30468]
  0x000001d1e6696450 ConcurrentGCThread "G1 Refine#1" [stack: 0x000000bc4c400000,0x000000bc4c500000] [id=27148]
  0x000001d1c7f1e0e0 ConcurrentGCThread "G1 Service" [stack: 0x000000bc48e00000,0x000000bc48f00000] [id=20844]

Threads with active compile tasks:

VM state: at safepoint (normal execution)

VM Mutex/Monitor currently owned by a thread:  ([mutex/lock_event])
[0x000001d1c7e59060] Threads_lock - owner thread: 0x000001d1e212b2e0
[0x000001d1c7e592a0] Heap_lock - owner thread: 0x000001d1e448cf50

Heap address: 0x0000000080000000, size: 2048 MB, Compressed Oops mode: 32-bit

CDS archive(s) not mapped
Compressed class space mapped at: 0x0000000100000000-0x0000000140000000, reserved size: 1073741824
Narrow klass base: 0x0000000000000000, Narrow klass shift: 3, Narrow klass range: 0x140000000

GC Precious Log:
 CPUs: 12 total, 12 available
 Memory: 16057M
 Large Page Support: Disabled
 NUMA Support: Disabled
 Compressed Oops: Enabled (32-bit)
 Heap Region Size: 1M
 Heap Min Capacity: 8M
 Heap Initial Capacity: 252M
 Heap Max Capacity: 2G
 Pre-touch: Disabled
 Parallel Workers: 10
 Concurrent Workers: 3
 Concurrent Refinement Workers: 10
 Periodic GC: Disabled

Heap:
 garbage-first heap   total 141312K, used 91311K [0x0000000080000000, 0x0000000100000000)
  region size 1024K, 1 young (1024K), 1 survivors (1024K)
 Metaspace       used 66198K, committed 66944K, reserved 1114112K
  class space    used 9124K, committed 9472K, reserved 1048576K

Heap Regions: E=young(eden), S=young(survivor), O=old, HS=humongous(starts), HC=humongous(continues), CS=collection set, F=free, OA=open archive, CA=closed archive, TAMS=top-at-mark-start (previous, next)
|   0|0x0000000080000000, 0x0000000080100000, 0x0000000080100000|100%|HS|  |TAMS 0x0000000080100000, 0x0000000080100000| Complete 
|   1|0x0000000080100000, 0x0000000080200000, 0x0000000080200000|100%|HC|  |TAMS 0x0000000080200000, 0x0000000080200000| Complete 
|   2|0x0000000080200000, 0x0000000080300000, 0x0000000080300000|100%|HC|  |TAMS 0x0000000080300000, 0x0000000080300000| Complete 
|   3|0x0000000080300000, 0x0000000080400000, 0x0000000080400000|100%|HC|  |TAMS 0x0000000080400000, 0x0000000080400000| Complete 
|   4|0x0000000080400000, 0x0000000080500000, 0x0000000080500000|100%| O|  |TAMS 0x0000000080500000, 0x0000000080500000| Untracked 
|   5|0x0000000080500000, 0x0000000080600000, 0x0000000080600000|100%| O|  |TAMS 0x0000000080600000, 0x0000000080600000| Untracked 
|   6|0x0000000080600000, 0x0000000080700000, 0x0000000080700000|100%| O|  |TAMS 0x0000000080700000, 0x0000000080700000| Untracked 
|   7|0x0000000080700000, 0x0000000080800000, 0x0000000080800000|100%| O|  |TAMS 0x0000000080800000, 0x0000000080800000| Untracked 
|   8|0x0000000080800000, 0x0000000080900000, 0x0000000080900000|100%| O|  |TAMS 0x0000000080900000, 0x0000000080900000| Untracked 
|   9|0x0000000080900000, 0x0000000080a00000, 0x0000000080a00000|100%| O|  |TAMS 0x0000000080a00000, 0x0000000080a00000| Untracked 
|  10|0x0000000080a00000, 0x0000000080b00000, 0x0000000080b00000|100%| O|  |TAMS 0x0000000080b00000, 0x0000000080b00000| Untracked 
|  11|0x0000000080b00000, 0x0000000080c00000, 0x0000000080c00000|100%| O|  |TAMS 0x0000000080c00000, 0x0000000080c00000| Untracked 
|  12|0x0000000080c00000, 0x0000000080d00000, 0x0000000080d00000|100%| O|  |TAMS 0x0000000080d00000, 0x0000000080d00000| Untracked 
|  13|0x0000000080d00000, 0x0000000080e00000, 0x0000000080e00000|100%| O|  |TAMS 0x0000000080e00000, 0x0000000080e00000| Untracked 
|  14|0x0000000080e00000, 0x0000000080f00000, 0x0000000080f00000|100%| O|  |TAMS 0x0000000080f00000, 0x0000000080f00000| Untracked 
|  15|0x0000000080f00000, 0x0000000081000000, 0x0000000081000000|100%| O|  |TAMS 0x0000000081000000, 0x0000000081000000| Untracked 
|  16|0x0000000081000000, 0x0000000081100000, 0x0000000081100000|100%| O|  |TAMS 0x0000000081100000, 0x0000000081100000| Untracked 
|  17|0x0000000081100000, 0x0000000081200000, 0x0000000081200000|100%| O|  |TAMS 0x0000000081200000, 0x0000000081200000| Untracked 
|  18|0x0000000081200000, 0x0000000081300000, 0x0000000081300000|100%| O|  |TAMS 0x0000000081300000, 0x0000000081300000| Untracked 
|  19|0x0000000081300000, 0x0000000081400000, 0x0000000081400000|100%|HS|  |TAMS 0x0000000081400000, 0x0000000081400000| Complete 
|  20|0x0000000081400000, 0x0000000081500000, 0x0000000081500000|100%|HC|  |TAMS 0x0000000081500000, 0x0000000081500000| Complete 
|  21|0x0000000081500000, 0x0000000081600000, 0x0000000081600000|100%|HS|  |TAMS 0x0000000081600000, 0x0000000081600000| Complete 
|  22|0x0000000081600000, 0x0000000081700000, 0x0000000081700000|100%|HC|  |TAMS 0x0000000081700000, 0x0000000081700000| Complete 
|  23|0x0000000081700000, 0x0000000081800000, 0x0000000081800000|100%|HC|  |TAMS 0x0000000081800000, 0x0000000081800000| Complete 
|  24|0x0000000081800000, 0x0000000081900000, 0x0000000081900000|100%| O|  |TAMS 0x0000000081900000, 0x0000000081900000| Untracked 
|  25|0x0000000081900000, 0x0000000081a00000, 0x0000000081a00000|100%| O|  |TAMS 0x0000000081a00000, 0x0000000081a00000| Untracked 
|  26|0x0000000081a00000, 0x0000000081b00000, 0x0000000081b00000|100%| O|  |TAMS 0x0000000081b00000, 0x0000000081b00000| Untracked 
|  27|0x0000000081b00000, 0x0000000081c00000, 0x0000000081c00000|100%| O|  |TAMS 0x0000000081c00000, 0x0000000081c00000| Untracked 
|  28|0x0000000081c00000, 0x0000000081d00000, 0x0000000081d00000|100%|HS|  |TAMS 0x0000000081d00000, 0x0000000081d00000| Complete 
|  29|0x0000000081d00000, 0x0000000081e00000, 0x0000000081e00000|100%|HC|  |TAMS 0x0000000081e00000, 0x0000000081e00000| Complete 
|  30|0x0000000081e00000, 0x0000000081f00000, 0x0000000081f00000|100%|HC|  |TAMS 0x0000000081f00000, 0x0000000081f00000| Complete 
|  31|0x0000000081f00000, 0x0000000082000000, 0x0000000082000000|100%| O|  |TAMS 0x0000000082000000, 0x0000000082000000| Untracked 
|  32|0x0000000082000000, 0x0000000082100000, 0x0000000082100000|100%| O|  |TAMS 0x0000000082100000, 0x0000000082100000| Untracked 
|  33|0x0000000082100000, 0x0000000082200000, 0x0000000082200000|100%|HS|  |TAMS 0x0000000082200000, 0x0000000082200000| Complete 
|  34|0x0000000082200000, 0x0000000082300000, 0x0000000082300000|100%|HC|  |TAMS 0x0000000082300000, 0x0000000082300000| Complete 
|  35|0x0000000082300000, 0x0000000082400000, 0x0000000082400000|100%|HC|  |TAMS 0x0000000082400000, 0x0000000082400000| Complete 
|  36|0x0000000082400000, 0x0000000082500000, 0x0000000082500000|100%|HC|  |TAMS 0x0000000082500000, 0x0000000082500000| Complete 
|  37|0x0000000082500000, 0x0000000082600000, 0x0000000082600000|100%|HC|  |TAMS 0x0000000082600000, 0x0000000082600000| Complete 
|  38|0x0000000082600000, 0x0000000082700000, 0x0000000082700000|100%|HC|  |TAMS 0x0000000082700000, 0x0000000082700000| Complete 
|  39|0x0000000082700000, 0x0000000082800000, 0x0000000082800000|100%|HC|  |TAMS 0x0000000082800000, 0x0000000082800000| Complete 
|  40|0x0000000082800000, 0x0000000082900000, 0x0000000082900000|100%|HC|  |TAMS 0x0000000082900000, 0x0000000082900000| Complete 
|  41|0x0000000082900000, 0x0000000082a00000, 0x0000000082a00000|100%|HC|  |TAMS 0x0000000082a00000, 0x0000000082a00000| Complete 
|  42|0x0000000082a00000, 0x0000000082b00000, 0x0000000082b00000|100%|HC|  |TAMS 0x0000000082b00000, 0x0000000082b00000| Complete 
|  43|0x0000000082b00000, 0x0000000082c00000, 0x0000000082c00000|100%|HC|  |TAMS 0x0000000082c00000, 0x0000000082c00000| Complete 
|  44|0x0000000082c00000, 0x0000000082d00000, 0x0000000082d00000|100%|HC|  |TAMS 0x0000000082d00000, 0x0000000082d00000| Complete 
|  45|0x0000000082d00000, 0x0000000082e00000, 0x0000000082e00000|100%|HS|  |TAMS 0x0000000082e00000, 0x0000000082e00000| Complete 
|  46|0x0000000082e00000, 0x0000000082f00000, 0x0000000082f00000|100%|HC|  |TAMS 0x0000000082f00000, 0x0000000082f00000| Complete 
|  47|0x0000000082f00000, 0x0000000083000000, 0x0000000083000000|100%| O|  |TAMS 0x0000000083000000, 0x0000000083000000| Untracked 
|  48|0x0000000083000000, 0x0000000083100000, 0x0000000083100000|100%| O|  |TAMS 0x0000000083100000, 0x0000000083100000| Untracked 
|  49|0x0000000083100000, 0x0000000083200000, 0x0000000083200000|100%| O|  |TAMS 0x0000000083200000, 0x0000000083200000| Untracked 
|  50|0x0000000083200000, 0x0000000083300000, 0x0000000083300000|100%| O|  |TAMS 0x0000000083200000, 0x0000000083300000| Untracked 
|  51|0x0000000083300000, 0x0000000083400000, 0x0000000083400000|100%| O|  |TAMS 0x0000000083400000, 0x0000000083400000| Untracked 
|  52|0x0000000083400000, 0x0000000083500000, 0x0000000083500000|100%| O|  |TAMS 0x0000000083500000, 0x0000000083500000| Untracked 
|  53|0x0000000083500000, 0x0000000083600000, 0x0000000083600000|100%| O|  |TAMS 0x0000000083600000, 0x0000000083600000| Untracked 
|  54|0x0000000083600000, 0x0000000083700000, 0x0000000083700000|100%| O|  |TAMS 0x0000000083700000, 0x0000000083700000| Untracked 
|  55|0x0000000083700000, 0x0000000083800000, 0x0000000083800000|100%|HS|  |TAMS 0x0000000083800000, 0x0000000083800000| Complete 
|  56|0x0000000083800000, 0x0000000083900000, 0x0000000083900000|100%|HC|  |TAMS 0x0000000083900000, 0x0000000083900000| Complete 
|  57|0x0000000083900000, 0x0000000083a00000, 0x0000000083a00000|100%|HC|  |TAMS 0x0000000083a00000, 0x0000000083a00000| Complete 
|  58|0x0000000083a00000, 0x0000000083b00000, 0x0000000083b00000|100%| O|  |TAMS 0x0000000083b00000, 0x0000000083b00000| Untracked 
|  59|0x0000000083b00000, 0x0000000083c00000, 0x0000000083c00000|100%| O|  |TAMS 0x0000000083c00000, 0x0000000083c00000| Untracked 
|  60|0x0000000083c00000, 0x0000000083c00000, 0x0000000083d00000|  0%| F|  |TAMS 0x0000000083c00000, 0x0000000083c00000| Untracked 
|  61|0x0000000083d00000, 0x0000000083e00000, 0x0000000083e00000|100%| O|  |TAMS 0x0000000083e00000, 0x0000000083e00000| Untracked 
|  62|0x0000000083e00000, 0x0000000083f00000, 0x0000000083f00000|100%| O|  |TAMS 0x0000000083f00000, 0x0000000083f00000| Untracked 
|  63|0x0000000083f00000, 0x0000000084000000, 0x0000000084000000|100%| O|  |TAMS 0x0000000084000000, 0x0000000084000000| Untracked 
|  64|0x0000000084000000, 0x0000000084100000, 0x0000000084100000|100%| O|  |TAMS 0x0000000084100000, 0x0000000084100000| Untracked 
|  65|0x0000000084100000, 0x0000000084200000, 0x0000000084200000|100%| O|  |TAMS 0x0000000084200000, 0x0000000084200000| Untracked 
|  66|0x0000000084200000, 0x0000000084300000, 0x0000000084300000|100%| O|  |TAMS 0x0000000084300000, 0x0000000084300000| Untracked 
|  67|0x0000000084300000, 0x0000000084400000, 0x0000000084400000|100%| O|  |TAMS 0x0000000084400000, 0x0000000084400000| Untracked 
|  68|0x0000000084400000, 0x0000000084500000, 0x0000000084500000|100%| O|  |TAMS 0x0000000084500000, 0x0000000084500000| Untracked 
|  69|0x0000000084500000, 0x0000000084600000, 0x0000000084600000|100%| O|  |TAMS 0x0000000084600000, 0x0000000084600000| Untracked 
|  70|0x0000000084600000, 0x0000000084700000, 0x0000000084700000|100%| O|  |TAMS 0x00000000846ccc00, 0x0000000084700000| Untracked 
|  71|0x0000000084700000, 0x0000000084800000, 0x0000000084800000|100%|HS|  |TAMS 0x0000000084700000, 0x0000000084800000| Complete 
|  72|0x0000000084800000, 0x0000000084900000, 0x0000000084900000|100%|HC|  |TAMS 0x0000000084800000, 0x0000000084900000| Complete 
|  73|0x0000000084900000, 0x0000000084a00000, 0x0000000084a00000|100%|HS|  |TAMS 0x0000000084900000, 0x0000000084a00000| Complete 
|  74|0x0000000084a00000, 0x0000000084b00000, 0x0000000084b00000|100%|HC|  |TAMS 0x0000000084a00000, 0x0000000084b00000| Complete 
|  75|0x0000000084b00000, 0x0000000084c00000, 0x0000000084c00000|100%|HS|  |TAMS 0x0000000084b00000, 0x0000000084c00000| Complete 
|  76|0x0000000084c00000, 0x0000000084d00000, 0x0000000084d00000|100%|HC|  |TAMS 0x0000000084c00000, 0x0000000084d00000| Complete 
|  77|0x0000000084d00000, 0x0000000084e00000, 0x0000000084e00000|100%|HC|  |TAMS 0x0000000084d00000, 0x0000000084e00000| Complete 
|  78|0x0000000084e00000, 0x0000000084f00000, 0x0000000084f00000|100%|HC|  |TAMS 0x0000000084e00000, 0x0000000084f00000| Complete 
|  79|0x0000000084f00000, 0x0000000085000000, 0x0000000085000000|100%|HS|  |TAMS 0x0000000084f00000, 0x0000000085000000| Complete 
|  80|0x0000000085000000, 0x0000000085100000, 0x0000000085100000|100%|HC|  |TAMS 0x0000000085000000, 0x0000000085100000| Complete 
|  81|0x0000000085100000, 0x0000000085200000, 0x0000000085200000|100%|HC|  |TAMS 0x0000000085100000, 0x0000000085200000| Complete 
|  82|0x0000000085200000, 0x0000000085300000, 0x0000000085300000|100%|HC|  |TAMS 0x0000000085200000, 0x0000000085300000| Complete 
|  83|0x0000000085300000, 0x0000000085400000, 0x0000000085400000|100%| O|  |TAMS 0x0000000085300000, 0x0000000085400000| Untracked 
|  84|0x0000000085400000, 0x0000000085500000, 0x0000000085500000|100%| O|  |TAMS 0x0000000085400000, 0x0000000085500000| Untracked 
|  85|0x0000000085500000, 0x0000000085600000, 0x0000000085600000|100%| O|  |TAMS 0x0000000085500000, 0x0000000085600000| Untracked 
|  86|0x0000000085600000, 0x0000000085700000, 0x0000000085700000|100%| O|  |TAMS 0x0000000085600000, 0x0000000085700000| Untracked 
|  87|0x0000000085700000, 0x0000000085800000, 0x0000000085800000|100%| O|  |TAMS 0x0000000085700000, 0x0000000085800000| Untracked 
|  88|0x0000000085800000, 0x0000000085900000, 0x0000000085900000|100%| O|  |TAMS 0x0000000085800000, 0x0000000085900000| Untracked 
|  89|0x0000000085900000, 0x0000000085932600, 0x0000000085a00000| 19%| O|  |TAMS 0x0000000085900000, 0x0000000085932600| Untracked 
|  90|0x0000000085a00000, 0x0000000085a00000, 0x0000000085b00000|  0%| F|  |TAMS 0x0000000085a00000, 0x0000000085a00000| Untracked 
|  91|0x0000000085b00000, 0x0000000085b00000, 0x0000000085c00000|  0%| F|  |TAMS 0x0000000085b00000, 0x0000000085b00000| Untracked 
|  92|0x0000000085c00000, 0x0000000085c00000, 0x0000000085d00000|  0%| F|  |TAMS 0x0000000085c00000, 0x0000000085c00000| Untracked 
|  93|0x0000000085d00000, 0x0000000085d00000, 0x0000000085e00000|  0%| F|  |TAMS 0x0000000085d00000, 0x0000000085d00000| Untracked 
|  94|0x0000000085e00000, 0x0000000085e00000, 0x0000000085f00000|  0%| F|  |TAMS 0x0000000085e00000, 0x0000000085e00000| Untracked 
|  95|0x0000000085f00000, 0x0000000085f00000, 0x0000000086000000|  0%| F|  |TAMS 0x0000000085f00000, 0x0000000085f00000| Untracked 
|  96|0x0000000086000000, 0x0000000086000000, 0x0000000086100000|  0%| F|  |TAMS 0x0000000086000000, 0x0000000086000000| Untracked 
|  97|0x0000000086100000, 0x0000000086100000, 0x0000000086200000|  0%| F|  |TAMS 0x0000000086100000, 0x0000000086100000| Untracked 
|  98|0x0000000086200000, 0x0000000086200000, 0x0000000086300000|  0%| F|  |TAMS 0x0000000086200000, 0x0000000086200000| Untracked 
|  99|0x0000000086300000, 0x0000000086300000, 0x0000000086400000|  0%| F|  |TAMS 0x0000000086300000, 0x0000000086300000| Untracked 
| 100|0x0000000086400000, 0x0000000086400000, 0x0000000086500000|  0%| F|  |TAMS 0x0000000086400000, 0x0000000086400000| Untracked 
| 101|0x0000000086500000, 0x0000000086500000, 0x0000000086600000|  0%| F|  |TAMS 0x0000000086500000, 0x0000000086500000| Untracked 
| 102|0x0000000086600000, 0x0000000086600000, 0x0000000086700000|  0%| F|  |TAMS 0x0000000086600000, 0x0000000086600000| Untracked 
| 103|0x0000000086700000, 0x0000000086700000, 0x0000000086800000|  0%| F|  |TAMS 0x0000000086700000, 0x0000000086700000| Untracked 
| 104|0x0000000086800000, 0x0000000086800000, 0x0000000086900000|  0%| F|  |TAMS 0x0000000086800000, 0x0000000086800000| Untracked 
| 105|0x0000000086900000, 0x0000000086900000, 0x0000000086a00000|  0%| F|  |TAMS 0x0000000086900000, 0x0000000086900000| Untracked 
| 106|0x0000000086a00000, 0x0000000086a00000, 0x0000000086b00000|  0%| F|  |TAMS 0x0000000086a00000, 0x0000000086a00000| Untracked 
| 107|0x0000000086b00000, 0x0000000086b00000, 0x0000000086c00000|  0%| F|  |TAMS 0x0000000086b00000, 0x0000000086b00000| Untracked 
| 108|0x0000000086c00000, 0x0000000086c00000, 0x0000000086d00000|  0%| F|  |TAMS 0x0000000086c00000, 0x0000000086c00000| Untracked 
| 109|0x0000000086d00000, 0x0000000086d00000, 0x0000000086e00000|  0%| F|  |TAMS 0x0000000086d00000, 0x0000000086d00000| Untracked 
| 110|0x0000000086e00000, 0x0000000086ef98e0, 0x0000000086f00000| 97%| S|CS|TAMS 0x0000000086e00000, 0x0000000086e00000| Complete 
| 111|0x0000000086f00000, 0x0000000086f00000, 0x0000000087000000|  0%| F|  |TAMS 0x0000000086f00000, 0x0000000086f00000| Untracked 
| 112|0x0000000087000000, 0x0000000087000000, 0x0000000087100000|  0%| F|  |TAMS 0x0000000087000000, 0x0000000087000000| Untracked 
| 113|0x0000000087100000, 0x0000000087100000, 0x0000000087200000|  0%| F|  |TAMS 0x0000000087100000, 0x0000000087100000| Untracked 
| 114|0x0000000087200000, 0x0000000087200000, 0x0000000087300000|  0%| F|  |TAMS 0x0000000087200000, 0x0000000087200000| Untracked 
| 115|0x0000000087300000, 0x0000000087300000, 0x0000000087400000|  0%| F|  |TAMS 0x0000000087300000, 0x0000000087300000| Untracked 
| 116|0x0000000087400000, 0x0000000087400000, 0x0000000087500000|  0%| F|  |TAMS 0x0000000087400000, 0x0000000087400000| Untracked 
| 117|0x0000000087500000, 0x0000000087500000, 0x0000000087600000|  0%| F|  |TAMS 0x0000000087500000, 0x0000000087500000| Untracked 
| 118|0x0000000087600000, 0x0000000087600000, 0x0000000087700000|  0%| F|  |TAMS 0x0000000087600000, 0x0000000087600000| Untracked 
| 119|0x0000000087700000, 0x0000000087700000, 0x0000000087800000|  0%| F|  |TAMS 0x0000000087700000, 0x0000000087700000| Untracked 
| 120|0x0000000087800000, 0x0000000087800000, 0x0000000087900000|  0%| F|  |TAMS 0x0000000087800000, 0x0000000087800000| Untracked 
| 121|0x0000000087900000, 0x0000000087900000, 0x0000000087a00000|  0%| F|  |TAMS 0x0000000087900000, 0x0000000087900000| Untracked 
| 122|0x0000000087a00000, 0x0000000087a00000, 0x0000000087b00000|  0%| F|  |TAMS 0x0000000087a00000, 0x0000000087a00000| Untracked 
| 123|0x0000000087b00000, 0x0000000087b00000, 0x0000000087c00000|  0%| F|  |TAMS 0x0000000087b00000, 0x0000000087b00000| Untracked 
| 124|0x0000000087c00000, 0x0000000087c00000, 0x0000000087d00000|  0%| F|  |TAMS 0x0000000087c00000, 0x0000000087c00000| Untracked 
| 125|0x0000000087d00000, 0x0000000087d00000, 0x0000000087e00000|  0%| F|  |TAMS 0x0000000087d00000, 0x0000000087d00000| Untracked 
| 126|0x0000000087e00000, 0x0000000087e00000, 0x0000000087f00000|  0%| F|  |TAMS 0x0000000087e00000, 0x0000000087e00000| Untracked 
| 127|0x0000000087f00000, 0x0000000087f00000, 0x0000000088000000|  0%| F|  |TAMS 0x0000000087f00000, 0x0000000087f00000| Untracked 
| 195|0x000000008c300000, 0x000000008c300000, 0x000000008c400000|  0%| F|  |TAMS 0x000000008c300000, 0x000000008c300000| Untracked 
| 196|0x000000008c400000, 0x000000008c400000, 0x000000008c500000|  0%| F|  |TAMS 0x000000008c400000, 0x000000008c400000| Untracked 
| 197|0x000000008c500000, 0x000000008c500000, 0x000000008c600000|  0%| F|  |TAMS 0x000000008c500000, 0x000000008c500000| Untracked 
| 198|0x000000008c600000, 0x000000008c600000, 0x000000008c700000|  0%| F|  |TAMS 0x000000008c600000, 0x000000008c600000| Untracked 
| 199|0x000000008c700000, 0x000000008c700000, 0x000000008c800000|  0%| F|  |TAMS 0x000000008c700000, 0x000000008c700000| Untracked 
| 200|0x000000008c800000, 0x000000008c800000, 0x000000008c900000|  0%| F|  |TAMS 0x000000008c800000, 0x000000008c800000| Untracked 
| 201|0x000000008c900000, 0x000000008c900000, 0x000000008ca00000|  0%| F|  |TAMS 0x000000008c900000, 0x000000008c900000| Untracked 
| 202|0x000000008ca00000, 0x000000008ca00000, 0x000000008cb00000|  0%| F|  |TAMS 0x000000008ca00000, 0x000000008ca00000| Untracked 
| 203|0x000000008cb00000, 0x000000008cb00000, 0x000000008cc00000|  0%| F|  |TAMS 0x000000008cb00000, 0x000000008cb00000| Untracked 
| 251|0x000000008fb00000, 0x000000008fb00000, 0x000000008fc00000|  0%| F|  |TAMS 0x000000008fb00000, 0x000000008fb00000| Untracked 

Card table byte_map: [0x000001d1dac70000,0x000001d1db070000] _byte_map_base: 0x000001d1da870000

Marking Bits (Prev, Next): (CMBitMap*) 0x000001d1c7eb9b50, (CMBitMap*) 0x000001d1c7eb9b10
 Prev Bits: [0x000001d1dd470000, 0x000001d1df470000)
 Next Bits: [0x000001d1db470000, 0x000001d1dd470000)

Polling page: 0x000001d1c7620000

Metaspace:

Usage:
  Non-class:     55.74 MB used.
      Class:      8.91 MB used.
       Both:     64.65 MB used.

Virtual space:
  Non-class space:       64.00 MB reserved,      56.12 MB ( 88%) committed,  8 nodes.
      Class space:        1.00 GB reserved,       9.25 MB ( <1%) committed,  1 nodes.
             Both:        1.06 GB reserved,      65.38 MB (  6%) committed. 

Chunk freelists:
   Non-Class:  3.83 MB
       Class:  2.59 MB
        Both:  6.42 MB

MaxMetaspaceSize: unlimited
CompressedClassSpaceSize: 1.00 GB
Initial GC threshold: 21.00 MB
Current GC threshold: 100.44 MB
CDS: off
MetaspaceReclaimPolicy: balanced
 - commit_granule_bytes: 65536.
 - commit_granule_words: 8192.
 - virtual_space_node_default_size: 1048576.
 - enlarge_chunks_in_place: 1.
 - new_chunks_are_fully_committed: 0.
 - uncommit_free_chunks: 1.
 - use_allocation_guard: 0.
 - handle_deallocations: 1.


Internal statistics:

num_allocs_failed_limit: 3.
num_arena_births: 842.
num_arena_deaths: 0.
num_vsnodes_births: 9.
num_vsnodes_deaths: 0.
num_space_committed: 1046.
num_space_uncommitted: 0.
num_chunks_returned_to_freelist: 3.
num_chunks_taken_from_freelist: 3185.
num_chunk_merges: 3.
num_chunk_splits: 2057.
num_chunks_enlarged: 1305.
num_purges: 0.
num_inconsistent_stats: 0.

CodeHeap 'non-profiled nmethods': size=120000Kb used=3329Kb max_used=3329Kb free=116671Kb
 bounds [0x000001d1d2df0000, 0x000001d1d3140000, 0x000001d1da320000]
CodeHeap 'profiled nmethods': size=120000Kb used=10333Kb max_used=10336Kb free=109666Kb
 bounds [0x000001d1cb320000, 0x000001d1cbd60000, 0x000001d1d2850000]
CodeHeap 'non-nmethods': size=5760Kb used=2344Kb max_used=2387Kb free=3415Kb
 bounds [0x000001d1d2850000, 0x000001d1d2ac0000, 0x000001d1d2df0000]
 total_blobs=6252 nmethods=5386 adapters=778
 compilation: enabled
              stopped_count=0, restarted_count=0
 full_count=0

Compilation events (20 events):
Event: 10.219 Thread 0x000001d1e2ca7b80 nmethod 6200 0x000001d1cb38d710 code [0x000001d1cb38d8e0, 0x000001d1cb38dc38]
Event: 10.219 Thread 0x000001d1e2ca7b80 6202       3       kotlin.reflect.jvm.internal.impl.name.FqName::<init> (18 bytes)
Event: 10.219 Thread 0x000001d1e2ca7b80 nmethod 6202 0x000001d1cb38d210 code [0x000001d1cb38d3c0, 0x000001d1cb38d5e8]
Event: 10.219 Thread 0x000001d1e2ca7b80 6203       3       kotlin.reflect.jvm.internal.impl.name.FqName::<init> (26 bytes)
Event: 10.219 Thread 0x000001d1e2ca7b80 nmethod 6203 0x000001d1cb38ca10 code [0x000001d1cb38cbe0, 0x000001d1cb38d078]
Event: 10.222 Thread 0x000001d1e2ca7190 nmethod 6182 0x000001d1d312de10 code [0x000001d1d312e060, 0x000001d1d312f3d0]
Event: 10.222 Thread 0x000001d1e2ca7190 6191       4       com.google.common.cache.CacheBuilder$1::recordHits (1 bytes)
Event: 10.223 Thread 0x000001d1e2ca7190 nmethod 6191 0x000001d1d3130110 code [0x000001d1d3130280, 0x000001d1d31302f8]
Event: 10.223 Thread 0x000001d1e2ca7b80 6204       3       com.google.common.cache.LocalCache$LoadingValueReference::get (10 bytes)
Event: 10.223 Thread 0x000001d1e2ca7b80 nmethod 6204 0x000001d1cb38c590 code [0x000001d1cb38c740, 0x000001d1cb38c908]
Event: 10.223 Thread 0x000001d1e2ca7b80 6205       3       com.google.common.cache.LocalCache$LoadingValueReference::isActive (10 bytes)
Event: 10.223 Thread 0x000001d1e2ca7b80 nmethod 6205 0x000001d1cb38c110 code [0x000001d1cb38c2c0, 0x000001d1cb38c488]
Event: 10.236 Thread 0x000001d1e2ca7b80 6206       3       org.gradle.internal.typeconversion.NotationConverterToNotationParserAdapter::parseNotation (41 bytes)
Event: 10.237 Thread 0x000001d1e2ca7b80 nmethod 6206 0x000001d1cb38b710 code [0x000001d1cb38b8e0, 0x000001d1cb38bd78]
Event: 10.237 Thread 0x000001d1e2ca7b80 6207       3       org.gradle.internal.typeconversion.NotationConverterToNotationParserAdapter$ResultImpl::<init> (5 bytes)
Event: 10.237 Thread 0x000001d1e2ca7b80 nmethod 6207 0x000001d1cb453110 code [0x000001d1cb4532c0, 0x000001d1cb453478]
Event: 10.242 Thread 0x000001d1e2ca7b80 6208       3       java.lang.String::lastIndexOf (18 bytes)
Event: 10.242 Thread 0x000001d1e2ca7b80 nmethod 6208 0x000001d1cb452b10 code [0x000001d1cb452ce0, 0x000001d1cb452fa8]
Event: 10.246 Thread 0x000001d1e2ca7b80 6209       3       org.gradle.util.Path::getPath (20 bytes)
Event: 10.247 Thread 0x000001d1e2ca7b80 nmethod 6209 0x000001d1cb452690 code [0x000001d1cb452840, 0x000001d1cb452a28]

GC Heap History (20 events):
Event: 6.383 GC heap after
{Heap after GC invocations=18 (full 0):
 garbage-first heap   total 109568K, used 61040K [0x0000000080000000, 0x0000000100000000)
  region size 1024K, 4 young (4096K), 4 survivors (4096K)
 Metaspace       used 47290K, committed 47808K, reserved 1097728K
  class space    used 6329K, committed 6592K, reserved 1048576K
}
Event: 6.437 GC heap before
{Heap before GC invocations=19 (full 0):
 garbage-first heap   total 111616K, used 67184K [0x0000000080000000, 0x0000000100000000)
  region size 1024K, 9 young (9216K), 4 survivors (4096K)
 Metaspace       used 47610K, committed 48128K, reserved 1097728K
  class space    used 6353K, committed 6592K, reserved 1048576K
}
Event: 6.440 GC heap after
{Heap after GC invocations=20 (full 0):
 garbage-first heap   total 111616K, used 65662K [0x0000000080000000, 0x0000000100000000)
  region size 1024K, 2 young (2048K), 2 survivors (2048K)
 Metaspace       used 47610K, committed 48128K, reserved 1097728K
  class space    used 6353K, committed 6592K, reserved 1048576K
}
Event: 6.940 GC heap before
{Heap before GC invocations=21 (full 0):
 garbage-first heap   total 117760K, used 88190K [0x0000000080000000, 0x0000000100000000)
  region size 1024K, 23 young (23552K), 2 survivors (2048K)
 Metaspace       used 50122K, committed 50624K, reserved 1097728K
  class space    used 6578K, committed 6784K, reserved 1048576K
}
Event: 6.943 GC heap after
{Heap after GC invocations=22 (full 0):
 garbage-first heap   total 141312K, used 67490K [0x0000000080000000, 0x0000000100000000)
  region size 1024K, 3 young (3072K), 3 survivors (3072K)
 Metaspace       used 50122K, committed 50624K, reserved 1097728K
  class space    used 6578K, committed 6784K, reserved 1048576K
}
Event: 7.036 GC heap before
{Heap before GC invocations=22 (full 0):
 garbage-first heap   total 141312K, used 70562K [0x0000000080000000, 0x0000000100000000)
  region size 1024K, 6 young (6144K), 3 survivors (3072K)
 Metaspace       used 50575K, committed 51136K, reserved 1097728K
  class space    used 6657K, committed 6912K, reserved 1048576K
}
Event: 7.041 GC heap after
{Heap after GC invocations=23 (full 0):
 garbage-first heap   total 141312K, used 67909K [0x0000000080000000, 0x0000000100000000)
  region size 1024K, 1 young (1024K), 1 survivors (1024K)
 Metaspace       used 50575K, committed 51136K, reserved 1097728K
  class space    used 6657K, committed 6912K, reserved 1048576K
}
Event: 7.973 GC heap before
{Heap before GC invocations=23 (full 0):
 garbage-first heap   total 141312K, used 107845K [0x0000000080000000, 0x0000000100000000)
  region size 1024K, 41 young (41984K), 1 survivors (1024K)
 Metaspace       used 55381K, committed 56000K, reserved 1097728K
  class space    used 7428K, committed 7680K, reserved 1048576K
}
Event: 7.977 GC heap after
{Heap after GC invocations=24 (full 0):
 garbage-first heap   total 141312K, used 70488K [0x0000000080000000, 0x0000000100000000)
  region size 1024K, 3 young (3072K), 3 survivors (3072K)
 Metaspace       used 55381K, committed 56000K, reserved 1097728K
  class space    used 7428K, committed 7680K, reserved 1048576K
}
Event: 8.843 GC heap before
{Heap before GC invocations=25 (full 0):
 garbage-first heap   total 141312K, used 111448K [0x0000000080000000, 0x0000000100000000)
  region size 1024K, 43 young (44032K), 3 survivors (3072K)
 Metaspace       used 58463K, committed 59200K, reserved 1105920K
  class space    used 8020K, committed 8320K, reserved 1048576K
}
Event: 8.847 GC heap after
{Heap after GC invocations=26 (full 0):
 garbage-first heap   total 141312K, used 72114K [0x0000000080000000, 0x0000000100000000)
  region size 1024K, 5 young (5120K), 5 survivors (5120K)
 Metaspace       used 58463K, committed 59200K, reserved 1105920K
  class space    used 8020K, committed 8320K, reserved 1048576K
}
Event: 8.862 GC heap before
{Heap before GC invocations=26 (full 0):
 garbage-first heap   total 141312K, used 73138K [0x0000000080000000, 0x0000000100000000)
  region size 1024K, 6 young (6144K), 5 survivors (5120K)
 Metaspace       used 58490K, committed 59200K, reserved 1105920K
  class space    used 8025K, committed 8320K, reserved 1048576K
}
Event: 8.868 GC heap after
{Heap after GC invocations=27 (full 0):
 garbage-first heap   total 141312K, used 72088K [0x0000000080000000, 0x0000000100000000)
  region size 1024K, 1 young (1024K), 1 survivors (1024K)
 Metaspace       used 58490K, committed 59200K, reserved 1105920K
  class space    used 8025K, committed 8320K, reserved 1048576K
}
Event: 9.469 GC heap before
{Heap before GC invocations=27 (full 0):
 garbage-first heap   total 141312K, used 101784K [0x0000000080000000, 0x0000000100000000)
  region size 1024K, 32 young (32768K), 1 survivors (1024K)
 Metaspace       used 60983K, committed 61696K, reserved 1105920K
  class space    used 8414K, committed 8704K, reserved 1048576K
}
Event: 9.473 GC heap after
{Heap after GC invocations=28 (full 0):
 garbage-first heap   total 141312K, used 74897K [0x0000000080000000, 0x0000000100000000)
  region size 1024K, 4 young (4096K), 4 survivors (4096K)
 Metaspace       used 60983K, committed 61696K, reserved 1105920K
  class space    used 8414K, committed 8704K, reserved 1048576K
}
Event: 9.942 GC heap before
{Heap before GC invocations=29 (full 0):
 garbage-first heap   total 141312K, used 125073K [0x0000000080000000, 0x0000000100000000)
  region size 1024K, 41 young (41984K), 4 survivors (4096K)
 Metaspace       used 63860K, committed 64640K, reserved 1105920K
  class space    used 8790K, committed 9152K, reserved 1048576K
}
Event: 9.947 GC heap after
{Heap after GC invocations=30 (full 0):
 garbage-first heap   total 141312K, used 90475K [0x0000000080000000, 0x0000000100000000)
  region size 1024K, 4 young (4096K), 4 survivors (4096K)
 Metaspace       used 63860K, committed 64640K, reserved 1105920K
  class space    used 8790K, committed 9152K, reserved 1048576K
}
Event: 9.972 GC heap before
{Heap before GC invocations=30 (full 0):
 garbage-first heap   total 141312K, used 92523K [0x0000000080000000, 0x0000000100000000)
  region size 1024K, 6 young (6144K), 4 survivors (4096K)
 Metaspace       used 64012K, committed 64768K, reserved 1105920K
  class space    used 8808K, committed 9152K, reserved 1048576K
}
Event: 9.976 GC heap after
{Heap after GC invocations=31 (full 0):
 garbage-first heap   total 141312K, used 90513K [0x0000000080000000, 0x0000000100000000)
  region size 1024K, 1 young (1024K), 1 survivors (1024K)
 Metaspace       used 64012K, committed 64768K, reserved 1105920K
  class space    used 8808K, committed 9152K, reserved 1048576K
}
Event: 10.247 GC heap before
{Heap before GC invocations=31 (full 0):
 garbage-first heap   total 141312K, used 116113K [0x0000000080000000, 0x0000000100000000)
  region size 1024K, 27 young (27648K), 1 survivors (1024K)
 Metaspace       used 66198K, committed 66944K, reserved 1114112K
  class space    used 9124K, committed 9472K, reserved 1048576K
}

Dll operation events (3 events):
Event: 0.009 Loaded shared library C:\Progs\Android\Android Studio\jbr\bin\java.dll
Event: 0.148 Loaded shared library C:\Progs\Android\Android Studio\jbr\bin\zip.dll
Event: 0.438 Loaded shared library C:\Progs\Android\Android Studio\jbr\bin\verify.dll

Deoptimization events (20 events):
Event: 10.074 Thread 0x000001d1e448cf50 Uncommon trap: trap_request=0xffffffde fr.pc=0x000001d1d31087cc relative=0x0000000000000acc
Event: 10.074 Thread 0x000001d1e448cf50 Uncommon trap: reason=class_check action=maybe_recompile pc=0x000001d1d31087cc method=org.gradle.internal.instantiation.generator.AbstractClassGenerator$InjectionAnnotationValidator.validateMethod(Ljava/lang/reflect/Method;Lorg/gradle/internal/reflect/Pro
Event: 10.074 Thread 0x000001d1e448cf50 DEOPT PACKING pc=0x000001d1d31087cc sp=0x000000bc4a8f2300
Event: 10.074 Thread 0x000001d1e448cf50 DEOPT UNPACKING pc=0x000001d1d28a69a3 sp=0x000000bc4a8f2300 mode 2
Event: 10.074 Thread 0x000001d1e448cf50 Uncommon trap: trap_request=0xffffffde fr.pc=0x000001d1d2f2f38c relative=0x0000000000004c8c
Event: 10.074 Thread 0x000001d1e448cf50 Uncommon trap: reason=class_check action=maybe_recompile pc=0x000001d1d2f2f38c method=com.google.common.reflect.TypeVisitor.visit([Ljava/lang/reflect/Type;)V @ 99 c2
Event: 10.074 Thread 0x000001d1e448cf50 DEOPT PACKING pc=0x000001d1d2f2f38c sp=0x000000bc4a8f2050
Event: 10.074 Thread 0x000001d1e448cf50 DEOPT UNPACKING pc=0x000001d1d28a69a3 sp=0x000000bc4a8f2070 mode 2
Event: 10.074 Thread 0x000001d1e448cf50 Uncommon trap: trap_request=0xffffffde fr.pc=0x000001d1d2f30750 relative=0x0000000000006050
Event: 10.074 Thread 0x000001d1e448cf50 Uncommon trap: reason=class_check action=maybe_recompile pc=0x000001d1d2f30750 method=com.google.common.reflect.TypeVisitor.visit([Ljava/lang/reflect/Type;)V @ 96 c2
Event: 10.074 Thread 0x000001d1e448cf50 DEOPT PACKING pc=0x000001d1d2f30750 sp=0x000000bc4a8f2050
Event: 10.074 Thread 0x000001d1e448cf50 DEOPT UNPACKING pc=0x000001d1d28a69a3 sp=0x000000bc4a8f2070 mode 2
Event: 10.074 Thread 0x000001d1e448cf50 Uncommon trap: trap_request=0xffffffde fr.pc=0x000001d1d2f30750 relative=0x0000000000006050
Event: 10.074 Thread 0x000001d1e448cf50 Uncommon trap: reason=class_check action=maybe_recompile pc=0x000001d1d2f30750 method=com.google.common.reflect.TypeVisitor.visit([Ljava/lang/reflect/Type;)V @ 96 c2
Event: 10.074 Thread 0x000001d1e448cf50 DEOPT PACKING pc=0x000001d1d2f30750 sp=0x000000bc4a8f1ff0
Event: 10.074 Thread 0x000001d1e448cf50 DEOPT UNPACKING pc=0x000001d1d28a69a3 sp=0x000000bc4a8f2010 mode 2
Event: 10.241 Thread 0x000001d1e448cf50 Uncommon trap: trap_request=0xffffff45 fr.pc=0x000001d1d2e19104 relative=0x0000000000000644
Event: 10.241 Thread 0x000001d1e448cf50 Uncommon trap: reason=unstable_if action=reinterpret pc=0x000001d1d2e19104 method=java.lang.String.regionMatches(ZILjava/lang/String;II)Z @ 1 c2
Event: 10.241 Thread 0x000001d1e448cf50 DEOPT PACKING pc=0x000001d1d2e19104 sp=0x000000bc4a8f3a60
Event: 10.241 Thread 0x000001d1e448cf50 DEOPT UNPACKING pc=0x000001d1d28a69a3 sp=0x000000bc4a8f3a08 mode 2

Classes unloaded (0 events):
No events

Classes redefined (0 events):
No events

Internal exceptions (20 events):
Event: 9.622 Thread 0x000001d1e448cf50 Exception <a 'java/lang/ClassNotFoundException'{0x000000008c3715a8}: groovy/ant/AntBuilderBeanInfo> (0x000000008c3715a8) 
thrown [s\src\hotspot\share\classfile\systemDictionary.cpp, line 256]
Event: 9.624 Thread 0x000001d1e448cf50 Exception <a 'java/lang/ClassNotFoundException'{0x000000008c3e06d8}: groovy/util/BuilderSupportBeanInfo> (0x000000008c3e06d8) 
thrown [s\src\hotspot\share\classfile\systemDictionary.cpp, line 256]
Event: 9.626 Thread 0x000001d1e448cf50 Exception <a 'java/lang/ClassNotFoundException'{0x0000000087f4f610}: groovy/util/BuilderSupportCustomizer> (0x0000000087f4f610) 
thrown [s\src\hotspot\share\classfile\systemDictionary.cpp, line 256]
Event: 9.627 Thread 0x000001d1e448cf50 Exception <a 'java/lang/ClassNotFoundException'{0x0000000087f709f0}: groovy/ant/AntBuilderCustomizer> (0x0000000087f709f0) 
thrown [s\src\hotspot\share\classfile\systemDictionary.cpp, line 256]
Event: 9.628 Thread 0x000001d1e448cf50 Exception <a 'java/lang/ClassNotFoundException'{0x0000000087f92958}: org/gradle/api/AntBuilderCustomizer> (0x0000000087f92958) 
thrown [s\src\hotspot\share\classfile\systemDictionary.cpp, line 256]
Event: 9.630 Thread 0x000001d1e448cf50 Exception <a 'java/lang/ClassNotFoundException'{0x0000000087fbb5f8}: org/gradle/api/internal/project/ant/BasicAntBuilderCustomizer> (0x0000000087fbb5f8) 
thrown [s\src\hotspot\share\classfile\systemDictionary.cpp, line 256]
Event: 9.633 Thread 0x000001d1e448cf50 Exception <a 'java/lang/ClassNotFoundException'{0x0000000087febab0}: org/gradle/api/internal/project/DefaultAntBuilderCustomizer> (0x0000000087febab0) 
thrown [s\src\hotspot\share\classfile\systemDictionary.cpp, line 256]
Event: 10.053 Thread 0x000001d1e448cf50 Exception <a 'java/lang/NoSuchMethodError'{0x000000008c4ea790}: 'int java.lang.invoke.DirectMethodHandle$Holder.invokeInterface(java.lang.Object, java.lang.Object, java.lang.Object, java.lang.Object)'> (0x000000008c4ea790) 
thrown [s\src\hotspot\share\interpreter\linkResolver.cpp, line 771]
Event: 10.154 Thread 0x000001d1e448cf50 Exception <a 'java/lang/ClassNotFoundException'{0x00000000878725a8}: org/jetbrains/kotlin/gradle/targets/js/npm/DefaultNpmDependencyExtensionBeanInfo> (0x00000000878725a8) 
thrown [s\src\hotspot\share\classfile\systemDictionary.cpp, line 256]
Event: 10.154 Thread 0x000001d1e448cf50 Exception <a 'java/lang/ClassNotFoundException'{0x0000000087881518}: org/jetbrains/kotlin/gradle/targets/js/npm/DefaultNpmDependencyExtensionCustomizer> (0x0000000087881518) 
thrown [s\src\hotspot\share\classfile\systemDictionary.cpp, line 256]
Event: 10.157 Thread 0x000001d1e448cf50 Exception <a 'java/lang/ClassNotFoundException'{0x000000008771d890}: org/jetbrains/kotlin/gradle/targets/js/npm/NpmDependencyExtensionKt$defaultNpmDependencyDelegate$1BeanInfo> (0x000000008771d890) 
thrown [s\src\hotspot\share\classfile\systemDictionary.cpp, line 256]
Event: 10.158 Thread 0x000001d1e448cf50 Exception <a 'java/lang/ClassNotFoundException'{0x000000008772c5f8}: org/jetbrains/kotlin/gradle/targets/js/npm/NpmDependencyExtensionDelegateBeanInfo> (0x000000008772c5f8) 
thrown [s\src\hotspot\share\classfile\systemDictionary.cpp, line 256]
Event: 10.158 Thread 0x000001d1e448cf50 Exception <a 'java/lang/ClassNotFoundException'{0x000000008773b328}: org/jetbrains/kotlin/gradle/targets/js/npm/NpmDependencyExtensionDelegateCustomizer> (0x000000008773b328) 
thrown [s\src\hotspot\share\classfile\systemDictionary.cpp, line 256]
Event: 10.158 Thread 0x000001d1e448cf50 Exception <a 'java/lang/ClassNotFoundException'{0x0000000087765c10}: org/jetbrains/kotlin/gradle/targets/js/npm/NpmDependencyExtensionKt$defaultNpmDependencyDelegate$1Customizer> (0x0000000087765c10) 
thrown [s\src\hotspot\share\classfile\systemDictionary.cpp, line 256]
Event: 10.160 Thread 0x000001d1e448cf50 Exception <a 'java/lang/ClassNotFoundException'{0x00000000877a98c0}: org/jetbrains/kotlin/gradle/targets/js/npm/DefaultDevNpmDependencyExtensionBeanInfo> (0x00000000877a98c0) 
thrown [s\src\hotspot\share\classfile\systemDictionary.cpp, line 256]
Event: 10.160 Thread 0x000001d1e448cf50 Exception <a 'java/lang/ClassNotFoundException'{0x00000000877b85f8}: org/jetbrains/kotlin/gradle/targets/js/npm/DefaultDevNpmDependencyExtensionCustomizer> (0x00000000877b85f8) 
thrown [s\src\hotspot\share\classfile\systemDictionary.cpp, line 256]
Event: 10.162 Thread 0x000001d1e448cf50 Exception <a 'java/lang/ClassNotFoundException'{0x00000000877ff590}: org/jetbrains/kotlin/gradle/targets/js/npm/DefaultPeerNpmDependencyExtensionBeanInfo> (0x00000000877ff590) 
thrown [s\src\hotspot\share\classfile\systemDictionary.cpp, line 256]
Event: 10.163 Thread 0x000001d1e448cf50 Exception <a 'java/lang/ClassNotFoundException'{0x000000008760e7b0}: org/jetbrains/kotlin/gradle/targets/js/npm/DefaultPeerNpmDependencyExtensionCustomizer> (0x000000008760e7b0) 
thrown [s\src\hotspot\share\classfile\systemDictionary.cpp, line 256]
Event: 10.165 Thread 0x000001d1e448cf50 Exception <a 'java/lang/ClassNotFoundException'{0x000000008765c728}: org/jetbrains/kotlin/gradle/targets/js/npm/DefaultPeerNpmDependencyExtension$delegate$1BeanInfo> (0x000000008765c728) 
thrown [s\src\hotspot\share\classfile\systemDictionary.cpp, line 256]
Event: 10.165 Thread 0x000001d1e448cf50 Exception <a 'java/lang/ClassNotFoundException'{0x000000008766b598}: org/jetbrains/kotlin/gradle/targets/js/npm/DefaultPeerNpmDependencyExtension$delegate$1Customizer> (0x000000008766b598) 
thrown [s\src\hotspot\share\classfile\systemDictionary.cpp, line 256]

VM Operations (20 events):
Event: 9.441 Executing VM operation: ICBufferFull done
Event: 9.469 Executing VM operation: G1TryInitiateConcMark
Event: 9.473 Executing VM operation: G1TryInitiateConcMark done
Event: 9.497 Executing VM operation: G1Concurrent
Event: 9.502 Executing VM operation: G1Concurrent done
Event: 9.517 Executing VM operation: G1Concurrent
Event: 9.517 Executing VM operation: G1Concurrent done
Event: 9.523 Executing VM operation: HandshakeAllThreads
Event: 9.523 Executing VM operation: HandshakeAllThreads done
Event: 9.751 Executing VM operation: HandshakeAllThreads
Event: 9.751 Executing VM operation: HandshakeAllThreads done
Event: 9.942 Executing VM operation: G1CollectForAllocation
Event: 9.947 Executing VM operation: G1CollectForAllocation done
Event: 9.972 Executing VM operation: G1CollectForAllocation
Event: 9.976 Executing VM operation: G1CollectForAllocation done
Event: 10.046 Executing VM operation: HandshakeAllThreads
Event: 10.046 Executing VM operation: HandshakeAllThreads done
Event: 10.053 Executing VM operation: HandshakeAllThreads
Event: 10.053 Executing VM operation: HandshakeAllThreads done
Event: 10.247 Executing VM operation: G1CollectForAllocation

Events (20 events):
Event: 9.673 loading class java/time/format/DateTimeTextProvider done
Event: 9.673 loading class java/time/format/DateTimeTextProvider$1
Event: 9.673 loading class java/time/format/DateTimeTextProvider$1 done
Event: 9.673 loading class java/time/format/DateTimeFormatterBuilder$1
Event: 9.674 loading class java/time/format/DateTimeFormatterBuilder$1 done
Event: 9.674 loading class java/time/format/DateTimeFormatterBuilder$TextPrinterParser
Event: 9.674 loading class java/time/format/DateTimeFormatterBuilder$TextPrinterParser done
Event: 9.674 loading class java/time/format/DateTimeFormatterBuilder$WeekBasedFieldPrinterParser
Event: 9.674 loading class java/time/format/DateTimeFormatterBuilder$WeekBasedFieldPrinterParser done
Event: 9.693 loading class com/sun/jmx/mbeanserver/StandardMBeanSupport
Event: 9.693 loading class com/sun/jmx/mbeanserver/StandardMBeanSupport done
Event: 9.693 loading class com/sun/jmx/mbeanserver/StandardMBeanIntrospector
Event: 9.693 loading class com/sun/jmx/mbeanserver/StandardMBeanIntrospector done
Event: 9.749 loading class sun/reflect/ReflectionFactory
Event: 9.749 loading class sun/reflect/ReflectionFactory done
Event: 9.749 loading class sun/reflect/ReflectionFactory$1
Event: 9.749 loading class sun/reflect/ReflectionFactory$1 done
Event: 10.056 Thread 0x000001d1c7e5d540 Thread exited: 0x000001d1c7e5d540
Event: 10.240 loading class java/nio/file/FileTreeWalker$1
Event: 10.240 loading class java/nio/file/FileTreeWalker$1 done


Dynamic libraries:
0x00007ff6cbff0000 - 0x00007ff6cbffa000 	C:\Progs\Android\Android Studio\jbr\bin\java.exe
0x00007ffb1a0b0000 - 0x00007ffb1a2c4000 	C:\Windows\SYSTEM32\ntdll.dll
0x00007ffb18b90000 - 0x00007ffb18c54000 	C:\Windows\System32\KERNEL32.DLL
0x00007ffb17710000 - 0x00007ffb17ab4000 	C:\Windows\System32\KERNELBASE.dll
0x00007ffb17b80000 - 0x00007ffb17c91000 	C:\Windows\System32\ucrtbase.dll
0x00007ffb020a0000 - 0x00007ffb020bb000 	C:\Progs\Android\Android Studio\jbr\bin\VCRUNTIME140.dll
0x00007ffaeae70000 - 0x00007ffaeae87000 	C:\Progs\Android\Android Studio\jbr\bin\jli.dll
0x00007ffb19ab0000 - 0x00007ffb19c5e000 	C:\Windows\System32\USER32.dll
0x00007ffb176e0000 - 0x00007ffb17706000 	C:\Windows\System32\win32u.dll
0x00007ffb19a80000 - 0x00007ffb19aa9000 	C:\Windows\System32\GDI32.dll
0x00007ffaf7f30000 - 0x00007ffaf81c3000 	C:\Windows\WinSxS\amd64_microsoft.windows.common-controls_6595b64144ccf1df_6.0.22621.2215_none_270d72677387dfc3\COMCTL32.dll
0x00007ffb17d20000 - 0x00007ffb17e38000 	C:\Windows\System32\gdi32full.dll
0x00007ffb17640000 - 0x00007ffb176da000 	C:\Windows\System32\msvcp_win.dll
0x00007ffb17f50000 - 0x00007ffb17ff7000 	C:\Windows\System32\msvcrt.dll
0x00007ffb187b0000 - 0x00007ffb187e1000 	C:\Windows\System32\IMM32.DLL
0x00007ffb021a0000 - 0x00007ffb021ac000 	C:\Progs\Android\Android Studio\jbr\bin\vcruntime140_1.dll
0x00007ffad6b70000 - 0x00007ffad6bfd000 	C:\Progs\Android\Android Studio\jbr\bin\msvcp140.dll
0x00007ffabd460000 - 0x00007ffabe0ce000 	C:\Progs\Android\Android Studio\jbr\bin\server\jvm.dll
0x00007ffb17ea0000 - 0x00007ffb17f50000 	C:\Windows\System32\ADVAPI32.dll
0x00007ffb19570000 - 0x00007ffb19616000 	C:\Windows\System32\sechost.dll
0x00007ffb18a60000 - 0x00007ffb18b77000 	C:\Windows\System32\RPCRT4.dll
0x00007ffb0d1b0000 - 0x00007ffb0d1b9000 	C:\Windows\SYSTEM32\WSOCK32.dll
0x00007ffb18730000 - 0x00007ffb187a1000 	C:\Windows\System32\WS2_32.dll
0x00007ffb0eda0000 - 0x00007ffb0edd4000 	C:\Windows\SYSTEM32\WINMM.dll
0x00007ffb0e610000 - 0x00007ffb0e61a000 	C:\Windows\SYSTEM32\VERSION.dll
0x00007ffb16420000 - 0x00007ffb16438000 	C:\Windows\SYSTEM32\kernel.appcore.dll
0x00007ffb0d1a0000 - 0x00007ffb0d1aa000 	C:\Progs\Android\Android Studio\jbr\bin\jimage.dll
0x00007ffb14b80000 - 0x00007ffb14dae000 	C:\Windows\SYSTEM32\DBGHELP.DLL
0x00007ffb19620000 - 0x00007ffb199aa000 	C:\Windows\System32\combase.dll
0x00007ffb19490000 - 0x00007ffb19567000 	C:\Windows\System32\OLEAUT32.dll
0x00007ffb0be70000 - 0x00007ffb0bea2000 	C:\Windows\SYSTEM32\dbgcore.DLL
0x00007ffb17ca0000 - 0x00007ffb17d1a000 	C:\Windows\System32\bcryptPrimitives.dll
0x00007ffb142b0000 - 0x00007ffb142be000 	C:\Progs\Android\Android Studio\jbr\bin\instrument.dll
0x00007ffae7e40000 - 0x00007ffae7e65000 	C:\Progs\Android\Android Studio\jbr\bin\java.dll
0x00007ffae7e20000 - 0x00007ffae7e38000 	C:\Progs\Android\Android Studio\jbr\bin\zip.dll
0x00007ffb18c60000 - 0x00007ffb19483000 	C:\Windows\System32\SHELL32.dll
0x00007ffb153a0000 - 0x00007ffb15c8a000 	C:\Windows\SYSTEM32\windows.storage.dll
0x00007ffb15260000 - 0x00007ffb1539e000 	C:\Windows\SYSTEM32\wintypes.dll
0x00007ffb18960000 - 0x00007ffb18a53000 	C:\Windows\System32\SHCORE.dll
0x00007ffb19e50000 - 0x00007ffb19eae000 	C:\Windows\System32\shlwapi.dll
0x00007ffb17390000 - 0x00007ffb173b6000 	C:\Windows\SYSTEM32\profapi.dll
0x00007ffae7e00000 - 0x00007ffae7e19000 	C:\Progs\Android\Android Studio\jbr\bin\net.dll
0x00007ffb11180000 - 0x00007ffb112b7000 	C:\Windows\SYSTEM32\WINHTTP.dll
0x00007ffb168e0000 - 0x00007ffb16949000 	C:\Windows\system32\mswsock.dll
0x00007ffae7330000 - 0x00007ffae7346000 	C:\Progs\Android\Android Studio\jbr\bin\nio.dll
0x00007ffb14280000 - 0x00007ffb14290000 	C:\Progs\Android\Android Studio\jbr\bin\verify.dll
0x00007ffb02f90000 - 0x00007ffb02fb7000 	C:\Users\artem\.gradle\native\68d5fa5c4cc2d200863cafc0d521ce42e7d3e7ee720ec0a83991735586a16f82\windows-amd64\native-platform.dll
0x00007ffacd430000 - 0x00007ffacd574000 	C:\Users\artem\.gradle\native\e376f236ea51e6404a007f0833ffe2c6e607c4080706a723a18a27aeea778392\windows-amd64\native-platform-file-events.dll
0x00007ffafca20000 - 0x00007ffafca29000 	C:\Progs\Android\Android Studio\jbr\bin\management.dll
0x00007ffafbfb0000 - 0x00007ffafbfbb000 	C:\Progs\Android\Android Studio\jbr\bin\management_ext.dll
0x00007ffb18b80000 - 0x00007ffb18b88000 	C:\Windows\System32\PSAPI.DLL
0x00007ffb16ca0000 - 0x00007ffb16cbb000 	C:\Windows\SYSTEM32\CRYPTSP.dll
0x00007ffb163e0000 - 0x00007ffb16415000 	C:\Windows\system32\rsaenh.dll
0x00007ffb16980000 - 0x00007ffb169ac000 	C:\Windows\SYSTEM32\USERENV.dll
0x00007ffb16e10000 - 0x00007ffb16e38000 	C:\Windows\SYSTEM32\bcrypt.dll
0x00007ffb16c50000 - 0x00007ffb16c5c000 	C:\Windows\SYSTEM32\CRYPTBASE.dll
0x00007ffb15ee0000 - 0x00007ffb15f0d000 	C:\Windows\SYSTEM32\IPHLPAPI.DLL
0x00007ffb18940000 - 0x00007ffb18949000 	C:\Windows\System32\NSI.dll
0x00007ffb0e620000 - 0x00007ffb0e639000 	C:\Windows\SYSTEM32\dhcpcsvc6.DLL
0x00007ffb0e4b0000 - 0x00007ffb0e4cf000 	C:\Windows\SYSTEM32\dhcpcsvc.DLL
0x00007ffb15f10000 - 0x00007ffb16002000 	C:\Windows\SYSTEM32\DNSAPI.dll
0x00007ffb09b70000 - 0x00007ffb09b78000 	C:\Windows\system32\wshunix.dll

dbghelp: loaded successfully - version: 4.0.5 - missing functions: none
symbol engine: initialized successfully - sym options: 0x614 - pdb path: .;C:\Progs\Android\Android Studio\jbr\bin;C:\Windows\SYSTEM32;C:\Windows\WinSxS\amd64_microsoft.windows.common-controls_6595b64144ccf1df_6.0.22621.2215_none_270d72677387dfc3;C:\Progs\Android\Android Studio\jbr\bin\server;C:\Users\artem\.gradle\native\68d5fa5c4cc2d200863cafc0d521ce42e7d3e7ee720ec0a83991735586a16f82\windows-amd64;C:\Users\artem\.gradle\native\e376f236ea51e6404a007f0833ffe2c6e607c4080706a723a18a27aeea778392\windows-amd64

VM Arguments:
jvm_args: --add-opens=java.base/java.util.concurrent.atomic=ALL-UNNAMED --add-opens=java.base/java.util=ALL-UNNAMED --add-opens=java.base/java.lang=ALL-UNNAMED --add-opens=java.base/java.lang.invoke=ALL-UNNAMED --add-opens=java.prefs/java.util.prefs=ALL-UNNAMED --add-opens=java.base/java.nio.charset=ALL-UNNAMED --add-opens=java.base/java.net=ALL-UNNAMED --add-opens=java.base/java.util.concurrent.atomic=ALL-UNNAMED -Xmx2048M -Dfile.encoding=UTF-8 -Duser.country=RU -Duser.language=ru -Duser.variant -javaagent:C:\Users\artem\.gradle\wrapper\dists\gradle-8.1.1-bin\9wiye5v2saajue4irfo8ybqfp\gradle-8.1.1\lib\agents\gradle-instrumentation-agent-8.1.1.jar 
java_command: org.gradle.launcher.daemon.bootstrap.GradleDaemon 8.1.1
java_class_path (initial): C:\Users\artem\.gradle\wrapper\dists\gradle-8.1.1-bin\9wiye5v2saajue4irfo8ybqfp\gradle-8.1.1\lib\gradle-launcher-8.1.1.jar
Launcher Type: SUN_STANDARD

[Global flags]
     intx CICompilerCount                          = 4                                         {product} {ergonomic}
     uint ConcGCThreads                            = 3                                         {product} {ergonomic}
     uint G1ConcRefinementThreads                  = 10                                        {product} {ergonomic}
   size_t G1HeapRegionSize                         = 1048576                                   {product} {ergonomic}
    uintx GCDrainStackTargetSize                   = 64                                        {product} {ergonomic}
   size_t InitialHeapSize                          = 264241152                                 {product} {ergonomic}
   size_t MarkStackSize                            = 4194304                                   {product} {ergonomic}
   size_t MaxHeapSize                              = 2147483648                                {product} {command line}
   size_t MaxNewSize                               = 1287651328                                {product} {ergonomic}
   size_t MinHeapDeltaBytes                        = 1048576                                   {product} {ergonomic}
   size_t MinHeapSize                              = 8388608                                   {product} {ergonomic}
    uintx NonNMethodCodeHeapSize                   = 5839372                                {pd product} {ergonomic}
    uintx NonProfiledCodeHeapSize                  = 122909434                              {pd product} {ergonomic}
    uintx ProfiledCodeHeapSize                     = 122909434                              {pd product} {ergonomic}
    uintx ReservedCodeCacheSize                    = 251658240                              {pd product} {ergonomic}
     bool SegmentedCodeCache                       = true                                      {product} {ergonomic}
   size_t SoftMaxHeapSize                          = 2147483648                             {manageable} {ergonomic}
     bool UseCompressedClassPointers               = true                           {product lp64_product} {ergonomic}
     bool UseCompressedOops                        = true                           {product lp64_product} {ergonomic}
     bool UseG1GC                                  = true                                      {product} {ergonomic}
     bool UseLargePagesIndividualAllocation        = false                                  {pd product} {ergonomic}

Logging:
Log output configuration:
 #0: stdout all=warning uptime,level,tags
 #1: stderr all=off uptime,level,tags

Environment Variables:
PATH=C:\Progs\Ruby32-x64\bin;C:\Progs\Python3114\Scripts\;C:\Progs\Python3114\;C:\Windows\system32;C:\Windows;C:\Windows\System32\Wbem;C:\Windows\System32\WindowsPowerShell\v1.0\;C:\Windows\System32\OpenSSH\;C:\Progs\Git\cmd;C:\Progs\Git LFS;C:\Program Files\NVIDIA Corporation\NVIDIA NvDLISR;C:\Program Files (x86)\NVIDIA Corporation\PhysX\Common;C:\Program Files\dotnet\;C:\Program Files (x86)\Windows Kits\10\Windows Performance Toolkit\;C:\Users\artem\AppData\Local\Microsoft\WindowsApps;C:\Progs\PyCharm 2023.2\bin;;C:\Progs\IntelliJ IDEA 2023.2\bin;;C:\Progs\CLion 2023.2\bin;;C:\Progs\JetBrains Rider 2023.2\bin;;C:\Users\artem\AppData\Local\GitHubDesktop\bin;C:\Users\artem\.dotnet\tools
USERNAME=artem
OS=Windows_NT
PROCESSOR_IDENTIFIER=Intel64 Family 6 Model 154 Stepping 4, GenuineIntel
TMP=C:\Users\artem\AppData\Local\Temp
TEMP=C:\Users\artem\AppData\Local\Temp


JNI global refs:
JNI global refs: 27, weak refs: 0

JNI global refs memory usage: 843, weak refs: 841


---------------  S Y S T E M  ---------------

OS:
 Windows 11 , 64 bit Build 22621 (10.0.22621.2215)
OS uptime: 13 days 7:35 hours
Hyper-V role detected

CPU: total 12 (initial active 12) (6 cores per cpu, 2 threads per core) family 6 model 154 stepping 4 microcode 0x423, cx8, cmov, fxsr, ht, mmx, 3dnowpref, sse, sse2, sse3, ssse3, sse4.1, sse4.2, popcnt, lzcnt, tsc, tscinvbit, avx, avx2, aes, erms, clmul, bmi1, bmi2, adx, sha, fma, vzeroupper, clflush, clflushopt, clwb, hv

Memory: 4k page, system-wide physical 16057M (661M free)
TotalPageFile size 24057M (AvailPageFile size 70M)
current process WorkingSet (physical memory assigned to process): 332M, peak: 335M
current process commit charge ("private bytes"): 370M, peak: 437M

vm_info: OpenJDK 64-Bit Server VM (17.0.6+0-b2043.56-10027231) for windows-amd64 JRE (17.0.6+0-b2043.56-10027231), built on Apr 28 2023 00:43:19 by "androidbuild" with MS VC++ 16.10 / 16.11 (VS2019)

END.
